INFO - 2023-09-22 00:01:22 --> Session: Class initialized using 'CodeIgniter\Session\Handlers\FileHandler' driver.
INFO - 2023-09-22 00:02:18 --> Session: Class initialized using 'CodeIgniter\Session\Handlers\FileHandler' driver.
INFO - 2023-09-22 00:02:20 --> Session: Class initialized using 'CodeIgniter\Session\Handlers\FileHandler' driver.
INFO - 2023-09-22 00:02:36 --> Session: Class initialized using 'CodeIgniter\Session\Handlers\FileHandler' driver.
INFO - 2023-09-22 00:02:39 --> Session: Class initialized using 'CodeIgniter\Session\Handlers\FileHandler' driver.
INFO - 2023-09-22 00:02:49 --> Session: Class initialized using 'CodeIgniter\Session\Handlers\FileHandler' driver.
INFO - 2023-09-22 00:02:50 --> Session: Class initialized using 'CodeIgniter\Session\Handlers\FileHandler' driver.
INFO - 2023-09-22 00:03:15 --> Session: Class initialized using 'CodeIgniter\Session\Handlers\FileHandler' driver.
INFO - 2023-09-22 00:03:18 --> Session: Class initialized using 'CodeIgniter\Session\Handlers\FileHandler' driver.
INFO - 2023-09-22 01:38:09 --> Session: Class initialized using 'CodeIgniter\Session\Handlers\FileHandler' driver.
INFO - 2023-09-22 01:38:41 --> Session: Class initialized using 'CodeIgniter\Session\Handlers\FileHandler' driver.
INFO - 2023-09-22 01:38:42 --> Session: Class initialized using 'CodeIgniter\Session\Handlers\FileHandler' driver.
INFO - 2023-09-22 01:39:18 --> Session: Class initialized using 'CodeIgniter\Session\Handlers\FileHandler' driver.
INFO - 2023-09-22 01:39:24 --> Session: Class initialized using 'CodeIgniter\Session\Handlers\FileHandler' driver.
INFO - 2023-09-22 01:44:04 --> Session: Class initialized using 'CodeIgniter\Session\Handlers\FileHandler' driver.
INFO - 2023-09-22 01:44:05 --> Session: Class initialized using 'CodeIgniter\Session\Handlers\FileHandler' driver.
INFO - 2023-09-22 01:44:06 --> Session: Class initialized using 'CodeIgniter\Session\Handlers\FileHandler' driver.
INFO - 2023-09-22 01:44:07 --> Session: Class initialized using 'CodeIgniter\Session\Handlers\FileHandler' driver.
INFO - 2023-09-22 01:44:08 --> Session: Class initialized using 'CodeIgniter\Session\Handlers\FileHandler' driver.
INFO - 2023-09-22 01:44:10 --> Session: Class initialized using 'CodeIgniter\Session\Handlers\FileHandler' driver.
INFO - 2023-09-22 01:44:13 --> Session: Class initialized using 'CodeIgniter\Session\Handlers\FileHandler' driver.
INFO - 2023-09-22 01:44:16 --> Session: Class initialized using 'CodeIgniter\Session\Handlers\FileHandler' driver.
INFO - 2023-09-22 01:44:18 --> Session: Class initialized using 'CodeIgniter\Session\Handlers\FileHandler' driver.
INFO - 2023-09-22 01:46:11 --> Session: Class initialized using 'CodeIgniter\Session\Handlers\FileHandler' driver.
INFO - 2023-09-22 01:46:15 --> Session: Class initialized using 'CodeIgniter\Session\Handlers\FileHandler' driver.
INFO - 2023-09-22 01:46:16 --> Session: Class initialized using 'CodeIgniter\Session\Handlers\FileHandler' driver.
INFO - 2023-09-22 01:46:22 --> Session: Class initialized using 'CodeIgniter\Session\Handlers\FileHandler' driver.
INFO - 2023-09-22 01:46:23 --> Session: Class initialized using 'CodeIgniter\Session\Handlers\FileHandler' driver.
INFO - 2023-09-22 01:46:24 --> Session: Class initialized using 'CodeIgniter\Session\Handlers\FileHandler' driver.
INFO - 2023-09-22 01:46:25 --> Session: Class initialized using 'CodeIgniter\Session\Handlers\FileHandler' driver.
INFO - 2023-09-22 01:46:26 --> Session: Class initialized using 'CodeIgniter\Session\Handlers\FileHandler' driver.
INFO - 2023-09-22 01:48:49 --> Session: Class initialized using 'CodeIgniter\Session\Handlers\FileHandler' driver.
INFO - 2023-09-22 01:48:58 --> Session: Class initialized using 'CodeIgniter\Session\Handlers\FileHandler' driver.
INFO - 2023-09-22 01:48:58 --> Session: Class initialized using 'CodeIgniter\Session\Handlers\FileHandler' driver.
INFO - 2023-09-22 01:49:03 --> Session: Class initialized using 'CodeIgniter\Session\Handlers\FileHandler' driver.
CRITICAL - 2023-09-22 01:49:03 --> Object of class stdClass could not be converted to string
in SYSTEMPATH/Database/Query.php on line 335.
 1 SYSTEMPATH/Database/Query.php(335): strtr('SELECT *
FROM `compraVenda` `cv`
JOIN `tickets` `t` ON `t`.`idTicket` = `cv`.`idTicket`
WHERE `cv`.`idUsuario` = :cv.idUsuario:
AND `t`.`dataHoraValidacao` = :t.dataHoraValidacao:', [...])
 2 SYSTEMPATH/Database/Query.php(310): CodeIgniter\Database\Query->matchNamedBinds('SELECT *
FROM `compraVenda` `cv`
JOIN `tickets` `t` ON `t`.`idTicket` = `cv`.`idTicket`
WHERE `cv`.`idUsuario` = :cv.idUsuario:
AND `t`.`dataHoraValidacao` = :t.dataHoraValidacao:', [...])
 3 SYSTEMPATH/Database/Query.php(159): CodeIgniter\Database\Query->compileBinds()
 4 SYSTEMPATH/Database/BaseConnection.php(606): CodeIgniter\Database\Query->getQuery()
 5 SYSTEMPATH/Database/BaseBuilder.php(1616): CodeIgniter\Database\BaseConnection->query('SELECT *
FROM `compraVenda` `cv`
JOIN `tickets` `t` ON `t`.`idTicket` = `cv`.`idTicket`
WHERE `cv`.`idUsuario` = :cv.idUsuario:
AND `t`.`dataHoraValidacao` = :t.dataHoraValidacao:', [...], false)
 6 APPPATH/Models/TicketsModel.php(201): CodeIgniter\Database\BaseBuilder->get()
 7 APPPATH/Controllers/Tickets.php(95): App\Models\TicketsModel->getTicketsValidatedToday(Object(stdClass))
 8 SYSTEMPATH/CodeIgniter.php(932): App\Controllers\Tickets->validateTicket()
 9 SYSTEMPATH/CodeIgniter.php(497): CodeIgniter\CodeIgniter->runController(Object(App\Controllers\Tickets))
10 SYSTEMPATH/CodeIgniter.php(366): CodeIgniter\CodeIgniter->handleRequest(null, Object(Config\Cache), false)
11 FCPATH/index.php(67): CodeIgniter\CodeIgniter->run()
INFO - 2023-09-22 01:49:20 --> Session: Class initialized using 'CodeIgniter\Session\Handlers\FileHandler' driver.
INFO - 2023-09-22 01:49:35 --> Session: Class initialized using 'CodeIgniter\Session\Handlers\FileHandler' driver.
CRITICAL - 2023-09-22 01:49:35 --> Object of class stdClass could not be converted to string
in SYSTEMPATH/Database/Query.php on line 335.
 1 SYSTEMPATH/Database/Query.php(335): strtr('SELECT *
FROM `compraVenda` `cv`
JOIN `tickets` `t` ON `t`.`idTicket` = `cv`.`idTicket`
WHERE `cv`.`idUsuario` = :cv.idUsuario:
AND `t`.`dataHoraValidacao` = :t.dataHoraValidacao:', [...])
 2 SYSTEMPATH/Database/Query.php(310): CodeIgniter\Database\Query->matchNamedBinds('SELECT *
FROM `compraVenda` `cv`
JOIN `tickets` `t` ON `t`.`idTicket` = `cv`.`idTicket`
WHERE `cv`.`idUsuario` = :cv.idUsuario:
AND `t`.`dataHoraValidacao` = :t.dataHoraValidacao:', [...])
 3 SYSTEMPATH/Database/Query.php(159): CodeIgniter\Database\Query->compileBinds()
 4 SYSTEMPATH/Database/BaseConnection.php(606): CodeIgniter\Database\Query->getQuery()
 5 SYSTEMPATH/Database/BaseBuilder.php(1616): CodeIgniter\Database\BaseConnection->query('SELECT *
FROM `compraVenda` `cv`
JOIN `tickets` `t` ON `t`.`idTicket` = `cv`.`idTicket`
WHERE `cv`.`idUsuario` = :cv.idUsuario:
AND `t`.`dataHoraValidacao` = :t.dataHoraValidacao:', [...], false)
 6 APPPATH/Models/TicketsModel.php(201): CodeIgniter\Database\BaseBuilder->get()
 7 APPPATH/Controllers/Tickets.php(95): App\Models\TicketsModel->getTicketsValidatedToday(Object(stdClass))
 8 SYSTEMPATH/CodeIgniter.php(932): App\Controllers\Tickets->validateTicket()
 9 SYSTEMPATH/CodeIgniter.php(497): CodeIgniter\CodeIgniter->runController(Object(App\Controllers\Tickets))
10 SYSTEMPATH/CodeIgniter.php(366): CodeIgniter\CodeIgniter->handleRequest(null, Object(Config\Cache), false)
11 FCPATH/index.php(67): CodeIgniter\CodeIgniter->run()
INFO - 2023-09-22 01:51:42 --> Session: Class initialized using 'CodeIgniter\Session\Handlers\FileHandler' driver.
CRITICAL - 2023-09-22 01:51:42 --> Object of class stdClass could not be converted to string
in SYSTEMPATH/Database/Query.php on line 335.
 1 SYSTEMPATH/Database/Query.php(335): strtr('SELECT *
FROM `compraVenda` `cv`
JOIN `tickets` `t` ON `t`.`idTicket` = `cv`.`idTicket`
WHERE `cv`.`idUsuario` = :cv.idUsuario:
AND `t`.`dataHoraValidacao` = :t.dataHoraValidacao:', [...])
 2 SYSTEMPATH/Database/Query.php(310): CodeIgniter\Database\Query->matchNamedBinds('SELECT *
FROM `compraVenda` `cv`
JOIN `tickets` `t` ON `t`.`idTicket` = `cv`.`idTicket`
WHERE `cv`.`idUsuario` = :cv.idUsuario:
AND `t`.`dataHoraValidacao` = :t.dataHoraValidacao:', [...])
 3 SYSTEMPATH/Database/Query.php(159): CodeIgniter\Database\Query->compileBinds()
 4 SYSTEMPATH/Database/BaseConnection.php(606): CodeIgniter\Database\Query->getQuery()
 5 SYSTEMPATH/Database/BaseBuilder.php(1616): CodeIgniter\Database\BaseConnection->query('SELECT *
FROM `compraVenda` `cv`
JOIN `tickets` `t` ON `t`.`idTicket` = `cv`.`idTicket`
WHERE `cv`.`idUsuario` = :cv.idUsuario:
AND `t`.`dataHoraValidacao` = :t.dataHoraValidacao:', [...], false)
 6 APPPATH/Models/TicketsModel.php(201): CodeIgniter\Database\BaseBuilder->get()
 7 APPPATH/Controllers/Tickets.php(95): App\Models\TicketsModel->getTicketsValidatedToday(Object(stdClass))
 8 SYSTEMPATH/CodeIgniter.php(932): App\Controllers\Tickets->validateTicket()
 9 SYSTEMPATH/CodeIgniter.php(497): CodeIgniter\CodeIgniter->runController(Object(App\Controllers\Tickets))
10 SYSTEMPATH/CodeIgniter.php(366): CodeIgniter\CodeIgniter->handleRequest(null, Object(Config\Cache), false)
11 FCPATH/index.php(67): CodeIgniter\CodeIgniter->run()
INFO - 2023-09-22 01:51:43 --> Session: Class initialized using 'CodeIgniter\Session\Handlers\FileHandler' driver.
INFO - 2023-09-22 01:51:49 --> Session: Class initialized using 'CodeIgniter\Session\Handlers\FileHandler' driver.
INFO - 2023-09-22 01:51:50 --> Session: Class initialized using 'CodeIgniter\Session\Handlers\FileHandler' driver.
INFO - 2023-09-22 01:51:51 --> Session: Class initialized using 'CodeIgniter\Session\Handlers\FileHandler' driver.
INFO - 2023-09-22 01:51:55 --> Session: Class initialized using 'CodeIgniter\Session\Handlers\FileHandler' driver.
INFO - 2023-09-22 01:51:57 --> Session: Class initialized using 'CodeIgniter\Session\Handlers\FileHandler' driver.
INFO - 2023-09-22 01:52:01 --> Session: Class initialized using 'CodeIgniter\Session\Handlers\FileHandler' driver.
CRITICAL - 2023-09-22 01:52:01 --> Object of class stdClass could not be converted to string
in SYSTEMPATH/Database/Query.php on line 335.
 1 SYSTEMPATH/Database/Query.php(335): strtr('SELECT *
FROM `compraVenda` `cv`
JOIN `tickets` `t` ON `t`.`idTicket` = `cv`.`idTicket`
WHERE `cv`.`idUsuario` = :cv.idUsuario:
AND `t`.`dataHoraValidacao` = :t.dataHoraValidacao:', [...])
 2 SYSTEMPATH/Database/Query.php(310): CodeIgniter\Database\Query->matchNamedBinds('SELECT *
FROM `compraVenda` `cv`
JOIN `tickets` `t` ON `t`.`idTicket` = `cv`.`idTicket`
WHERE `cv`.`idUsuario` = :cv.idUsuario:
AND `t`.`dataHoraValidacao` = :t.dataHoraValidacao:', [...])
 3 SYSTEMPATH/Database/Query.php(159): CodeIgniter\Database\Query->compileBinds()
 4 SYSTEMPATH/Database/BaseConnection.php(606): CodeIgniter\Database\Query->getQuery()
 5 SYSTEMPATH/Database/BaseBuilder.php(1616): CodeIgniter\Database\BaseConnection->query('SELECT *
FROM `compraVenda` `cv`
JOIN `tickets` `t` ON `t`.`idTicket` = `cv`.`idTicket`
WHERE `cv`.`idUsuario` = :cv.idUsuario:
AND `t`.`dataHoraValidacao` = :t.dataHoraValidacao:', [...], false)
 6 APPPATH/Models/TicketsModel.php(201): CodeIgniter\Database\BaseBuilder->get()
 7 APPPATH/Controllers/Tickets.php(95): App\Models\TicketsModel->getTicketsValidatedToday(Object(stdClass))
 8 SYSTEMPATH/CodeIgniter.php(932): App\Controllers\Tickets->validateTicket()
 9 SYSTEMPATH/CodeIgniter.php(497): CodeIgniter\CodeIgniter->runController(Object(App\Controllers\Tickets))
10 SYSTEMPATH/CodeIgniter.php(366): CodeIgniter\CodeIgniter->handleRequest(null, Object(Config\Cache), false)
11 FCPATH/index.php(67): CodeIgniter\CodeIgniter->run()
INFO - 2023-09-22 01:53:19 --> Session: Class initialized using 'CodeIgniter\Session\Handlers\FileHandler' driver.
CRITICAL - 2023-09-22 01:53:19 --> Object of class stdClass could not be converted to string
in SYSTEMPATH/Database/Query.php on line 335.
 1 SYSTEMPATH/Database/Query.php(335): strtr('SELECT *
FROM `compraVenda`
JOIN `tickets` ON `tickets`.`idTicket` = `compraVenda`.`idTicket`
WHERE `compraVenda`.`idUsuario` = :compraVenda.idUsuario:
AND `tickets`.`dataHoraValidacao` = :tickets.dataHoraValidacao:', [...])
 2 SYSTEMPATH/Database/Query.php(310): CodeIgniter\Database\Query->matchNamedBinds('SELECT *
FROM `compraVenda`
JOIN `tickets` ON `tickets`.`idTicket` = `compraVenda`.`idTicket`
WHERE `compraVenda`.`idUsuario` = :compraVenda.idUsuario:
AND `tickets`.`dataHoraValidacao` = :tickets.dataHoraValidacao:', [...])
 3 SYSTEMPATH/Database/Query.php(159): CodeIgniter\Database\Query->compileBinds()
 4 SYSTEMPATH/Database/BaseConnection.php(606): CodeIgniter\Database\Query->getQuery()
 5 SYSTEMPATH/Database/BaseBuilder.php(1616): CodeIgniter\Database\BaseConnection->query('SELECT *
FROM `compraVenda`
JOIN `tickets` ON `tickets`.`idTicket` = `compraVenda`.`idTicket`
WHERE `compraVenda`.`idUsuario` = :compraVenda.idUsuario:
AND `tickets`.`dataHoraValidacao` = :tickets.dataHoraValidacao:', [...], false)
 6 APPPATH/Models/TicketsModel.php(201): CodeIgniter\Database\BaseBuilder->get()
 7 APPPATH/Controllers/Tickets.php(95): App\Models\TicketsModel->getTicketsValidatedToday(Object(stdClass))
 8 SYSTEMPATH/CodeIgniter.php(932): App\Controllers\Tickets->validateTicket()
 9 SYSTEMPATH/CodeIgniter.php(497): CodeIgniter\CodeIgniter->runController(Object(App\Controllers\Tickets))
10 SYSTEMPATH/CodeIgniter.php(366): CodeIgniter\CodeIgniter->handleRequest(null, Object(Config\Cache), false)
11 FCPATH/index.php(67): CodeIgniter\CodeIgniter->run()
INFO - 2023-09-22 01:54:14 --> Session: Class initialized using 'CodeIgniter\Session\Handlers\FileHandler' driver.
INFO - 2023-09-22 01:54:34 --> Session: Class initialized using 'CodeIgniter\Session\Handlers\FileHandler' driver.
INFO - 2023-09-22 01:54:48 --> Session: Class initialized using 'CodeIgniter\Session\Handlers\FileHandler' driver.
INFO - 2023-09-22 01:58:38 --> Session: Class initialized using 'CodeIgniter\Session\Handlers\FileHandler' driver.
INFO - 2023-09-22 01:58:42 --> Session: Class initialized using 'CodeIgniter\Session\Handlers\FileHandler' driver.
INFO - 2023-09-22 01:58:45 --> Session: Class initialized using 'CodeIgniter\Session\Handlers\FileHandler' driver.
INFO - 2023-09-22 01:58:46 --> Session: Class initialized using 'CodeIgniter\Session\Handlers\FileHandler' driver.
INFO - 2023-09-22 01:58:49 --> Session: Class initialized using 'CodeIgniter\Session\Handlers\FileHandler' driver.
INFO - 2023-09-22 01:58:51 --> Session: Class initialized using 'CodeIgniter\Session\Handlers\FileHandler' driver.
INFO - 2023-09-22 01:58:53 --> Session: Class initialized using 'CodeIgniter\Session\Handlers\FileHandler' driver.
INFO - 2023-09-22 01:58:54 --> Session: Class initialized using 'CodeIgniter\Session\Handlers\FileHandler' driver.
INFO - 2023-09-22 01:58:55 --> Session: Class initialized using 'CodeIgniter\Session\Handlers\FileHandler' driver.
INFO - 2023-09-22 01:58:57 --> Session: Class initialized using 'CodeIgniter\Session\Handlers\FileHandler' driver.
CRITICAL - 2023-09-22 01:58:57 --> Object of class stdClass could not be converted to string
in SYSTEMPATH/Database/Query.php on line 335.
 1 SYSTEMPATH/Database/Query.php(335): strtr('SELECT *
FROM `compraVenda`
JOIN `tickets` ON `tickets`.`idTicket` = `compraVenda`.`idTicket`
WHERE `compraVenda`.`idUsuario` = :compraVenda.idUsuario:
AND `tickets`.`dataHoraValidacao` = :tickets.dataHoraValidacao:', [...])
 2 SYSTEMPATH/Database/Query.php(310): CodeIgniter\Database\Query->matchNamedBinds('SELECT *
FROM `compraVenda`
JOIN `tickets` ON `tickets`.`idTicket` = `compraVenda`.`idTicket`
WHERE `compraVenda`.`idUsuario` = :compraVenda.idUsuario:
AND `tickets`.`dataHoraValidacao` = :tickets.dataHoraValidacao:', [...])
 3 SYSTEMPATH/Database/Query.php(159): CodeIgniter\Database\Query->compileBinds()
 4 SYSTEMPATH/Database/BaseConnection.php(606): CodeIgniter\Database\Query->getQuery()
 5 SYSTEMPATH/Database/BaseBuilder.php(1616): CodeIgniter\Database\BaseConnection->query('SELECT *
FROM `compraVenda`
JOIN `tickets` ON `tickets`.`idTicket` = `compraVenda`.`idTicket`
WHERE `compraVenda`.`idUsuario` = :compraVenda.idUsuario:
AND `tickets`.`dataHoraValidacao` = :tickets.dataHoraValidacao:', [...], false)
 6 APPPATH/Models/TicketsModel.php(202): CodeIgniter\Database\BaseBuilder->get()
 7 APPPATH/Controllers/Tickets.php(95): App\Models\TicketsModel->getTicketsValidatedToday(Object(stdClass))
 8 SYSTEMPATH/CodeIgniter.php(932): App\Controllers\Tickets->validateTicket()
 9 SYSTEMPATH/CodeIgniter.php(497): CodeIgniter\CodeIgniter->runController(Object(App\Controllers\Tickets))
10 SYSTEMPATH/CodeIgniter.php(366): CodeIgniter\CodeIgniter->handleRequest(null, Object(Config\Cache), false)
11 FCPATH/index.php(67): CodeIgniter\CodeIgniter->run()
INFO - 2023-09-22 02:03:15 --> Session: Class initialized using 'CodeIgniter\Session\Handlers\FileHandler' driver.
CRITICAL - 2023-09-22 02:03:15 --> Object of class stdClass could not be converted to string
in SYSTEMPATH/Database/Query.php on line 335.
 1 SYSTEMPATH/Database/Query.php(335): strtr('SELECT *
FROM `compraVenda`
JOIN `tickets` ON `tickets`.`idTicket` = `compraVenda`.`idTicket`
WHERE `compraVenda`.`idUsuario` = :compraVenda.idUsuario:
AND `tickets`.`dataHoraValidacao` = :tickets.dataHoraValidacao:', [...])
 2 SYSTEMPATH/Database/Query.php(310): CodeIgniter\Database\Query->matchNamedBinds('SELECT *
FROM `compraVenda`
JOIN `tickets` ON `tickets`.`idTicket` = `compraVenda`.`idTicket`
WHERE `compraVenda`.`idUsuario` = :compraVenda.idUsuario:
AND `tickets`.`dataHoraValidacao` = :tickets.dataHoraValidacao:', [...])
 3 SYSTEMPATH/Database/Query.php(159): CodeIgniter\Database\Query->compileBinds()
 4 SYSTEMPATH/Database/BaseConnection.php(606): CodeIgniter\Database\Query->getQuery()
 5 SYSTEMPATH/Database/BaseBuilder.php(1616): CodeIgniter\Database\BaseConnection->query('SELECT *
FROM `compraVenda`
JOIN `tickets` ON `tickets`.`idTicket` = `compraVenda`.`idTicket`
WHERE `compraVenda`.`idUsuario` = :compraVenda.idUsuario:
AND `tickets`.`dataHoraValidacao` = :tickets.dataHoraValidacao:', [...], false)
 6 APPPATH/Models/TicketsModel.php(202): CodeIgniter\Database\BaseBuilder->get()
 7 APPPATH/Controllers/Tickets.php(95): App\Models\TicketsModel->getTicketsValidatedToday(Object(stdClass))
 8 SYSTEMPATH/CodeIgniter.php(932): App\Controllers\Tickets->validateTicket()
 9 SYSTEMPATH/CodeIgniter.php(497): CodeIgniter\CodeIgniter->runController(Object(App\Controllers\Tickets))
10 SYSTEMPATH/CodeIgniter.php(366): CodeIgniter\CodeIgniter->handleRequest(null, Object(Config\Cache), false)
11 FCPATH/index.php(67): CodeIgniter\CodeIgniter->run()
INFO - 2023-09-22 02:07:34 --> Session: Class initialized using 'CodeIgniter\Session\Handlers\FileHandler' driver.
CRITICAL - 2023-09-22 02:07:34 --> Object of class stdClass could not be converted to string
in SYSTEMPATH/Database/Query.php on line 335.
 1 SYSTEMPATH/Database/Query.php(335): strtr('SELECT *
FROM `compraVenda`
JOIN `tickets` ON `tickets`.`idTicket` = `compraVenda`.`idTicket`
WHERE `compraVenda`.`idUsuario` = :compraVenda.idUsuario:
AND `tickets`.`dataHoraValidacao` = :tickets.dataHoraValidacao:', [...])
 2 SYSTEMPATH/Database/Query.php(310): CodeIgniter\Database\Query->matchNamedBinds('SELECT *
FROM `compraVenda`
JOIN `tickets` ON `tickets`.`idTicket` = `compraVenda`.`idTicket`
WHERE `compraVenda`.`idUsuario` = :compraVenda.idUsuario:
AND `tickets`.`dataHoraValidacao` = :tickets.dataHoraValidacao:', [...])
 3 SYSTEMPATH/Database/Query.php(159): CodeIgniter\Database\Query->compileBinds()
 4 SYSTEMPATH/Database/BaseConnection.php(606): CodeIgniter\Database\Query->getQuery()
 5 SYSTEMPATH/Database/BaseBuilder.php(1616): CodeIgniter\Database\BaseConnection->query('SELECT *
FROM `compraVenda`
JOIN `tickets` ON `tickets`.`idTicket` = `compraVenda`.`idTicket`
WHERE `compraVenda`.`idUsuario` = :compraVenda.idUsuario:
AND `tickets`.`dataHoraValidacao` = :tickets.dataHoraValidacao:', [...], false)
 6 APPPATH/Models/TicketsModel.php(202): CodeIgniter\Database\BaseBuilder->get()
 7 APPPATH/Controllers/Tickets.php(95): App\Models\TicketsModel->getTicketsValidatedToday(Object(stdClass))
 8 SYSTEMPATH/CodeIgniter.php(932): App\Controllers\Tickets->validateTicket()
 9 SYSTEMPATH/CodeIgniter.php(497): CodeIgniter\CodeIgniter->runController(Object(App\Controllers\Tickets))
10 SYSTEMPATH/CodeIgniter.php(366): CodeIgniter\CodeIgniter->handleRequest(null, Object(Config\Cache), false)
11 FCPATH/index.php(67): CodeIgniter\CodeIgniter->run()
INFO - 2023-09-22 02:07:59 --> Session: Class initialized using 'CodeIgniter\Session\Handlers\FileHandler' driver.
CRITICAL - 2023-09-22 02:07:59 --> Object of class stdClass could not be converted to string
in SYSTEMPATH/Database/Query.php on line 335.
 1 SYSTEMPATH/Database/Query.php(335): strtr('SELECT *
FROM `compraVenda`
JOIN `tickets` ON `tickets`.`idTicket` = `compraVenda`.`idTicket`
WHERE `compraVenda`.`idUsuario` = :compraVenda.idUsuario:
AND `tickets`.`dataHoraValidacao` = :tickets.dataHoraValidacao:', [...])
 2 SYSTEMPATH/Database/Query.php(310): CodeIgniter\Database\Query->matchNamedBinds('SELECT *
FROM `compraVenda`
JOIN `tickets` ON `tickets`.`idTicket` = `compraVenda`.`idTicket`
WHERE `compraVenda`.`idUsuario` = :compraVenda.idUsuario:
AND `tickets`.`dataHoraValidacao` = :tickets.dataHoraValidacao:', [...])
 3 SYSTEMPATH/Database/Query.php(159): CodeIgniter\Database\Query->compileBinds()
 4 SYSTEMPATH/Database/BaseConnection.php(606): CodeIgniter\Database\Query->getQuery()
 5 SYSTEMPATH/Database/BaseBuilder.php(1616): CodeIgniter\Database\BaseConnection->query('SELECT *
FROM `compraVenda`
JOIN `tickets` ON `tickets`.`idTicket` = `compraVenda`.`idTicket`
WHERE `compraVenda`.`idUsuario` = :compraVenda.idUsuario:
AND `tickets`.`dataHoraValidacao` = :tickets.dataHoraValidacao:', [...], false)
 6 APPPATH/Models/TicketsModel.php(202): CodeIgniter\Database\BaseBuilder->get()
 7 APPPATH/Controllers/Tickets.php(95): App\Models\TicketsModel->getTicketsValidatedToday(Object(stdClass))
 8 SYSTEMPATH/CodeIgniter.php(932): App\Controllers\Tickets->validateTicket()
 9 SYSTEMPATH/CodeIgniter.php(497): CodeIgniter\CodeIgniter->runController(Object(App\Controllers\Tickets))
10 SYSTEMPATH/CodeIgniter.php(366): CodeIgniter\CodeIgniter->handleRequest(null, Object(Config\Cache), false)
11 FCPATH/index.php(67): CodeIgniter\CodeIgniter->run()
INFO - 2023-09-22 02:08:09 --> Session: Class initialized using 'CodeIgniter\Session\Handlers\FileHandler' driver.
INFO - 2023-09-22 02:08:17 --> Session: Class initialized using 'CodeIgniter\Session\Handlers\FileHandler' driver.
INFO - 2023-09-22 02:08:20 --> Session: Class initialized using 'CodeIgniter\Session\Handlers\FileHandler' driver.
INFO - 2023-09-22 02:08:20 --> Session: Class initialized using 'CodeIgniter\Session\Handlers\FileHandler' driver.
INFO - 2023-09-22 02:08:21 --> Session: Class initialized using 'CodeIgniter\Session\Handlers\FileHandler' driver.
INFO - 2023-09-22 02:08:22 --> Session: Class initialized using 'CodeIgniter\Session\Handlers\FileHandler' driver.
INFO - 2023-09-22 02:10:11 --> Session: Class initialized using 'CodeIgniter\Session\Handlers\FileHandler' driver.
INFO - 2023-09-22 02:10:17 --> Session: Class initialized using 'CodeIgniter\Session\Handlers\FileHandler' driver.
INFO - 2023-09-22 02:10:17 --> Session: Class initialized using 'CodeIgniter\Session\Handlers\FileHandler' driver.
INFO - 2023-09-22 02:15:10 --> Session: Class initialized using 'CodeIgniter\Session\Handlers\FileHandler' driver.
INFO - 2023-09-22 02:15:14 --> Session: Class initialized using 'CodeIgniter\Session\Handlers\FileHandler' driver.
INFO - 2023-09-22 02:15:15 --> Session: Class initialized using 'CodeIgniter\Session\Handlers\FileHandler' driver.
INFO - 2023-09-22 02:15:17 --> Session: Class initialized using 'CodeIgniter\Session\Handlers\FileHandler' driver.
INFO - 2023-09-22 02:15:26 --> Session: Class initialized using 'CodeIgniter\Session\Handlers\FileHandler' driver.
CRITICAL - 2023-09-22 02:15:26 --> Object of class stdClass could not be converted to string
in SYSTEMPATH/Database/Query.php on line 335.
 1 SYSTEMPATH/Database/Query.php(335): strtr('SELECT *
FROM `compraVenda`
JOIN `tickets` ON `tickets`.`idTicket` = `compraVenda`.`idTicket`
WHERE `compraVenda`.`idUsuario` = :compraVenda.idUsuario:
AND `tickets`.`dataValidacao` = :tickets.dataValidacao:', [...])
 2 SYSTEMPATH/Database/Query.php(310): CodeIgniter\Database\Query->matchNamedBinds('SELECT *
FROM `compraVenda`
JOIN `tickets` ON `tickets`.`idTicket` = `compraVenda`.`idTicket`
WHERE `compraVenda`.`idUsuario` = :compraVenda.idUsuario:
AND `tickets`.`dataValidacao` = :tickets.dataValidacao:', [...])
 3 SYSTEMPATH/Database/Query.php(159): CodeIgniter\Database\Query->compileBinds()
 4 SYSTEMPATH/Database/BaseConnection.php(606): CodeIgniter\Database\Query->getQuery()
 5 SYSTEMPATH/Database/BaseBuilder.php(1616): CodeIgniter\Database\BaseConnection->query('SELECT *
FROM `compraVenda`
JOIN `tickets` ON `tickets`.`idTicket` = `compraVenda`.`idTicket`
WHERE `compraVenda`.`idUsuario` = :compraVenda.idUsuario:
AND `tickets`.`dataValidacao` = :tickets.dataValidacao:', [...], false)
 6 APPPATH/Models/TicketsModel.php(202): CodeIgniter\Database\BaseBuilder->get()
 7 APPPATH/Controllers/Tickets.php(95): App\Models\TicketsModel->getTicketsValidatedToday(Object(stdClass))
 8 SYSTEMPATH/CodeIgniter.php(932): App\Controllers\Tickets->validateTicket()
 9 SYSTEMPATH/CodeIgniter.php(497): CodeIgniter\CodeIgniter->runController(Object(App\Controllers\Tickets))
10 SYSTEMPATH/CodeIgniter.php(366): CodeIgniter\CodeIgniter->handleRequest(null, Object(Config\Cache), false)
11 FCPATH/index.php(67): CodeIgniter\CodeIgniter->run()
INFO - 2023-09-22 02:16:38 --> Session: Class initialized using 'CodeIgniter\Session\Handlers\FileHandler' driver.
CRITICAL - 2023-09-22 02:16:38 --> Object of class stdClass could not be converted to string
in SYSTEMPATH/Database/Query.php on line 335.
 1 SYSTEMPATH/Database/Query.php(335): strtr('SELECT *
FROM `compraVenda`
JOIN `tickets` ON `tickets`.`idTicket` = `compraVenda`.`idTicket`
WHERE `compraVenda`.`idUsuario` = :compraVenda.idUsuario:
AND `tickets`.`dataValidacao` = :tickets.dataValidacao:', [...])
 2 SYSTEMPATH/Database/Query.php(310): CodeIgniter\Database\Query->matchNamedBinds('SELECT *
FROM `compraVenda`
JOIN `tickets` ON `tickets`.`idTicket` = `compraVenda`.`idTicket`
WHERE `compraVenda`.`idUsuario` = :compraVenda.idUsuario:
AND `tickets`.`dataValidacao` = :tickets.dataValidacao:', [...])
 3 SYSTEMPATH/Database/Query.php(159): CodeIgniter\Database\Query->compileBinds()
 4 SYSTEMPATH/Database/BaseConnection.php(606): CodeIgniter\Database\Query->getQuery()
 5 SYSTEMPATH/Database/BaseBuilder.php(1616): CodeIgniter\Database\BaseConnection->query('SELECT *
FROM `compraVenda`
JOIN `tickets` ON `tickets`.`idTicket` = `compraVenda`.`idTicket`
WHERE `compraVenda`.`idUsuario` = :compraVenda.idUsuario:
AND `tickets`.`dataValidacao` = :tickets.dataValidacao:', [...], false)
 6 APPPATH/Models/TicketsModel.php(202): CodeIgniter\Database\BaseBuilder->get()
 7 APPPATH/Controllers/Tickets.php(95): App\Models\TicketsModel->getTicketsValidatedToday(Object(stdClass))
 8 SYSTEMPATH/CodeIgniter.php(932): App\Controllers\Tickets->validateTicket()
 9 SYSTEMPATH/CodeIgniter.php(497): CodeIgniter\CodeIgniter->runController(Object(App\Controllers\Tickets))
10 SYSTEMPATH/CodeIgniter.php(366): CodeIgniter\CodeIgniter->handleRequest(null, Object(Config\Cache), false)
11 FCPATH/index.php(67): CodeIgniter\CodeIgniter->run()
INFO - 2023-09-22 02:18:11 --> Session: Class initialized using 'CodeIgniter\Session\Handlers\FileHandler' driver.
ERROR - 2023-09-22 02:18:11 --> mysqli_sql_exception: You have an error in your SQL syntax; check the manual that corresponds to your MySQL server version for the right syntax to use near 'CURRENT_DATE' at line 1 in /opt/lampp/htdocs/RestauranteUniversitario/system/Database/MySQLi/Connection.php:295
Stack trace:
#0 /opt/lampp/htdocs/RestauranteUniversitario/system/Database/MySQLi/Connection.php(295): mysqli->query('CURRENT_DATE', 0)
#1 /opt/lampp/htdocs/RestauranteUniversitario/system/Database/BaseConnection.php(692): CodeIgniter\Database\MySQLi\Connection->execute('CURRENT_DATE')
#2 /opt/lampp/htdocs/RestauranteUniversitario/system/Database/BaseConnection.php(606): CodeIgniter\Database\BaseConnection->simpleQuery('CURRENT_DATE')
#3 /opt/lampp/htdocs/RestauranteUniversitario/app/Models/TicketsModel.php(201): CodeIgniter\Database\BaseConnection->query('CURRENT_DATE')
#4 /opt/lampp/htdocs/RestauranteUniversitario/app/Controllers/Tickets.php(95): App\Models\TicketsModel->getTicketsValidatedToday(Object(stdClass))
#5 /opt/lampp/htdocs/RestauranteUniversitario/system/CodeIgniter.php(932): App\Controllers\Tickets->validateTicket()
#6 /opt/lampp/htdocs/RestauranteUniversitario/system/CodeIgniter.php(497): CodeIgniter\CodeIgniter->runController(Object(App\Controllers\Tickets))
#7 /opt/lampp/htdocs/RestauranteUniversitario/system/CodeIgniter.php(366): CodeIgniter\CodeIgniter->handleRequest(NULL, Object(Config\Cache), false)
#8 /opt/lampp/htdocs/RestauranteUniversitario/public/index.php(67): CodeIgniter\CodeIgniter->run()
#9 {main}
CRITICAL - 2023-09-22 02:18:11 --> You have an error in your SQL syntax; check the manual that corresponds to your MySQL server version for the right syntax to use near 'CURRENT_DATE' at line 1
in SYSTEMPATH/Database/MySQLi/Connection.php on line 295.
 1 SYSTEMPATH/Database/MySQLi/Connection.php(295): mysqli->query('CURRENT_DATE', 0)
 2 SYSTEMPATH/Database/BaseConnection.php(692): CodeIgniter\Database\MySQLi\Connection->execute('CURRENT_DATE')
 3 SYSTEMPATH/Database/BaseConnection.php(606): CodeIgniter\Database\BaseConnection->simpleQuery('CURRENT_DATE')
 4 APPPATH/Models/TicketsModel.php(201): CodeIgniter\Database\BaseConnection->query('CURRENT_DATE')
 5 APPPATH/Controllers/Tickets.php(95): App\Models\TicketsModel->getTicketsValidatedToday(Object(stdClass))
 6 SYSTEMPATH/CodeIgniter.php(932): App\Controllers\Tickets->validateTicket()
 7 SYSTEMPATH/CodeIgniter.php(497): CodeIgniter\CodeIgniter->runController(Object(App\Controllers\Tickets))
 8 SYSTEMPATH/CodeIgniter.php(366): CodeIgniter\CodeIgniter->handleRequest(null, Object(Config\Cache), false)
 9 FCPATH/index.php(67): CodeIgniter\CodeIgniter->run()
INFO - 2023-09-22 02:19:03 --> Session: Class initialized using 'CodeIgniter\Session\Handlers\FileHandler' driver.
CRITICAL - 2023-09-22 02:19:03 --> Object of class stdClass could not be converted to string
in SYSTEMPATH/Database/Query.php on line 335.
 1 SYSTEMPATH/Database/Query.php(335): strtr('SELECT *
FROM `compraVenda`
JOIN `tickets` ON `tickets`.`idTicket` = `compraVenda`.`idTicket`
WHERE `compraVenda`.`idUsuario` = :compraVenda.idUsuario:
AND `tickets`.`dataValidacao` = :tickets.dataValidacao:', [...])
 2 SYSTEMPATH/Database/Query.php(310): CodeIgniter\Database\Query->matchNamedBinds('SELECT *
FROM `compraVenda`
JOIN `tickets` ON `tickets`.`idTicket` = `compraVenda`.`idTicket`
WHERE `compraVenda`.`idUsuario` = :compraVenda.idUsuario:
AND `tickets`.`dataValidacao` = :tickets.dataValidacao:', [...])
 3 SYSTEMPATH/Database/Query.php(159): CodeIgniter\Database\Query->compileBinds()
 4 SYSTEMPATH/Database/BaseConnection.php(606): CodeIgniter\Database\Query->getQuery()
 5 SYSTEMPATH/Database/BaseBuilder.php(1616): CodeIgniter\Database\BaseConnection->query('SELECT *
FROM `compraVenda`
JOIN `tickets` ON `tickets`.`idTicket` = `compraVenda`.`idTicket`
WHERE `compraVenda`.`idUsuario` = :compraVenda.idUsuario:
AND `tickets`.`dataValidacao` = :tickets.dataValidacao:', [...], false)
 6 APPPATH/Models/TicketsModel.php(202): CodeIgniter\Database\BaseBuilder->get()
 7 APPPATH/Controllers/Tickets.php(95): App\Models\TicketsModel->getTicketsValidatedToday(Object(stdClass))
 8 SYSTEMPATH/CodeIgniter.php(932): App\Controllers\Tickets->validateTicket()
 9 SYSTEMPATH/CodeIgniter.php(497): CodeIgniter\CodeIgniter->runController(Object(App\Controllers\Tickets))
10 SYSTEMPATH/CodeIgniter.php(366): CodeIgniter\CodeIgniter->handleRequest(null, Object(Config\Cache), false)
11 FCPATH/index.php(67): CodeIgniter\CodeIgniter->run()
INFO - 2023-09-22 02:19:21 --> Session: Class initialized using 'CodeIgniter\Session\Handlers\FileHandler' driver.
INFO - 2023-09-22 02:19:29 --> Session: Class initialized using 'CodeIgniter\Session\Handlers\FileHandler' driver.
CRITICAL - 2023-09-22 02:19:29 --> Object of class stdClass could not be converted to string
in SYSTEMPATH/Database/Query.php on line 335.
 1 SYSTEMPATH/Database/Query.php(335): strtr('SELECT *
FROM `compraVenda`
JOIN `tickets` ON `tickets`.`idTicket` = `compraVenda`.`idTicket`
WHERE `compraVenda`.`idUsuario` = :compraVenda.idUsuario:
AND `tickets`.`dataValidacao` = :tickets.dataValidacao:', [...])
 2 SYSTEMPATH/Database/Query.php(310): CodeIgniter\Database\Query->matchNamedBinds('SELECT *
FROM `compraVenda`
JOIN `tickets` ON `tickets`.`idTicket` = `compraVenda`.`idTicket`
WHERE `compraVenda`.`idUsuario` = :compraVenda.idUsuario:
AND `tickets`.`dataValidacao` = :tickets.dataValidacao:', [...])
 3 SYSTEMPATH/Database/Query.php(159): CodeIgniter\Database\Query->compileBinds()
 4 SYSTEMPATH/Database/BaseConnection.php(606): CodeIgniter\Database\Query->getQuery()
 5 SYSTEMPATH/Database/BaseBuilder.php(1616): CodeIgniter\Database\BaseConnection->query('SELECT *
FROM `compraVenda`
JOIN `tickets` ON `tickets`.`idTicket` = `compraVenda`.`idTicket`
WHERE `compraVenda`.`idUsuario` = :compraVenda.idUsuario:
AND `tickets`.`dataValidacao` = :tickets.dataValidacao:', [...], false)
 6 APPPATH/Models/TicketsModel.php(202): CodeIgniter\Database\BaseBuilder->get()
 7 APPPATH/Controllers/Tickets.php(95): App\Models\TicketsModel->getTicketsValidatedToday(Object(stdClass))
 8 SYSTEMPATH/CodeIgniter.php(932): App\Controllers\Tickets->validateTicket()
 9 SYSTEMPATH/CodeIgniter.php(497): CodeIgniter\CodeIgniter->runController(Object(App\Controllers\Tickets))
10 SYSTEMPATH/CodeIgniter.php(366): CodeIgniter\CodeIgniter->handleRequest(null, Object(Config\Cache), false)
11 FCPATH/index.php(67): CodeIgniter\CodeIgniter->run()
INFO - 2023-09-22 02:19:30 --> Session: Class initialized using 'CodeIgniter\Session\Handlers\FileHandler' driver.
INFO - 2023-09-22 15:30:05 --> Session: Class initialized using 'CodeIgniter\Session\Handlers\FileHandler' driver.
INFO - 2023-09-22 15:30:31 --> Session: Class initialized using 'CodeIgniter\Session\Handlers\FileHandler' driver.
INFO - 2023-09-22 15:30:37 --> Session: Class initialized using 'CodeIgniter\Session\Handlers\FileHandler' driver.
INFO - 2023-09-22 15:30:44 --> Session: Class initialized using 'CodeIgniter\Session\Handlers\FileHandler' driver.
INFO - 2023-09-22 15:30:44 --> Session: Class initialized using 'CodeIgniter\Session\Handlers\FileHandler' driver.
INFO - 2023-09-22 15:31:19 --> Session: Class initialized using 'CodeIgniter\Session\Handlers\FileHandler' driver.
INFO - 2023-09-22 15:31:21 --> Session: Class initialized using 'CodeIgniter\Session\Handlers\FileHandler' driver.
INFO - 2023-09-22 15:31:29 --> Session: Class initialized using 'CodeIgniter\Session\Handlers\FileHandler' driver.
INFO - 2023-09-22 15:31:31 --> Session: Class initialized using 'CodeIgniter\Session\Handlers\FileHandler' driver.
INFO - 2023-09-22 15:31:51 --> Session: Class initialized using 'CodeIgniter\Session\Handlers\FileHandler' driver.
INFO - 2023-09-22 15:31:52 --> Session: Class initialized using 'CodeIgniter\Session\Handlers\FileHandler' driver.
INFO - 2023-09-22 15:31:54 --> Session: Class initialized using 'CodeIgniter\Session\Handlers\FileHandler' driver.
INFO - 2023-09-22 15:32:06 --> Session: Class initialized using 'CodeIgniter\Session\Handlers\FileHandler' driver.
INFO - 2023-09-22 15:32:08 --> Session: Class initialized using 'CodeIgniter\Session\Handlers\FileHandler' driver.
INFO - 2023-09-22 15:32:28 --> Session: Class initialized using 'CodeIgniter\Session\Handlers\FileHandler' driver.
INFO - 2023-09-22 15:32:28 --> Session: Class initialized using 'CodeIgniter\Session\Handlers\FileHandler' driver.
INFO - 2023-09-22 15:32:31 --> Session: Class initialized using 'CodeIgniter\Session\Handlers\FileHandler' driver.
INFO - 2023-09-22 15:32:32 --> Session: Class initialized using 'CodeIgniter\Session\Handlers\FileHandler' driver.
INFO - 2023-09-22 15:32:34 --> Session: Class initialized using 'CodeIgniter\Session\Handlers\FileHandler' driver.
INFO - 2023-09-22 15:32:59 --> Session: Class initialized using 'CodeIgniter\Session\Handlers\FileHandler' driver.
INFO - 2023-09-22 15:32:59 --> Session: Class initialized using 'CodeIgniter\Session\Handlers\FileHandler' driver.
INFO - 2023-09-22 15:33:02 --> Session: Class initialized using 'CodeIgniter\Session\Handlers\FileHandler' driver.
INFO - 2023-09-22 15:33:03 --> Session: Class initialized using 'CodeIgniter\Session\Handlers\FileHandler' driver.
INFO - 2023-09-22 15:33:05 --> Session: Class initialized using 'CodeIgniter\Session\Handlers\FileHandler' driver.
INFO - 2023-09-22 15:33:05 --> Session: Class initialized using 'CodeIgniter\Session\Handlers\FileHandler' driver.
INFO - 2023-09-22 15:33:13 --> Session: Class initialized using 'CodeIgniter\Session\Handlers\FileHandler' driver.
INFO - 2023-09-22 15:33:14 --> Session: Class initialized using 'CodeIgniter\Session\Handlers\FileHandler' driver.
INFO - 2023-09-22 15:33:16 --> Session: Class initialized using 'CodeIgniter\Session\Handlers\FileHandler' driver.
INFO - 2023-09-22 15:33:17 --> Session: Class initialized using 'CodeIgniter\Session\Handlers\FileHandler' driver.
INFO - 2023-09-22 15:33:18 --> Session: Class initialized using 'CodeIgniter\Session\Handlers\FileHandler' driver.
INFO - 2023-09-22 15:33:19 --> Session: Class initialized using 'CodeIgniter\Session\Handlers\FileHandler' driver.
INFO - 2023-09-22 15:33:20 --> Session: Class initialized using 'CodeIgniter\Session\Handlers\FileHandler' driver.
INFO - 2023-09-22 15:33:23 --> Session: Class initialized using 'CodeIgniter\Session\Handlers\FileHandler' driver.
INFO - 2023-09-22 15:33:23 --> Session: Class initialized using 'CodeIgniter\Session\Handlers\FileHandler' driver.
