ERROR - 2023-09-27 01:32:13 --> mysqli_sql_exception: Failed to open the referenced table 'ticket' in /opt/lampp/htdocs/RestauranteUniversitario/system/Database/MySQLi/Connection.php:295
Stack trace:
#0 /opt/lampp/htdocs/RestauranteUniversitario/system/Database/MySQLi/Connection.php(295): mysqli->query('CREATE TABLE `c...', 0)
#1 /opt/lampp/htdocs/RestauranteUniversitario/system/Database/BaseConnection.php(692): CodeIgniter\Database\MySQLi\Connection->execute('CREATE TABLE `c...')
#2 /opt/lampp/htdocs/RestauranteUniversitario/system/Database/BaseConnection.php(606): CodeIgniter\Database\BaseConnection->simpleQuery('CREATE TABLE `c...')
#3 /opt/lampp/htdocs/RestauranteUniversitario/system/Database/Forge.php(546): CodeIgniter\Database\BaseConnection->query('CREATE TABLE `c...')
#4 /opt/lampp/htdocs/RestauranteUniversitario/app/Database/Migrations/2023-09-27-012746_CompraVenda.php(26): CodeIgniter\Database\Forge->createTable('compraVenda')
#5 /opt/lampp/htdocs/RestauranteUniversitario/system/Database/MigrationRunner.php(877): App\Database\Migrations\CreateCompraVendaTable->up()
#6 /opt/lampp/htdocs/RestauranteUniversitario/system/Database/MigrationRunner.php(188): CodeIgniter\Database\MigrationRunner->migrate('up', Object(stdClass))
#7 /opt/lampp/htdocs/RestauranteUniversitario/system/Commands/Database/Migrate.php(84): CodeIgniter\Database\MigrationRunner->latest(NULL)
#8 /opt/lampp/htdocs/RestauranteUniversitario/system/CLI/Commands.php(65): CodeIgniter\Commands\Database\Migrate->run(Array)
#9 /opt/lampp/htdocs/RestauranteUniversitario/system/CLI/Console.php(37): CodeIgniter\CLI\Commands->run('migrate', Array)
#10 /opt/lampp/htdocs/RestauranteUniversitario/spark(97): CodeIgniter\CLI\Console->run()
#11 {main}
ERROR - 2023-09-27 01:34:42 --> mysqli_sql_exception: Table 'TipoUsuario' already exists in /opt/lampp/htdocs/RestauranteUniversitario/system/Database/MySQLi/Connection.php:295
Stack trace:
#0 /opt/lampp/htdocs/RestauranteUniversitario/system/Database/MySQLi/Connection.php(295): mysqli->query('CREATE TABLE `T...', 0)
#1 /opt/lampp/htdocs/RestauranteUniversitario/system/Database/BaseConnection.php(692): CodeIgniter\Database\MySQLi\Connection->execute('CREATE TABLE `T...')
#2 /opt/lampp/htdocs/RestauranteUniversitario/system/Database/BaseConnection.php(606): CodeIgniter\Database\BaseConnection->simpleQuery('CREATE TABLE `T...')
#3 /opt/lampp/htdocs/RestauranteUniversitario/system/Database/Forge.php(546): CodeIgniter\Database\BaseConnection->query('CREATE TABLE `T...')
#4 /opt/lampp/htdocs/RestauranteUniversitario/app/Database/Migrations/2023-09-27-012525_TipoUsuario.php(23): CodeIgniter\Database\Forge->createTable('TipoUsuario')
#5 /opt/lampp/htdocs/RestauranteUniversitario/system/Database/MigrationRunner.php(877): App\Database\Migrations\CreateTipoUsuarioTable->up()
#6 /opt/lampp/htdocs/RestauranteUniversitario/system/Database/MigrationRunner.php(188): CodeIgniter\Database\MigrationRunner->migrate('up', Object(stdClass))
#7 /opt/lampp/htdocs/RestauranteUniversitario/system/Commands/Database/Migrate.php(84): CodeIgniter\Database\MigrationRunner->latest(NULL)
#8 /opt/lampp/htdocs/RestauranteUniversitario/system/CLI/Commands.php(65): CodeIgniter\Commands\Database\Migrate->run(Array)
#9 /opt/lampp/htdocs/RestauranteUniversitario/system/CLI/Console.php(37): CodeIgniter\CLI\Commands->run('migrate', Array)
#10 /opt/lampp/htdocs/RestauranteUniversitario/spark(97): CodeIgniter\CLI\Console->run()
#11 {main}
ERROR - 2023-09-27 01:35:01 --> Error connecting to the database: mysqli_sql_exception: Unknown database 'ru' in /opt/lampp/htdocs/RestauranteUniversitario/system/Database/MySQLi/Connection.php:173
Stack trace:
#0 /opt/lampp/htdocs/RestauranteUniversitario/system/Database/MySQLi/Connection.php(173): mysqli->real_connect('127.0.0.1', 'root', Object(SensitiveParameterValue), 'ru', 3306, '', 0)
#1 /opt/lampp/htdocs/RestauranteUniversitario/system/Database/BaseConnection.php(391): CodeIgniter\Database\MySQLi\Connection->connect(false)
#2 /opt/lampp/htdocs/RestauranteUniversitario/system/Database/BaseConnection.php(574): CodeIgniter\Database\BaseConnection->initialize()
#3 /opt/lampp/htdocs/RestauranteUniversitario/system/Database/BaseConnection.php(1409): CodeIgniter\Database\BaseConnection->query('SHOW TABLES FRO...')
#4 /opt/lampp/htdocs/RestauranteUniversitario/system/Database/BaseConnection.php(1428): CodeIgniter\Database\BaseConnection->listTables()
#5 /opt/lampp/htdocs/RestauranteUniversitario/system/Database/MigrationRunner.php(768): CodeIgniter\Database\BaseConnection->tableExists('migrations')
#6 /opt/lampp/htdocs/RestauranteUniversitario/system/Database/MigrationRunner.php(168): CodeIgniter\Database\MigrationRunner->ensureTable()
#7 /opt/lampp/htdocs/RestauranteUniversitario/system/Commands/Database/Migrate.php(84): CodeIgniter\Database\MigrationRunner->latest(NULL)
#8 /opt/lampp/htdocs/RestauranteUniversitario/system/CLI/Commands.php(65): CodeIgniter\Commands\Database\Migrate->run(Array)
#9 /opt/lampp/htdocs/RestauranteUniversitario/system/CLI/Console.php(37): CodeIgniter\CLI\Commands->run('migrate', Array)
#10 /opt/lampp/htdocs/RestauranteUniversitario/spark(97): CodeIgniter\CLI\Console->run()
#11 {main}

Next CodeIgniter\Database\Exceptions\DatabaseException: Unknown database 'ru' in /opt/lampp/htdocs/RestauranteUniversitario/system/Database/MySQLi/Connection.php:218
Stack trace:
#0 /opt/lampp/htdocs/RestauranteUniversitario/system/Database/BaseConnection.php(391): CodeIgniter\Database\MySQLi\Connection->connect(false)
#1 /opt/lampp/htdocs/RestauranteUniversitario/system/Database/BaseConnection.php(574): CodeIgniter\Database\BaseConnection->initialize()
#2 /opt/lampp/htdocs/RestauranteUniversitario/system/Database/BaseConnection.php(1409): CodeIgniter\Database\BaseConnection->query('SHOW TABLES FRO...')
#3 /opt/lampp/htdocs/RestauranteUniversitario/system/Database/BaseConnection.php(1428): CodeIgniter\Database\BaseConnection->listTables()
#4 /opt/lampp/htdocs/RestauranteUniversitario/system/Database/MigrationRunner.php(768): CodeIgniter\Database\BaseConnection->tableExists('migrations')
#5 /opt/lampp/htdocs/RestauranteUniversitario/system/Database/MigrationRunner.php(168): CodeIgniter\Database\MigrationRunner->ensureTable()
#6 /opt/lampp/htdocs/RestauranteUniversitario/system/Commands/Database/Migrate.php(84): CodeIgniter\Database\MigrationRunner->latest(NULL)
#7 /opt/lampp/htdocs/RestauranteUniversitario/system/CLI/Commands.php(65): CodeIgniter\Commands\Database\Migrate->run(Array)
#8 /opt/lampp/htdocs/RestauranteUniversitario/system/CLI/Console.php(37): CodeIgniter\CLI\Commands->run('migrate', Array)
#9 /opt/lampp/htdocs/RestauranteUniversitario/spark(97): CodeIgniter\CLI\Console->run()
#10 {main}
ERROR - 2023-09-27 01:35:17 --> mysqli_sql_exception: Referencing column 'tipoUsuario' and referenced column 'idTipoUsuario' in foreign key constraint 'usuario_tipoUsuario_foreign' are incompatible. in /opt/lampp/htdocs/RestauranteUniversitario/system/Database/MySQLi/Connection.php:295
Stack trace:
#0 /opt/lampp/htdocs/RestauranteUniversitario/system/Database/MySQLi/Connection.php(295): mysqli->query('CREATE TABLE `u...', 0)
#1 /opt/lampp/htdocs/RestauranteUniversitario/system/Database/BaseConnection.php(692): CodeIgniter\Database\MySQLi\Connection->execute('CREATE TABLE `u...')
#2 /opt/lampp/htdocs/RestauranteUniversitario/system/Database/BaseConnection.php(606): CodeIgniter\Database\BaseConnection->simpleQuery('CREATE TABLE `u...')
#3 /opt/lampp/htdocs/RestauranteUniversitario/system/Database/Forge.php(546): CodeIgniter\Database\BaseConnection->query('CREATE TABLE `u...')
#4 /opt/lampp/htdocs/RestauranteUniversitario/app/Database/Migrations/2023-09-27-012628_Usuario.php(39): CodeIgniter\Database\Forge->createTable('usuario')
#5 /opt/lampp/htdocs/RestauranteUniversitario/system/Database/MigrationRunner.php(877): App\Database\Migrations\CreateUsuarioTable->up()
#6 /opt/lampp/htdocs/RestauranteUniversitario/system/Database/MigrationRunner.php(188): CodeIgniter\Database\MigrationRunner->migrate('up', Object(stdClass))
#7 /opt/lampp/htdocs/RestauranteUniversitario/system/Commands/Database/Migrate.php(84): CodeIgniter\Database\MigrationRunner->latest(NULL)
#8 /opt/lampp/htdocs/RestauranteUniversitario/system/CLI/Commands.php(65): CodeIgniter\Commands\Database\Migrate->run(Array)
#9 /opt/lampp/htdocs/RestauranteUniversitario/system/CLI/Console.php(37): CodeIgniter\CLI\Commands->run('migrate', Array)
#10 /opt/lampp/htdocs/RestauranteUniversitario/spark(97): CodeIgniter\CLI\Console->run()
#11 {main}
ERROR - 2023-09-27 01:40:42 --> mysqli_sql_exception: Referencing column 'tipoUsuario' and referenced column 'idTipoUsuario' in foreign key constraint 'usuario_tipoUsuario_foreign' are incompatible. in /opt/lampp/htdocs/RestauranteUniversitario/system/Database/MySQLi/Connection.php:295
Stack trace:
#0 /opt/lampp/htdocs/RestauranteUniversitario/system/Database/MySQLi/Connection.php(295): mysqli->query('CREATE TABLE `u...', 0)
#1 /opt/lampp/htdocs/RestauranteUniversitario/system/Database/BaseConnection.php(692): CodeIgniter\Database\MySQLi\Connection->execute('CREATE TABLE `u...')
#2 /opt/lampp/htdocs/RestauranteUniversitario/system/Database/BaseConnection.php(606): CodeIgniter\Database\BaseConnection->simpleQuery('CREATE TABLE `u...')
#3 /opt/lampp/htdocs/RestauranteUniversitario/system/Database/Forge.php(546): CodeIgniter\Database\BaseConnection->query('CREATE TABLE `u...')
#4 /opt/lampp/htdocs/RestauranteUniversitario/app/Database/Migrations/2023-09-27-012628_Usuario.php(39): CodeIgniter\Database\Forge->createTable('usuario')
#5 /opt/lampp/htdocs/RestauranteUniversitario/system/Database/MigrationRunner.php(877): App\Database\Migrations\CreateUsuarioTable->up()
#6 /opt/lampp/htdocs/RestauranteUniversitario/system/Database/MigrationRunner.php(188): CodeIgniter\Database\MigrationRunner->migrate('up', Object(stdClass))
#7 /opt/lampp/htdocs/RestauranteUniversitario/system/Commands/Database/Migrate.php(84): CodeIgniter\Database\MigrationRunner->latest(NULL)
#8 /opt/lampp/htdocs/RestauranteUniversitario/system/CLI/Commands.php(65): CodeIgniter\Commands\Database\Migrate->run(Array)
#9 /opt/lampp/htdocs/RestauranteUniversitario/system/CLI/Console.php(37): CodeIgniter\CLI\Commands->run('migrate', Array)
#10 /opt/lampp/htdocs/RestauranteUniversitario/spark(97): CodeIgniter\CLI\Console->run()
#11 {main}
