INFO - 2023-09-24 13:39:23 --> Session: Class initialized using 'CodeIgniter\Session\Handlers\FileHandler' driver.
CRITICAL - 2023-09-24 13:41:29 --> The namespace delimiter is a backslash (\), not a slash (/). Route handler: "\App\Controllers\Tests/TicketsTest::index"
in SYSTEMPATH/Router/Router.php on line 477.
 1 SYSTEMPATH/Router/Router.php(477): CodeIgniter\Router\Exceptions\RouterException::forInvalidControllerName('\\App\\Controllers\\Tests/TicketsTest::index')
 2 SYSTEMPATH/Router/Router.php(184): CodeIgniter\Router\Router->checkRoutes('ticketsTest')
 3 SYSTEMPATH/CodeIgniter.php(813): CodeIgniter\Router\Router->handle('ticketsTest')
 4 SYSTEMPATH/CodeIgniter.php(447): CodeIgniter\CodeIgniter->tryToRouteIt(Object(CodeIgniter\Router\RouteCollection))
 5 SYSTEMPATH/CodeIgniter.php(366): CodeIgniter\CodeIgniter->handleRequest(null, Object(Config\Cache), false)
 6 FCPATH/index.php(67): CodeIgniter\CodeIgniter->run()
ERROR - 2023-09-24 13:46:05 --> mysqli_sql_exception: Table 'ru.tickets' doesn't exist in /opt/lampp/htdocs/RestauranteUniversitario/system/Database/MySQLi/Connection.php:295
Stack trace:
#0 /opt/lampp/htdocs/RestauranteUniversitario/system/Database/MySQLi/Connection.php(295): mysqli->query('SELECT *\nFROM `...', 0)
#1 /opt/lampp/htdocs/RestauranteUniversitario/system/Database/BaseConnection.php(692): CodeIgniter\Database\MySQLi\Connection->execute('SELECT *\nFROM `...')
#2 /opt/lampp/htdocs/RestauranteUniversitario/system/Database/BaseConnection.php(606): CodeIgniter\Database\BaseConnection->simpleQuery('SELECT *\nFROM `...')
#3 /opt/lampp/htdocs/RestauranteUniversitario/system/Database/BaseBuilder.php(1616): CodeIgniter\Database\BaseConnection->query('SELECT *\nFROM `...', Array, false)
#4 /opt/lampp/htdocs/RestauranteUniversitario/app/Models/TicketsModel.php(202): CodeIgniter\Database\BaseBuilder->get()
#5 /opt/lampp/htdocs/RestauranteUniversitario/app/Controllers/Tests/TicketsTest.php(18): App\Models\TicketsModel->getTicketsValidatedToday(1)
#6 /opt/lampp/htdocs/RestauranteUniversitario/app/Controllers/Tests/TicketsTest.php(10): App\Controllers\Tests\TicketsTest->teste1()
#7 /opt/lampp/htdocs/RestauranteUniversitario/system/CodeIgniter.php(932): App\Controllers\Tests\TicketsTest->index()
#8 /opt/lampp/htdocs/RestauranteUniversitario/system/CodeIgniter.php(497): CodeIgniter\CodeIgniter->runController(Object(App\Controllers\Tests\TicketsTest))
#9 /opt/lampp/htdocs/RestauranteUniversitario/system/CodeIgniter.php(366): CodeIgniter\CodeIgniter->handleRequest(NULL, Object(Config\Cache), false)
#10 /opt/lampp/htdocs/RestauranteUniversitario/public/index.php(67): CodeIgniter\CodeIgniter->run()
#11 {main}
CRITICAL - 2023-09-24 13:46:05 --> Table 'ru.tickets' doesn't exist
in SYSTEMPATH/Database/MySQLi/Connection.php on line 295.
 1 SYSTEMPATH/Database/MySQLi/Connection.php(295): mysqli->query('SELECT *
FROM `compraVenda`
JOIN `tickets` ON `tickets`.`idTicket` = `compraVenda`.`idTicket`
WHERE `compraVenda`.`idUsuario` = 1
AND `tickets`.`dataValidacao` = \'CURDATE()\'', 0)
 2 SYSTEMPATH/Database/BaseConnection.php(692): CodeIgniter\Database\MySQLi\Connection->execute('SELECT *
FROM `compraVenda`
JOIN `tickets` ON `tickets`.`idTicket` = `compraVenda`.`idTicket`
WHERE `compraVenda`.`idUsuario` = 1
AND `tickets`.`dataValidacao` = \'CURDATE()\'')
 3 SYSTEMPATH/Database/BaseConnection.php(606): CodeIgniter\Database\BaseConnection->simpleQuery('SELECT *
FROM `compraVenda`
JOIN `tickets` ON `tickets`.`idTicket` = `compraVenda`.`idTicket`
WHERE `compraVenda`.`idUsuario` = 1
AND `tickets`.`dataValidacao` = \'CURDATE()\'')
 4 SYSTEMPATH/Database/BaseBuilder.php(1616): CodeIgniter\Database\BaseConnection->query('SELECT *
FROM `compraVenda`
JOIN `tickets` ON `tickets`.`idTicket` = `compraVenda`.`idTicket`
WHERE `compraVenda`.`idUsuario` = :compraVenda.idUsuario:
AND `tickets`.`dataValidacao` = :tickets.dataValidacao:', [...], false)
 5 APPPATH/Models/TicketsModel.php(202): CodeIgniter\Database\BaseBuilder->get()
 6 APPPATH/Controllers/Tests/TicketsTest.php(18): App\Models\TicketsModel->getTicketsValidatedToday(1)
 7 APPPATH/Controllers/Tests/TicketsTest.php(10): App\Controllers\Tests\TicketsTest->teste1()
 8 SYSTEMPATH/CodeIgniter.php(932): App\Controllers\Tests\TicketsTest->index()
 9 SYSTEMPATH/CodeIgniter.php(497): CodeIgniter\CodeIgniter->runController(Object(App\Controllers\Tests\TicketsTest))
10 SYSTEMPATH/CodeIgniter.php(366): CodeIgniter\CodeIgniter->handleRequest(null, Object(Config\Cache), false)
11 FCPATH/index.php(67): CodeIgniter\CodeIgniter->run()
ERROR - 2023-09-24 13:46:55 --> mysqli_sql_exception: Table 'ru.tickets' doesn't exist in /opt/lampp/htdocs/RestauranteUniversitario/system/Database/MySQLi/Connection.php:295
Stack trace:
#0 /opt/lampp/htdocs/RestauranteUniversitario/system/Database/MySQLi/Connection.php(295): mysqli->query('SELECT *\nFROM `...', 0)
#1 /opt/lampp/htdocs/RestauranteUniversitario/system/Database/BaseConnection.php(692): CodeIgniter\Database\MySQLi\Connection->execute('SELECT *\nFROM `...')
#2 /opt/lampp/htdocs/RestauranteUniversitario/system/Database/BaseConnection.php(606): CodeIgniter\Database\BaseConnection->simpleQuery('SELECT *\nFROM `...')
#3 /opt/lampp/htdocs/RestauranteUniversitario/system/Database/BaseBuilder.php(1616): CodeIgniter\Database\BaseConnection->query('SELECT *\nFROM `...', Array, false)
#4 /opt/lampp/htdocs/RestauranteUniversitario/app/Models/TicketsModel.php(202): CodeIgniter\Database\BaseBuilder->get()
#5 /opt/lampp/htdocs/RestauranteUniversitario/app/Controllers/Tests/TicketsTest.php(18): App\Models\TicketsModel->getTicketsValidatedToday(1)
#6 /opt/lampp/htdocs/RestauranteUniversitario/app/Controllers/Tests/TicketsTest.php(10): App\Controllers\Tests\TicketsTest->teste1()
#7 /opt/lampp/htdocs/RestauranteUniversitario/system/CodeIgniter.php(932): App\Controllers\Tests\TicketsTest->index()
#8 /opt/lampp/htdocs/RestauranteUniversitario/system/CodeIgniter.php(497): CodeIgniter\CodeIgniter->runController(Object(App\Controllers\Tests\TicketsTest))
#9 /opt/lampp/htdocs/RestauranteUniversitario/system/CodeIgniter.php(366): CodeIgniter\CodeIgniter->handleRequest(NULL, Object(Config\Cache), false)
#10 /opt/lampp/htdocs/RestauranteUniversitario/public/index.php(67): CodeIgniter\CodeIgniter->run()
#11 {main}
CRITICAL - 2023-09-24 13:46:55 --> Table 'ru.tickets' doesn't exist
in SYSTEMPATH/Database/MySQLi/Connection.php on line 295.
 1 SYSTEMPATH/Database/MySQLi/Connection.php(295): mysqli->query('SELECT *
FROM `compraVenda`
JOIN `tickets` ON `tickets`.`idTicket` = `compraVenda`.`idTicket`
WHERE `compraVenda`.`idUsuario` = 1
AND `tickets`.`dataValidacao` = \'CURDATE()\'', 0)
 2 SYSTEMPATH/Database/BaseConnection.php(692): CodeIgniter\Database\MySQLi\Connection->execute('SELECT *
FROM `compraVenda`
JOIN `tickets` ON `tickets`.`idTicket` = `compraVenda`.`idTicket`
WHERE `compraVenda`.`idUsuario` = 1
AND `tickets`.`dataValidacao` = \'CURDATE()\'')
 3 SYSTEMPATH/Database/BaseConnection.php(606): CodeIgniter\Database\BaseConnection->simpleQuery('SELECT *
FROM `compraVenda`
JOIN `tickets` ON `tickets`.`idTicket` = `compraVenda`.`idTicket`
WHERE `compraVenda`.`idUsuario` = 1
AND `tickets`.`dataValidacao` = \'CURDATE()\'')
 4 SYSTEMPATH/Database/BaseBuilder.php(1616): CodeIgniter\Database\BaseConnection->query('SELECT *
FROM `compraVenda`
JOIN `tickets` ON `tickets`.`idTicket` = `compraVenda`.`idTicket`
WHERE `compraVenda`.`idUsuario` = :compraVenda.idUsuario:
AND `tickets`.`dataValidacao` = :tickets.dataValidacao:', [...], false)
 5 APPPATH/Models/TicketsModel.php(202): CodeIgniter\Database\BaseBuilder->get()
 6 APPPATH/Controllers/Tests/TicketsTest.php(18): App\Models\TicketsModel->getTicketsValidatedToday(1)
 7 APPPATH/Controllers/Tests/TicketsTest.php(10): App\Controllers\Tests\TicketsTest->teste1()
 8 SYSTEMPATH/CodeIgniter.php(932): App\Controllers\Tests\TicketsTest->index()
 9 SYSTEMPATH/CodeIgniter.php(497): CodeIgniter\CodeIgniter->runController(Object(App\Controllers\Tests\TicketsTest))
10 SYSTEMPATH/CodeIgniter.php(366): CodeIgniter\CodeIgniter->handleRequest(null, Object(Config\Cache), false)
11 FCPATH/index.php(67): CodeIgniter\CodeIgniter->run()
ERROR - 2023-09-24 13:47:46 --> mysqli_sql_exception: Unknown column 'tickets.dataValidacao' in 'where clause' in /opt/lampp/htdocs/RestauranteUniversitario/system/Database/MySQLi/Connection.php:295
Stack trace:
#0 /opt/lampp/htdocs/RestauranteUniversitario/system/Database/MySQLi/Connection.php(295): mysqli->query('SELECT *\nFROM `...', 0)
#1 /opt/lampp/htdocs/RestauranteUniversitario/system/Database/BaseConnection.php(692): CodeIgniter\Database\MySQLi\Connection->execute('SELECT *\nFROM `...')
#2 /opt/lampp/htdocs/RestauranteUniversitario/system/Database/BaseConnection.php(606): CodeIgniter\Database\BaseConnection->simpleQuery('SELECT *\nFROM `...')
#3 /opt/lampp/htdocs/RestauranteUniversitario/system/Database/BaseBuilder.php(1616): CodeIgniter\Database\BaseConnection->query('SELECT *\nFROM `...', Array, false)
#4 /opt/lampp/htdocs/RestauranteUniversitario/app/Models/TicketsModel.php(202): CodeIgniter\Database\BaseBuilder->get()
#5 /opt/lampp/htdocs/RestauranteUniversitario/app/Controllers/Tests/TicketsTest.php(18): App\Models\TicketsModel->getTicketsValidatedToday(1)
#6 /opt/lampp/htdocs/RestauranteUniversitario/app/Controllers/Tests/TicketsTest.php(10): App\Controllers\Tests\TicketsTest->teste1()
#7 /opt/lampp/htdocs/RestauranteUniversitario/system/CodeIgniter.php(932): App\Controllers\Tests\TicketsTest->index()
#8 /opt/lampp/htdocs/RestauranteUniversitario/system/CodeIgniter.php(497): CodeIgniter\CodeIgniter->runController(Object(App\Controllers\Tests\TicketsTest))
#9 /opt/lampp/htdocs/RestauranteUniversitario/system/CodeIgniter.php(366): CodeIgniter\CodeIgniter->handleRequest(NULL, Object(Config\Cache), false)
#10 /opt/lampp/htdocs/RestauranteUniversitario/public/index.php(67): CodeIgniter\CodeIgniter->run()
#11 {main}
CRITICAL - 2023-09-24 13:47:46 --> Unknown column 'tickets.dataValidacao' in 'where clause'
in SYSTEMPATH/Database/MySQLi/Connection.php on line 295.
 1 SYSTEMPATH/Database/MySQLi/Connection.php(295): mysqli->query('SELECT *
FROM `compraVenda`
JOIN `ticket` ON `ticket`.`idTicket` = `compraVenda`.`idTicket`
WHERE `compraVenda`.`idUsuario` = 1
AND `tickets`.`dataValidacao` = \'CURDATE()\'', 0)
 2 SYSTEMPATH/Database/BaseConnection.php(692): CodeIgniter\Database\MySQLi\Connection->execute('SELECT *
FROM `compraVenda`
JOIN `ticket` ON `ticket`.`idTicket` = `compraVenda`.`idTicket`
WHERE `compraVenda`.`idUsuario` = 1
AND `tickets`.`dataValidacao` = \'CURDATE()\'')
 3 SYSTEMPATH/Database/BaseConnection.php(606): CodeIgniter\Database\BaseConnection->simpleQuery('SELECT *
FROM `compraVenda`
JOIN `ticket` ON `ticket`.`idTicket` = `compraVenda`.`idTicket`
WHERE `compraVenda`.`idUsuario` = 1
AND `tickets`.`dataValidacao` = \'CURDATE()\'')
 4 SYSTEMPATH/Database/BaseBuilder.php(1616): CodeIgniter\Database\BaseConnection->query('SELECT *
FROM `compraVenda`
JOIN `ticket` ON `ticket`.`idTicket` = `compraVenda`.`idTicket`
WHERE `compraVenda`.`idUsuario` = :compraVenda.idUsuario:
AND `tickets`.`dataValidacao` = :tickets.dataValidacao:', [...], false)
 5 APPPATH/Models/TicketsModel.php(202): CodeIgniter\Database\BaseBuilder->get()
 6 APPPATH/Controllers/Tests/TicketsTest.php(18): App\Models\TicketsModel->getTicketsValidatedToday(1)
 7 APPPATH/Controllers/Tests/TicketsTest.php(10): App\Controllers\Tests\TicketsTest->teste1()
 8 SYSTEMPATH/CodeIgniter.php(932): App\Controllers\Tests\TicketsTest->index()
 9 SYSTEMPATH/CodeIgniter.php(497): CodeIgniter\CodeIgniter->runController(Object(App\Controllers\Tests\TicketsTest))
10 SYSTEMPATH/CodeIgniter.php(366): CodeIgniter\CodeIgniter->handleRequest(null, Object(Config\Cache), false)
11 FCPATH/index.php(67): CodeIgniter\CodeIgniter->run()
ERROR - 2023-09-24 13:48:10 --> mysqli_sql_exception: Incorrect DATE value: 'CURDATE()' in /opt/lampp/htdocs/RestauranteUniversitario/system/Database/MySQLi/Connection.php:295
Stack trace:
#0 /opt/lampp/htdocs/RestauranteUniversitario/system/Database/MySQLi/Connection.php(295): mysqli->query('SELECT *\nFROM `...', 0)
#1 /opt/lampp/htdocs/RestauranteUniversitario/system/Database/BaseConnection.php(692): CodeIgniter\Database\MySQLi\Connection->execute('SELECT *\nFROM `...')
#2 /opt/lampp/htdocs/RestauranteUniversitario/system/Database/BaseConnection.php(606): CodeIgniter\Database\BaseConnection->simpleQuery('SELECT *\nFROM `...')
#3 /opt/lampp/htdocs/RestauranteUniversitario/system/Database/BaseBuilder.php(1616): CodeIgniter\Database\BaseConnection->query('SELECT *\nFROM `...', Array, false)
#4 /opt/lampp/htdocs/RestauranteUniversitario/app/Models/TicketsModel.php(202): CodeIgniter\Database\BaseBuilder->get()
#5 /opt/lampp/htdocs/RestauranteUniversitario/app/Controllers/Tests/TicketsTest.php(18): App\Models\TicketsModel->getTicketsValidatedToday(1)
#6 /opt/lampp/htdocs/RestauranteUniversitario/app/Controllers/Tests/TicketsTest.php(10): App\Controllers\Tests\TicketsTest->teste1()
#7 /opt/lampp/htdocs/RestauranteUniversitario/system/CodeIgniter.php(932): App\Controllers\Tests\TicketsTest->index()
#8 /opt/lampp/htdocs/RestauranteUniversitario/system/CodeIgniter.php(497): CodeIgniter\CodeIgniter->runController(Object(App\Controllers\Tests\TicketsTest))
#9 /opt/lampp/htdocs/RestauranteUniversitario/system/CodeIgniter.php(366): CodeIgniter\CodeIgniter->handleRequest(NULL, Object(Config\Cache), false)
#10 /opt/lampp/htdocs/RestauranteUniversitario/public/index.php(67): CodeIgniter\CodeIgniter->run()
#11 {main}
CRITICAL - 2023-09-24 13:48:10 --> Incorrect DATE value: 'CURDATE()'
in SYSTEMPATH/Database/MySQLi/Connection.php on line 295.
 1 SYSTEMPATH/Database/MySQLi/Connection.php(295): mysqli->query('SELECT *
FROM `compraVenda`
JOIN `ticket` ON `ticket`.`idTicket` = `compraVenda`.`idTicket`
WHERE `compraVenda`.`idUsuario` = 1
AND `ticket`.`dataValidacao` = \'CURDATE()\'', 0)
 2 SYSTEMPATH/Database/BaseConnection.php(692): CodeIgniter\Database\MySQLi\Connection->execute('SELECT *
FROM `compraVenda`
JOIN `ticket` ON `ticket`.`idTicket` = `compraVenda`.`idTicket`
WHERE `compraVenda`.`idUsuario` = 1
AND `ticket`.`dataValidacao` = \'CURDATE()\'')
 3 SYSTEMPATH/Database/BaseConnection.php(606): CodeIgniter\Database\BaseConnection->simpleQuery('SELECT *
FROM `compraVenda`
JOIN `ticket` ON `ticket`.`idTicket` = `compraVenda`.`idTicket`
WHERE `compraVenda`.`idUsuario` = 1
AND `ticket`.`dataValidacao` = \'CURDATE()\'')
 4 SYSTEMPATH/Database/BaseBuilder.php(1616): CodeIgniter\Database\BaseConnection->query('SELECT *
FROM `compraVenda`
JOIN `ticket` ON `ticket`.`idTicket` = `compraVenda`.`idTicket`
WHERE `compraVenda`.`idUsuario` = :compraVenda.idUsuario:
AND `ticket`.`dataValidacao` = :ticket.dataValidacao:', [...], false)
 5 APPPATH/Models/TicketsModel.php(202): CodeIgniter\Database\BaseBuilder->get()
 6 APPPATH/Controllers/Tests/TicketsTest.php(18): App\Models\TicketsModel->getTicketsValidatedToday(1)
 7 APPPATH/Controllers/Tests/TicketsTest.php(10): App\Controllers\Tests\TicketsTest->teste1()
 8 SYSTEMPATH/CodeIgniter.php(932): App\Controllers\Tests\TicketsTest->index()
 9 SYSTEMPATH/CodeIgniter.php(497): CodeIgniter\CodeIgniter->runController(Object(App\Controllers\Tests\TicketsTest))
10 SYSTEMPATH/CodeIgniter.php(366): CodeIgniter\CodeIgniter->handleRequest(null, Object(Config\Cache), false)
11 FCPATH/index.php(67): CodeIgniter\CodeIgniter->run()
CRITICAL - 2023-09-24 13:49:16 --> syntax error, unexpected variable "$query", expecting "," or ";"
in APPPATH/Models/TicketsModel.php on line 199.
 1 SYSTEMPATH/Autoloader/Autoloader.php(291): CodeIgniter\Autoloader\Autoloader->includeFile('/opt/lampp/htdocs/RestauranteUniversitario/app/Models/TicketsModel.php')
 2 SYSTEMPATH/Autoloader/Autoloader.php(269): CodeIgniter\Autoloader\Autoloader->loadInNamespace('App\\Models\\TicketsModel')
 3 APPPATH/Controllers/Tests/TicketsTest.php(15): CodeIgniter\Autoloader\Autoloader->loadClass('App\\Models\\TicketsModel')
 4 APPPATH/Controllers/Tests/TicketsTest.php(10): App\Controllers\Tests\TicketsTest->teste1()
 5 SYSTEMPATH/CodeIgniter.php(932): App\Controllers\Tests\TicketsTest->index()
 6 SYSTEMPATH/CodeIgniter.php(497): CodeIgniter\CodeIgniter->runController(Object(App\Controllers\Tests\TicketsTest))
 7 SYSTEMPATH/CodeIgniter.php(366): CodeIgniter\CodeIgniter->handleRequest(null, Object(Config\Cache), false)
 8 FCPATH/index.php(67): CodeIgniter\CodeIgniter->run()
CRITICAL - 2023-09-24 13:49:54 --> Array to string conversion
in APPPATH/Controllers/Tests/TicketsTest.php on line 10.
 1 APPPATH/Controllers/Tests/TicketsTest.php(10): CodeIgniter\Debug\Exceptions->errorHandler(2, 'Array to string conversion', '/opt/lampp/htdocs/RestauranteUniversitario/app/Controllers/Tests/TicketsTest.php', 10)
 2 SYSTEMPATH/CodeIgniter.php(932): App\Controllers\Tests\TicketsTest->index()
 3 SYSTEMPATH/CodeIgniter.php(497): CodeIgniter\CodeIgniter->runController(Object(App\Controllers\Tests\TicketsTest))
 4 SYSTEMPATH/CodeIgniter.php(366): CodeIgniter\CodeIgniter->handleRequest(null, Object(Config\Cache), false)
 5 FCPATH/index.php(67): CodeIgniter\CodeIgniter->run()
INFO - 2023-09-24 13:50:54 --> Session: Class initialized using 'CodeIgniter\Session\Handlers\FileHandler' driver.
INFO - 2023-09-24 13:50:57 --> Session: Class initialized using 'CodeIgniter\Session\Handlers\FileHandler' driver.
INFO - 2023-09-24 13:51:04 --> Session: Class initialized using 'CodeIgniter\Session\Handlers\FileHandler' driver.
INFO - 2023-09-24 13:51:04 --> Session: Class initialized using 'CodeIgniter\Session\Handlers\FileHandler' driver.
INFO - 2023-09-24 13:51:07 --> Session: Class initialized using 'CodeIgniter\Session\Handlers\FileHandler' driver.
INFO - 2023-09-24 13:51:08 --> Session: Class initialized using 'CodeIgniter\Session\Handlers\FileHandler' driver.
INFO - 2023-09-24 13:51:09 --> Session: Class initialized using 'CodeIgniter\Session\Handlers\FileHandler' driver.
INFO - 2023-09-24 13:51:11 --> Session: Class initialized using 'CodeIgniter\Session\Handlers\FileHandler' driver.
INFO - 2023-09-24 13:51:15 --> Session: Class initialized using 'CodeIgniter\Session\Handlers\FileHandler' driver.
INFO - 2023-09-24 13:51:16 --> Session: Class initialized using 'CodeIgniter\Session\Handlers\FileHandler' driver.
INFO - 2023-09-24 13:51:27 --> Session: Class initialized using 'CodeIgniter\Session\Handlers\FileHandler' driver.
INFO - 2023-09-24 13:51:27 --> Session: Class initialized using 'CodeIgniter\Session\Handlers\FileHandler' driver.
INFO - 2023-09-24 13:54:58 --> Session: Class initialized using 'CodeIgniter\Session\Handlers\FileHandler' driver.
INFO - 2023-09-24 13:55:02 --> Session: Class initialized using 'CodeIgniter\Session\Handlers\FileHandler' driver.
INFO - 2023-09-24 13:55:04 --> Session: Class initialized using 'CodeIgniter\Session\Handlers\FileHandler' driver.
INFO - 2023-09-24 13:55:07 --> Session: Class initialized using 'CodeIgniter\Session\Handlers\FileHandler' driver.
INFO - 2023-09-24 13:55:07 --> Session: Class initialized using 'CodeIgniter\Session\Handlers\FileHandler' driver.
INFO - 2023-09-24 14:00:09 --> Session: Class initialized using 'CodeIgniter\Session\Handlers\FileHandler' driver.
INFO - 2023-09-24 14:00:10 --> Session: Class initialized using 'CodeIgniter\Session\Handlers\FileHandler' driver.
INFO - 2023-09-24 14:00:11 --> Session: Class initialized using 'CodeIgniter\Session\Handlers\FileHandler' driver.
INFO - 2023-09-24 14:00:22 --> Session: Class initialized using 'CodeIgniter\Session\Handlers\FileHandler' driver.
INFO - 2023-09-24 14:00:24 --> Session: Class initialized using 'CodeIgniter\Session\Handlers\FileHandler' driver.
INFO - 2023-09-24 14:00:25 --> Session: Class initialized using 'CodeIgniter\Session\Handlers\FileHandler' driver.
INFO - 2023-09-24 14:00:26 --> Session: Class initialized using 'CodeIgniter\Session\Handlers\FileHandler' driver.
INFO - 2023-09-24 14:00:27 --> Session: Class initialized using 'CodeIgniter\Session\Handlers\FileHandler' driver.
INFO - 2023-09-24 14:00:29 --> Session: Class initialized using 'CodeIgniter\Session\Handlers\FileHandler' driver.
INFO - 2023-09-24 14:00:36 --> Session: Class initialized using 'CodeIgniter\Session\Handlers\FileHandler' driver.
INFO - 2023-09-24 14:00:38 --> Session: Class initialized using 'CodeIgniter\Session\Handlers\FileHandler' driver.
INFO - 2023-09-24 14:00:41 --> Session: Class initialized using 'CodeIgniter\Session\Handlers\FileHandler' driver.
CRITICAL - 2023-09-24 14:00:41 --> Object of class stdClass could not be converted to string
in SYSTEMPATH/Database/Query.php on line 335.
 1 SYSTEMPATH/Database/Query.php(335): strtr('SELECT *
FROM `compraVenda`
JOIN `ticket` ON `ticket`.`idTicket` = `compraVenda`.`idTicket`
WHERE `compraVenda`.`idUsuario` = :compraVenda.idUsuario:
AND `ticket`.`dataValidacao` = :ticket.dataValidacao:', [...])
 2 SYSTEMPATH/Database/Query.php(310): CodeIgniter\Database\Query->matchNamedBinds('SELECT *
FROM `compraVenda`
JOIN `ticket` ON `ticket`.`idTicket` = `compraVenda`.`idTicket`
WHERE `compraVenda`.`idUsuario` = :compraVenda.idUsuario:
AND `ticket`.`dataValidacao` = :ticket.dataValidacao:', [...])
 3 SYSTEMPATH/Database/Query.php(159): CodeIgniter\Database\Query->compileBinds()
 4 SYSTEMPATH/Database/BaseConnection.php(606): CodeIgniter\Database\Query->getQuery()
 5 SYSTEMPATH/Database/BaseBuilder.php(1616): CodeIgniter\Database\BaseConnection->query('SELECT *
FROM `compraVenda`
JOIN `ticket` ON `ticket`.`idTicket` = `compraVenda`.`idTicket`
WHERE `compraVenda`.`idUsuario` = :compraVenda.idUsuario:
AND `ticket`.`dataValidacao` = :ticket.dataValidacao:', [...], false)
 6 APPPATH/Models/TicketsModel.php(204): CodeIgniter\Database\BaseBuilder->get()
 7 APPPATH/Controllers/Tickets.php(95): App\Models\TicketsModel->getTicketsValidatedToday(Object(stdClass))
 8 SYSTEMPATH/CodeIgniter.php(932): App\Controllers\Tickets->validateTicket()
 9 SYSTEMPATH/CodeIgniter.php(497): CodeIgniter\CodeIgniter->runController(Object(App\Controllers\Tickets))
10 SYSTEMPATH/CodeIgniter.php(366): CodeIgniter\CodeIgniter->handleRequest(null, Object(Config\Cache), false)
11 FCPATH/index.php(67): CodeIgniter\CodeIgniter->run()
CRITICAL - 2023-09-24 14:03:27 --> Call to undefined function PHPSTORM_META\type()
in APPPATH/Controllers/Tests/TicketsTest.php on line 24.
 1 APPPATH/Controllers/Tests/TicketsTest.php(13): App\Controllers\Tests\TicketsTest->teste1(1)
 2 SYSTEMPATH/CodeIgniter.php(932): App\Controllers\Tests\TicketsTest->index()
 3 SYSTEMPATH/CodeIgniter.php(497): CodeIgniter\CodeIgniter->runController(Object(App\Controllers\Tests\TicketsTest))
 4 SYSTEMPATH/CodeIgniter.php(366): CodeIgniter\CodeIgniter->handleRequest(null, Object(Config\Cache), false)
 5 FCPATH/index.php(67): CodeIgniter\CodeIgniter->run()
INFO - 2023-09-24 14:07:09 --> Session: Class initialized using 'CodeIgniter\Session\Handlers\FileHandler' driver.
CRITICAL - 2023-09-24 14:07:14 --> Undefined array key 0
in APPPATH/Controllers/Tickets.php on line 90.
 1 APPPATH/Controllers/Tickets.php(90): CodeIgniter\Debug\Exceptions->errorHandler(2, 'Undefined array key 0', '/opt/lampp/htdocs/RestauranteUniversitario/app/Controllers/Tickets.php', 90)
 2 SYSTEMPATH/CodeIgniter.php(932): App\Controllers\Tickets->validateTicket()
 3 SYSTEMPATH/CodeIgniter.php(497): CodeIgniter\CodeIgniter->runController(Object(App\Controllers\Tickets))
 4 SYSTEMPATH/CodeIgniter.php(366): CodeIgniter\CodeIgniter->handleRequest(null, Object(Config\Cache), false)
 5 FCPATH/index.php(67): CodeIgniter\CodeIgniter->run()
INFO - 2023-09-24 14:07:17 --> Session: Class initialized using 'CodeIgniter\Session\Handlers\FileHandler' driver.
INFO - 2023-09-24 14:07:25 --> Session: Class initialized using 'CodeIgniter\Session\Handlers\FileHandler' driver.
INFO - 2023-09-24 14:07:27 --> Session: Class initialized using 'CodeIgniter\Session\Handlers\FileHandler' driver.
INFO - 2023-09-24 14:07:28 --> Session: Class initialized using 'CodeIgniter\Session\Handlers\FileHandler' driver.
INFO - 2023-09-24 14:07:36 --> Session: Class initialized using 'CodeIgniter\Session\Handlers\FileHandler' driver.
CRITICAL - 2023-09-24 14:07:36 --> Object of class stdClass could not be converted to string
in SYSTEMPATH/Database/Query.php on line 335.
 1 SYSTEMPATH/Database/Query.php(335): strtr('SELECT *
FROM `compraVenda`
JOIN `ticket` ON `ticket`.`idTicket` = `compraVenda`.`idTicket`
WHERE `compraVenda`.`idUsuario` = :compraVenda.idUsuario:
AND `ticket`.`dataValidacao` = :ticket.dataValidacao:', [...])
 2 SYSTEMPATH/Database/Query.php(310): CodeIgniter\Database\Query->matchNamedBinds('SELECT *
FROM `compraVenda`
JOIN `ticket` ON `ticket`.`idTicket` = `compraVenda`.`idTicket`
WHERE `compraVenda`.`idUsuario` = :compraVenda.idUsuario:
AND `ticket`.`dataValidacao` = :ticket.dataValidacao:', [...])
 3 SYSTEMPATH/Database/Query.php(159): CodeIgniter\Database\Query->compileBinds()
 4 SYSTEMPATH/Database/BaseConnection.php(606): CodeIgniter\Database\Query->getQuery()
 5 SYSTEMPATH/Database/BaseBuilder.php(1616): CodeIgniter\Database\BaseConnection->query('SELECT *
FROM `compraVenda`
JOIN `ticket` ON `ticket`.`idTicket` = `compraVenda`.`idTicket`
WHERE `compraVenda`.`idUsuario` = :compraVenda.idUsuario:
AND `ticket`.`dataValidacao` = :ticket.dataValidacao:', [...], false)
 6 APPPATH/Models/TicketsModel.php(204): CodeIgniter\Database\BaseBuilder->get()
 7 APPPATH/Controllers/Tickets.php(96): App\Models\TicketsModel->getTicketsValidatedToday(Object(stdClass))
 8 SYSTEMPATH/CodeIgniter.php(932): App\Controllers\Tickets->validateTicket()
 9 SYSTEMPATH/CodeIgniter.php(497): CodeIgniter\CodeIgniter->runController(Object(App\Controllers\Tickets))
10 SYSTEMPATH/CodeIgniter.php(366): CodeIgniter\CodeIgniter->handleRequest(null, Object(Config\Cache), false)
11 FCPATH/index.php(67): CodeIgniter\CodeIgniter->run()
INFO - 2023-09-24 14:09:01 --> Session: Class initialized using 'CodeIgniter\Session\Handlers\FileHandler' driver.
INFO - 2023-09-24 14:12:09 --> Session: Class initialized using 'CodeIgniter\Session\Handlers\FileHandler' driver.
CRITICAL - 2023-09-24 14:12:09 --> Object of class stdClass could not be converted to string
in SYSTEMPATH/Database/Query.php on line 335.
 1 SYSTEMPATH/Database/Query.php(335): strtr('SELECT *
FROM `compraVenda`
JOIN `ticket` ON `ticket`.`idTicket` = `compraVenda`.`idTicket`
WHERE `compraVenda`.`idUsuario` = :compraVenda.idUsuario:
AND `ticket`.`dataValidacao` = :ticket.dataValidacao:', [...])
 2 SYSTEMPATH/Database/Query.php(310): CodeIgniter\Database\Query->matchNamedBinds('SELECT *
FROM `compraVenda`
JOIN `ticket` ON `ticket`.`idTicket` = `compraVenda`.`idTicket`
WHERE `compraVenda`.`idUsuario` = :compraVenda.idUsuario:
AND `ticket`.`dataValidacao` = :ticket.dataValidacao:', [...])
 3 SYSTEMPATH/Database/Query.php(159): CodeIgniter\Database\Query->compileBinds()
 4 SYSTEMPATH/Database/BaseConnection.php(606): CodeIgniter\Database\Query->getQuery()
 5 SYSTEMPATH/Database/BaseBuilder.php(1616): CodeIgniter\Database\BaseConnection->query('SELECT *
FROM `compraVenda`
JOIN `ticket` ON `ticket`.`idTicket` = `compraVenda`.`idTicket`
WHERE `compraVenda`.`idUsuario` = :compraVenda.idUsuario:
AND `ticket`.`dataValidacao` = :ticket.dataValidacao:', [...], false)
 6 APPPATH/Models/TicketsModel.php(204): CodeIgniter\Database\BaseBuilder->get()
 7 APPPATH/Controllers/Tickets.php(96): App\Models\TicketsModel->getTicketsValidatedToday(Object(stdClass))
 8 SYSTEMPATH/CodeIgniter.php(932): App\Controllers\Tickets->validateTicket()
 9 SYSTEMPATH/CodeIgniter.php(497): CodeIgniter\CodeIgniter->runController(Object(App\Controllers\Tickets))
10 SYSTEMPATH/CodeIgniter.php(366): CodeIgniter\CodeIgniter->handleRequest(null, Object(Config\Cache), false)
11 FCPATH/index.php(67): CodeIgniter\CodeIgniter->run()
INFO - 2023-09-24 14:12:33 --> Session: Class initialized using 'CodeIgniter\Session\Handlers\FileHandler' driver.
INFO - 2023-09-24 14:13:04 --> Session: Class initialized using 'CodeIgniter\Session\Handlers\FileHandler' driver.
CRITICAL - 2023-09-24 14:13:04 --> Object of class stdClass could not be converted to string
in SYSTEMPATH/Database/Query.php on line 335.
 1 SYSTEMPATH/Database/Query.php(335): strtr('SELECT *
FROM `compraVenda`
JOIN `ticket` ON `ticket`.`idTicket` = `compraVenda`.`idTicket`
WHERE `compraVenda`.`idUsuario` = :compraVenda.idUsuario:
AND `ticket`.`dataValidacao` = :ticket.dataValidacao:', [...])
 2 SYSTEMPATH/Database/Query.php(310): CodeIgniter\Database\Query->matchNamedBinds('SELECT *
FROM `compraVenda`
JOIN `ticket` ON `ticket`.`idTicket` = `compraVenda`.`idTicket`
WHERE `compraVenda`.`idUsuario` = :compraVenda.idUsuario:
AND `ticket`.`dataValidacao` = :ticket.dataValidacao:', [...])
 3 SYSTEMPATH/Database/Query.php(159): CodeIgniter\Database\Query->compileBinds()
 4 SYSTEMPATH/Database/BaseConnection.php(606): CodeIgniter\Database\Query->getQuery()
 5 SYSTEMPATH/Database/BaseBuilder.php(1616): CodeIgniter\Database\BaseConnection->query('SELECT *
FROM `compraVenda`
JOIN `ticket` ON `ticket`.`idTicket` = `compraVenda`.`idTicket`
WHERE `compraVenda`.`idUsuario` = :compraVenda.idUsuario:
AND `ticket`.`dataValidacao` = :ticket.dataValidacao:', [...], false)
 6 APPPATH/Models/TicketsModel.php(204): CodeIgniter\Database\BaseBuilder->get()
 7 APPPATH/Controllers/Tickets.php(96): App\Models\TicketsModel->getTicketsValidatedToday(Object(stdClass))
 8 SYSTEMPATH/CodeIgniter.php(932): App\Controllers\Tickets->validateTicket()
 9 SYSTEMPATH/CodeIgniter.php(497): CodeIgniter\CodeIgniter->runController(Object(App\Controllers\Tickets))
10 SYSTEMPATH/CodeIgniter.php(366): CodeIgniter\CodeIgniter->handleRequest(null, Object(Config\Cache), false)
11 FCPATH/index.php(67): CodeIgniter\CodeIgniter->run()
INFO - 2023-09-24 14:13:47 --> Session: Class initialized using 'CodeIgniter\Session\Handlers\FileHandler' driver.
CRITICAL - 2023-09-24 14:13:47 --> Object of class stdClass could not be converted to string
in SYSTEMPATH/Database/Query.php on line 335.
 1 SYSTEMPATH/Database/Query.php(335): strtr('SELECT *
FROM `compraVenda`
JOIN `ticket` ON `ticket`.`idTicket` = `compraVenda`.`idTicket`
WHERE `compraVenda`.`idUsuario` = :compraVenda.idUsuario:
AND `ticket`.`dataValidacao` = :ticket.dataValidacao:', [...])
 2 SYSTEMPATH/Database/Query.php(310): CodeIgniter\Database\Query->matchNamedBinds('SELECT *
FROM `compraVenda`
JOIN `ticket` ON `ticket`.`idTicket` = `compraVenda`.`idTicket`
WHERE `compraVenda`.`idUsuario` = :compraVenda.idUsuario:
AND `ticket`.`dataValidacao` = :ticket.dataValidacao:', [...])
 3 SYSTEMPATH/Database/Query.php(159): CodeIgniter\Database\Query->compileBinds()
 4 SYSTEMPATH/Database/BaseConnection.php(606): CodeIgniter\Database\Query->getQuery()
 5 SYSTEMPATH/Database/BaseBuilder.php(1616): CodeIgniter\Database\BaseConnection->query('SELECT *
FROM `compraVenda`
JOIN `ticket` ON `ticket`.`idTicket` = `compraVenda`.`idTicket`
WHERE `compraVenda`.`idUsuario` = :compraVenda.idUsuario:
AND `ticket`.`dataValidacao` = :ticket.dataValidacao:', [...], false)
 6 APPPATH/Models/TicketsModel.php(205): CodeIgniter\Database\BaseBuilder->get()
 7 APPPATH/Controllers/Tickets.php(96): App\Models\TicketsModel->getTicketsValidatedToday(Object(stdClass))
 8 SYSTEMPATH/CodeIgniter.php(932): App\Controllers\Tickets->validateTicket()
 9 SYSTEMPATH/CodeIgniter.php(497): CodeIgniter\CodeIgniter->runController(Object(App\Controllers\Tickets))
10 SYSTEMPATH/CodeIgniter.php(366): CodeIgniter\CodeIgniter->handleRequest(null, Object(Config\Cache), false)
11 FCPATH/index.php(67): CodeIgniter\CodeIgniter->run()
INFO - 2023-09-24 14:15:01 --> Session: Class initialized using 'CodeIgniter\Session\Handlers\FileHandler' driver.
CRITICAL - 2023-09-24 14:15:01 --> Object of class stdClass could not be converted to string
in SYSTEMPATH/Database/Query.php on line 335.
 1 SYSTEMPATH/Database/Query.php(335): strtr('SELECT *
FROM `compraVenda`
JOIN `ticket` ON `ticket`.`idTicket` = `compraVenda`.`idTicket`
WHERE `compraVenda`.`idUsuario` = :compraVenda.idUsuario:
AND `ticket`.`dataValidacao` = :ticket.dataValidacao:', [...])
 2 SYSTEMPATH/Database/Query.php(310): CodeIgniter\Database\Query->matchNamedBinds('SELECT *
FROM `compraVenda`
JOIN `ticket` ON `ticket`.`idTicket` = `compraVenda`.`idTicket`
WHERE `compraVenda`.`idUsuario` = :compraVenda.idUsuario:
AND `ticket`.`dataValidacao` = :ticket.dataValidacao:', [...])
 3 SYSTEMPATH/Database/Query.php(159): CodeIgniter\Database\Query->compileBinds()
 4 SYSTEMPATH/Database/BaseConnection.php(606): CodeIgniter\Database\Query->getQuery()
 5 SYSTEMPATH/Database/BaseBuilder.php(1616): CodeIgniter\Database\BaseConnection->query('SELECT *
FROM `compraVenda`
JOIN `ticket` ON `ticket`.`idTicket` = `compraVenda`.`idTicket`
WHERE `compraVenda`.`idUsuario` = :compraVenda.idUsuario:
AND `ticket`.`dataValidacao` = :ticket.dataValidacao:', [...], false)
 6 APPPATH/Models/TicketsModel.php(205): CodeIgniter\Database\BaseBuilder->get()
 7 APPPATH/Controllers/Tickets.php(96): App\Models\TicketsModel->getTicketsValidatedToday(Object(stdClass))
 8 SYSTEMPATH/CodeIgniter.php(932): App\Controllers\Tickets->validateTicket()
 9 SYSTEMPATH/CodeIgniter.php(497): CodeIgniter\CodeIgniter->runController(Object(App\Controllers\Tickets))
10 SYSTEMPATH/CodeIgniter.php(366): CodeIgniter\CodeIgniter->handleRequest(null, Object(Config\Cache), false)
11 FCPATH/index.php(67): CodeIgniter\CodeIgniter->run()
CRITICAL - 2023-09-24 14:17:49 --> syntax error, unexpected token "return"
in APPPATH/Controllers/Tests/TicketsTest.php on line 27.
 1 SYSTEMPATH/Autoloader/Autoloader.php(291): CodeIgniter\Autoloader\Autoloader->includeFile('/opt/lampp/htdocs/RestauranteUniversitario/app/Controllers/Tests/TicketsTest.php')
 2 SYSTEMPATH/Autoloader/Autoloader.php(269): CodeIgniter\Autoloader\Autoloader->loadInNamespace('App\\Controllers\\Tests\\TicketsTest')
 3 [internal function]: CodeIgniter\Autoloader\Autoloader->loadClass('App\\Controllers\\Tests\\TicketsTest')
 4 SYSTEMPATH/CodeIgniter.php(890): class_exists('\\App\\Controllers\\Tests\\TicketsTest', true)
 5 SYSTEMPATH/CodeIgniter.php(484): CodeIgniter\CodeIgniter->startController()
 6 SYSTEMPATH/CodeIgniter.php(366): CodeIgniter\CodeIgniter->handleRequest(null, Object(Config\Cache), false)
 7 FCPATH/index.php(67): CodeIgniter\CodeIgniter->run()
CRITICAL - 2023-09-24 14:18:00 --> syntax error, unexpected token "return"
in APPPATH/Controllers/Tests/TicketsTest.php on line 27.
 1 SYSTEMPATH/Autoloader/Autoloader.php(291): CodeIgniter\Autoloader\Autoloader->includeFile('/opt/lampp/htdocs/RestauranteUniversitario/app/Controllers/Tests/TicketsTest.php')
 2 SYSTEMPATH/Autoloader/Autoloader.php(269): CodeIgniter\Autoloader\Autoloader->loadInNamespace('App\\Controllers\\Tests\\TicketsTest')
 3 [internal function]: CodeIgniter\Autoloader\Autoloader->loadClass('App\\Controllers\\Tests\\TicketsTest')
 4 SYSTEMPATH/CodeIgniter.php(890): class_exists('\\App\\Controllers\\Tests\\TicketsTest', true)
 5 SYSTEMPATH/CodeIgniter.php(484): CodeIgniter\CodeIgniter->startController()
 6 SYSTEMPATH/CodeIgniter.php(366): CodeIgniter\CodeIgniter->handleRequest(null, Object(Config\Cache), false)
 7 FCPATH/index.php(67): CodeIgniter\CodeIgniter->run()
CRITICAL - 2023-09-24 14:18:04 --> syntax error, unexpected token "return"
in APPPATH/Controllers/Tests/TicketsTest.php on line 27.
 1 SYSTEMPATH/Autoloader/Autoloader.php(291): CodeIgniter\Autoloader\Autoloader->includeFile('/opt/lampp/htdocs/RestauranteUniversitario/app/Controllers/Tests/TicketsTest.php')
 2 SYSTEMPATH/Autoloader/Autoloader.php(269): CodeIgniter\Autoloader\Autoloader->loadInNamespace('App\\Controllers\\Tests\\TicketsTest')
 3 [internal function]: CodeIgniter\Autoloader\Autoloader->loadClass('App\\Controllers\\Tests\\TicketsTest')
 4 SYSTEMPATH/CodeIgniter.php(890): class_exists('\\App\\Controllers\\Tests\\TicketsTest', true)
 5 SYSTEMPATH/CodeIgniter.php(484): CodeIgniter\CodeIgniter->startController()
 6 SYSTEMPATH/CodeIgniter.php(366): CodeIgniter\CodeIgniter->handleRequest(null, Object(Config\Cache), false)
 7 FCPATH/index.php(67): CodeIgniter\CodeIgniter->run()
CRITICAL - 2023-09-24 14:20:05 --> Cannot use object of type stdClass as array
in APPPATH/Controllers/Tests/TicketsTest.php on line 39.
 1 APPPATH/Controllers/Tests/TicketsTest.php(15): App\Controllers\Tests\TicketsTest->teste2(1)
 2 SYSTEMPATH/CodeIgniter.php(932): App\Controllers\Tests\TicketsTest->index()
 3 SYSTEMPATH/CodeIgniter.php(497): CodeIgniter\CodeIgniter->runController(Object(App\Controllers\Tests\TicketsTest))
 4 SYSTEMPATH/CodeIgniter.php(366): CodeIgniter\CodeIgniter->handleRequest(null, Object(Config\Cache), false)
 5 FCPATH/index.php(67): CodeIgniter\CodeIgniter->run()
INFO - 2023-09-24 14:21:28 --> Session: Class initialized using 'CodeIgniter\Session\Handlers\FileHandler' driver.
CRITICAL - 2023-09-24 14:21:28 --> Object of class stdClass could not be converted to string
in SYSTEMPATH/Database/Query.php on line 335.
 1 SYSTEMPATH/Database/Query.php(335): strtr('SELECT *
FROM `compraVenda`
JOIN `ticket` ON `ticket`.`idTicket` = `compraVenda`.`idTicket`
WHERE `compraVenda`.`idUsuario` = :compraVenda.idUsuario:
AND `ticket`.`dataValidacao` = :ticket.dataValidacao:', [...])
 2 SYSTEMPATH/Database/Query.php(310): CodeIgniter\Database\Query->matchNamedBinds('SELECT *
FROM `compraVenda`
JOIN `ticket` ON `ticket`.`idTicket` = `compraVenda`.`idTicket`
WHERE `compraVenda`.`idUsuario` = :compraVenda.idUsuario:
AND `ticket`.`dataValidacao` = :ticket.dataValidacao:', [...])
 3 SYSTEMPATH/Database/Query.php(159): CodeIgniter\Database\Query->compileBinds()
 4 SYSTEMPATH/Database/BaseConnection.php(606): CodeIgniter\Database\Query->getQuery()
 5 SYSTEMPATH/Database/BaseBuilder.php(1616): CodeIgniter\Database\BaseConnection->query('SELECT *
FROM `compraVenda`
JOIN `ticket` ON `ticket`.`idTicket` = `compraVenda`.`idTicket`
WHERE `compraVenda`.`idUsuario` = :compraVenda.idUsuario:
AND `ticket`.`dataValidacao` = :ticket.dataValidacao:', [...], false)
 6 APPPATH/Models/TicketsModel.php(205): CodeIgniter\Database\BaseBuilder->get()
 7 APPPATH/Controllers/Tickets.php(96): App\Models\TicketsModel->getTicketsValidatedToday(Object(stdClass))
 8 SYSTEMPATH/CodeIgniter.php(932): App\Controllers\Tickets->validateTicket()
 9 SYSTEMPATH/CodeIgniter.php(497): CodeIgniter\CodeIgniter->runController(Object(App\Controllers\Tickets))
10 SYSTEMPATH/CodeIgniter.php(366): CodeIgniter\CodeIgniter->handleRequest(null, Object(Config\Cache), false)
11 FCPATH/index.php(67): CodeIgniter\CodeIgniter->run()
INFO - 2023-09-24 14:21:35 --> Session: Class initialized using 'CodeIgniter\Session\Handlers\FileHandler' driver.
INFO - 2023-09-24 14:21:43 --> Session: Class initialized using 'CodeIgniter\Session\Handlers\FileHandler' driver.
CRITICAL - 2023-09-24 14:21:43 --> Object of class stdClass could not be converted to string
in SYSTEMPATH/Database/Query.php on line 335.
 1 SYSTEMPATH/Database/Query.php(335): strtr('SELECT *
FROM `compraVenda`
JOIN `ticket` ON `ticket`.`idTicket` = `compraVenda`.`idTicket`
WHERE `compraVenda`.`idUsuario` = :compraVenda.idUsuario:
AND `ticket`.`dataValidacao` = :ticket.dataValidacao:', [...])
 2 SYSTEMPATH/Database/Query.php(310): CodeIgniter\Database\Query->matchNamedBinds('SELECT *
FROM `compraVenda`
JOIN `ticket` ON `ticket`.`idTicket` = `compraVenda`.`idTicket`
WHERE `compraVenda`.`idUsuario` = :compraVenda.idUsuario:
AND `ticket`.`dataValidacao` = :ticket.dataValidacao:', [...])
 3 SYSTEMPATH/Database/Query.php(159): CodeIgniter\Database\Query->compileBinds()
 4 SYSTEMPATH/Database/BaseConnection.php(606): CodeIgniter\Database\Query->getQuery()
 5 SYSTEMPATH/Database/BaseBuilder.php(1616): CodeIgniter\Database\BaseConnection->query('SELECT *
FROM `compraVenda`
JOIN `ticket` ON `ticket`.`idTicket` = `compraVenda`.`idTicket`
WHERE `compraVenda`.`idUsuario` = :compraVenda.idUsuario:
AND `ticket`.`dataValidacao` = :ticket.dataValidacao:', [...], false)
 6 APPPATH/Models/TicketsModel.php(205): CodeIgniter\Database\BaseBuilder->get()
 7 APPPATH/Controllers/Tickets.php(96): App\Models\TicketsModel->getTicketsValidatedToday(Object(stdClass))
 8 SYSTEMPATH/CodeIgniter.php(932): App\Controllers\Tickets->validateTicket()
 9 SYSTEMPATH/CodeIgniter.php(497): CodeIgniter\CodeIgniter->runController(Object(App\Controllers\Tickets))
10 SYSTEMPATH/CodeIgniter.php(366): CodeIgniter\CodeIgniter->handleRequest(null, Object(Config\Cache), false)
11 FCPATH/index.php(67): CodeIgniter\CodeIgniter->run()
INFO - 2023-09-24 14:25:42 --> Session: Class initialized using 'CodeIgniter\Session\Handlers\FileHandler' driver.
CRITICAL - 2023-09-24 14:25:42 --> Object of class stdClass could not be converted to string
in SYSTEMPATH/Database/Query.php on line 335.
 1 SYSTEMPATH/Database/Query.php(335): strtr('SELECT *
FROM `compraVenda`
JOIN `ticket` ON `ticket`.`idTicket` = `compraVenda`.`idTicket`
WHERE `compraVenda`.`idUsuario` = :compraVenda.idUsuario:
AND `ticket`.`dataValidacao` = :ticket.dataValidacao:', [...])
 2 SYSTEMPATH/Database/Query.php(310): CodeIgniter\Database\Query->matchNamedBinds('SELECT *
FROM `compraVenda`
JOIN `ticket` ON `ticket`.`idTicket` = `compraVenda`.`idTicket`
WHERE `compraVenda`.`idUsuario` = :compraVenda.idUsuario:
AND `ticket`.`dataValidacao` = :ticket.dataValidacao:', [...])
 3 SYSTEMPATH/Database/Query.php(159): CodeIgniter\Database\Query->compileBinds()
 4 SYSTEMPATH/Database/BaseConnection.php(606): CodeIgniter\Database\Query->getQuery()
 5 SYSTEMPATH/Database/BaseBuilder.php(1616): CodeIgniter\Database\BaseConnection->query('SELECT *
FROM `compraVenda`
JOIN `ticket` ON `ticket`.`idTicket` = `compraVenda`.`idTicket`
WHERE `compraVenda`.`idUsuario` = :compraVenda.idUsuario:
AND `ticket`.`dataValidacao` = :ticket.dataValidacao:', [...], false)
 6 APPPATH/Models/TicketsModel.php(205): CodeIgniter\Database\BaseBuilder->get()
 7 APPPATH/Controllers/Tickets.php(97): App\Models\TicketsModel->getTicketsValidatedToday(Object(stdClass))
 8 SYSTEMPATH/CodeIgniter.php(932): App\Controllers\Tickets->validateTicket()
 9 SYSTEMPATH/CodeIgniter.php(497): CodeIgniter\CodeIgniter->runController(Object(App\Controllers\Tickets))
10 SYSTEMPATH/CodeIgniter.php(366): CodeIgniter\CodeIgniter->handleRequest(null, Object(Config\Cache), false)
11 FCPATH/index.php(67): CodeIgniter\CodeIgniter->run()
INFO - 2023-09-24 14:26:49 --> Session: Class initialized using 'CodeIgniter\Session\Handlers\FileHandler' driver.
INFO - 2023-09-24 14:27:46 --> Session: Class initialized using 'CodeIgniter\Session\Handlers\FileHandler' driver.
CRITICAL - 2023-09-24 14:27:46 --> Cannot use object of type stdClass as array
in APPPATH/Controllers/Tickets.php on line 97.
 1 SYSTEMPATH/CodeIgniter.php(932): App\Controllers\Tickets->validateTicket()
 2 SYSTEMPATH/CodeIgniter.php(497): CodeIgniter\CodeIgniter->runController(Object(App\Controllers\Tickets))
 3 SYSTEMPATH/CodeIgniter.php(366): CodeIgniter\CodeIgniter->handleRequest(null, Object(Config\Cache), false)
 4 FCPATH/index.php(67): CodeIgniter\CodeIgniter->run()
INFO - 2023-09-24 14:28:02 --> Session: Class initialized using 'CodeIgniter\Session\Handlers\FileHandler' driver.
INFO - 2023-09-24 14:28:28 --> Session: Class initialized using 'CodeIgniter\Session\Handlers\FileHandler' driver.
INFO - 2023-09-24 14:28:28 --> Session: Class initialized using 'CodeIgniter\Session\Handlers\FileHandler' driver.
INFO - 2023-09-24 14:28:34 --> Session: Class initialized using 'CodeIgniter\Session\Handlers\FileHandler' driver.
INFO - 2023-09-24 14:28:44 --> Session: Class initialized using 'CodeIgniter\Session\Handlers\FileHandler' driver.
INFO - 2023-09-24 14:28:44 --> Session: Class initialized using 'CodeIgniter\Session\Handlers\FileHandler' driver.
INFO - 2023-09-24 14:28:49 --> Session: Class initialized using 'CodeIgniter\Session\Handlers\FileHandler' driver.
INFO - 2023-09-24 14:28:53 --> Session: Class initialized using 'CodeIgniter\Session\Handlers\FileHandler' driver.
INFO - 2023-09-24 14:28:54 --> Session: Class initialized using 'CodeIgniter\Session\Handlers\FileHandler' driver.
INFO - 2023-09-24 14:28:55 --> Session: Class initialized using 'CodeIgniter\Session\Handlers\FileHandler' driver.
INFO - 2023-09-24 14:28:56 --> Session: Class initialized using 'CodeIgniter\Session\Handlers\FileHandler' driver.
INFO - 2023-09-24 14:28:56 --> Session: Class initialized using 'CodeIgniter\Session\Handlers\FileHandler' driver.
INFO - 2023-09-24 14:28:57 --> Session: Class initialized using 'CodeIgniter\Session\Handlers\FileHandler' driver.
INFO - 2023-09-24 14:28:58 --> Session: Class initialized using 'CodeIgniter\Session\Handlers\FileHandler' driver.
INFO - 2023-09-24 14:28:59 --> Session: Class initialized using 'CodeIgniter\Session\Handlers\FileHandler' driver.
INFO - 2023-09-24 14:29:12 --> Session: Class initialized using 'CodeIgniter\Session\Handlers\FileHandler' driver.
INFO - 2023-09-24 14:29:12 --> Session: Class initialized using 'CodeIgniter\Session\Handlers\FileHandler' driver.
INFO - 2023-09-24 14:30:28 --> Session: Class initialized using 'CodeIgniter\Session\Handlers\FileHandler' driver.
INFO - 2023-09-24 14:30:39 --> Session: Class initialized using 'CodeIgniter\Session\Handlers\FileHandler' driver.
INFO - 2023-09-24 14:30:40 --> Session: Class initialized using 'CodeIgniter\Session\Handlers\FileHandler' driver.
