INFO - 2023-10-05 17:10:25 --> Session: Class initialized using 'CodeIgniter\Session\Handlers\FileHandler' driver.
INFO - 2023-10-05 17:10:28 --> Session: Class initialized using 'CodeIgniter\Session\Handlers\FileHandler' driver.
INFO - 2023-10-05 17:10:37 --> Session: Class initialized using 'CodeIgniter\Session\Handlers\FileHandler' driver.
INFO - 2023-10-05 17:10:37 --> Session: Class initialized using 'CodeIgniter\Session\Handlers\FileHandler' driver.
INFO - 2023-10-05 17:10:41 --> Session: Class initialized using 'CodeIgniter\Session\Handlers\FileHandler' driver.
INFO - 2023-10-05 17:13:13 --> Session: Class initialized using 'CodeIgniter\Session\Handlers\FileHandler' driver.
INFO - 2023-10-05 17:13:15 --> Session: Class initialized using 'CodeIgniter\Session\Handlers\FileHandler' driver.
INFO - 2023-10-05 17:13:16 --> Session: Class initialized using 'CodeIgniter\Session\Handlers\FileHandler' driver.
INFO - 2023-10-05 17:13:22 --> Session: Class initialized using 'CodeIgniter\Session\Handlers\FileHandler' driver.
INFO - 2023-10-05 17:15:09 --> Session: Class initialized using 'CodeIgniter\Session\Handlers\FileHandler' driver.
INFO - 2023-10-05 17:21:53 --> Session: Class initialized using 'CodeIgniter\Session\Handlers\FileHandler' driver.
INFO - 2023-10-05 17:21:55 --> Session: Class initialized using 'CodeIgniter\Session\Handlers\FileHandler' driver.
ERROR - 2023-10-05 17:22:00 --> Error connecting to the database: mysqli_sql_exception: Access denied for user 'root'@'localhost' (using password: YES) in C:\xampp\htdocs\RestauranteUniversitario\system\Database\MySQLi\Connection.php:173
Stack trace:
#0 C:\xampp\htdocs\RestauranteUniversitario\system\Database\MySQLi\Connection.php(173): mysqli->real_connect('127.0.0.1', 'root', Object(SensitiveParameterValue), 'ru', 3306, '', 0)
#1 C:\xampp\htdocs\RestauranteUniversitario\system\Database\BaseConnection.php(391): CodeIgniter\Database\MySQLi\Connection->connect(false)
#2 C:\xampp\htdocs\RestauranteUniversitario\system\Database\BaseConnection.php(574): CodeIgniter\Database\BaseConnection->initialize()
#3 C:\xampp\htdocs\RestauranteUniversitario\system\Database\BaseBuilder.php(1616): CodeIgniter\Database\BaseConnection->query('SELECT *\nFROM `...', Array, false)
#4 C:\xampp\htdocs\RestauranteUniversitario\app\Models\LoginModel.php(17): CodeIgniter\Database\BaseBuilder->get()
#5 C:\xampp\htdocs\RestauranteUniversitario\app\Controllers\Login.php(26): App\Models\LoginModel->getUser('cristiangabriel...', '1222')
#6 C:\xampp\htdocs\RestauranteUniversitario\system\CodeIgniter.php(932): App\Controllers\Login->auth()
#7 C:\xampp\htdocs\RestauranteUniversitario\system\CodeIgniter.php(497): CodeIgniter\CodeIgniter->runController(Object(App\Controllers\Login))
#8 C:\xampp\htdocs\RestauranteUniversitario\system\CodeIgniter.php(366): CodeIgniter\CodeIgniter->handleRequest(NULL, Object(Config\Cache), false)
#9 C:\xampp\htdocs\RestauranteUniversitario\public\index.php(67): CodeIgniter\CodeIgniter->run()
#10 {main}

Next CodeIgniter\Database\Exceptions\DatabaseException: Access denied for user '****'@'localhost' (using password: YES) in C:\xampp\htdocs\RestauranteUniversitario\system\Database\MySQLi\Connection.php:218
Stack trace:
#0 C:\xampp\htdocs\RestauranteUniversitario\system\Database\BaseConnection.php(391): CodeIgniter\Database\MySQLi\Connection->connect(false)
#1 C:\xampp\htdocs\RestauranteUniversitario\system\Database\BaseConnection.php(574): CodeIgniter\Database\BaseConnection->initialize()
#2 C:\xampp\htdocs\RestauranteUniversitario\system\Database\BaseBuilder.php(1616): CodeIgniter\Database\BaseConnection->query('SELECT *\nFROM `...', Array, false)
#3 C:\xampp\htdocs\RestauranteUniversitario\app\Models\LoginModel.php(17): CodeIgniter\Database\BaseBuilder->get()
#4 C:\xampp\htdocs\RestauranteUniversitario\app\Controllers\Login.php(26): App\Models\LoginModel->getUser('cristiangabriel...', '1222')
#5 C:\xampp\htdocs\RestauranteUniversitario\system\CodeIgniter.php(932): App\Controllers\Login->auth()
#6 C:\xampp\htdocs\RestauranteUniversitario\system\CodeIgniter.php(497): CodeIgniter\CodeIgniter->runController(Object(App\Controllers\Login))
#7 C:\xampp\htdocs\RestauranteUniversitario\system\CodeIgniter.php(366): CodeIgniter\CodeIgniter->handleRequest(NULL, Object(Config\Cache), false)
#8 C:\xampp\htdocs\RestauranteUniversitario\public\index.php(67): CodeIgniter\CodeIgniter->run()
#9 {main}
CRITICAL - 2023-10-05 17:22:00 --> Unable to connect to the database.
Main connection [MySQLi]: Access denied for user '****'@'localhost' (using password: YES)
in SYSTEMPATH\Database\BaseConnection.php on line 427.
 1 SYSTEMPATH\Database\BaseConnection.php(574): CodeIgniter\Database\BaseConnection->initialize()
 2 SYSTEMPATH\Database\BaseBuilder.php(1616): CodeIgniter\Database\BaseConnection->query('SELECT *
FROM `usuario`
WHERE `email` = :email:
AND `senha` = :senha:', [...], false)
 3 APPPATH\Models\LoginModel.php(17): CodeIgniter\Database\BaseBuilder->get()
 4 APPPATH\Controllers\Login.php(26): App\Models\LoginModel->getUser('cristiangabrielpcdj@gmail.com', '1222')
 5 SYSTEMPATH\CodeIgniter.php(932): App\Controllers\Login->auth()
 6 SYSTEMPATH\CodeIgniter.php(497): CodeIgniter\CodeIgniter->runController(Object(App\Controllers\Login))
 7 SYSTEMPATH\CodeIgniter.php(366): CodeIgniter\CodeIgniter->handleRequest(null, Object(Config\Cache), false)
 8 FCPATH\index.php(67): CodeIgniter\CodeIgniter->run()
INFO - 2023-10-05 17:22:21 --> Session: Class initialized using 'CodeIgniter\Session\Handlers\FileHandler' driver.
INFO - 2023-10-05 17:22:22 --> Session: Class initialized using 'CodeIgniter\Session\Handlers\FileHandler' driver.
INFO - 2023-10-05 17:22:23 --> Session: Class initialized using 'CodeIgniter\Session\Handlers\FileHandler' driver.
INFO - 2023-10-05 17:22:24 --> Session: Class initialized using 'CodeIgniter\Session\Handlers\FileHandler' driver.
INFO - 2023-10-05 17:22:25 --> Session: Class initialized using 'CodeIgniter\Session\Handlers\FileHandler' driver.
INFO - 2023-10-05 17:22:26 --> Session: Class initialized using 'CodeIgniter\Session\Handlers\FileHandler' driver.
INFO - 2023-10-05 17:23:24 --> Session: Class initialized using 'CodeIgniter\Session\Handlers\FileHandler' driver.
INFO - 2023-10-05 17:23:28 --> Session: Class initialized using 'CodeIgniter\Session\Handlers\FileHandler' driver.
INFO - 2023-10-05 17:23:30 --> Session: Class initialized using 'CodeIgniter\Session\Handlers\FileHandler' driver.
INFO - 2023-10-05 17:23:30 --> Session: Class initialized using 'CodeIgniter\Session\Handlers\FileHandler' driver.
INFO - 2023-10-05 17:23:34 --> Session: Class initialized using 'CodeIgniter\Session\Handlers\FileHandler' driver.
INFO - 2023-10-05 17:23:35 --> Session: Class initialized using 'CodeIgniter\Session\Handlers\FileHandler' driver.
INFO - 2023-10-05 17:23:37 --> Session: Class initialized using 'CodeIgniter\Session\Handlers\FileHandler' driver.
INFO - 2023-10-05 17:29:03 --> Session: Class initialized using 'CodeIgniter\Session\Handlers\FileHandler' driver.
INFO - 2023-10-05 17:30:25 --> Session: Class initialized using 'CodeIgniter\Session\Handlers\FileHandler' driver.
INFO - 2023-10-05 17:30:30 --> Session: Class initialized using 'CodeIgniter\Session\Handlers\FileHandler' driver.
INFO - 2023-10-05 17:30:43 --> Session: Class initialized using 'CodeIgniter\Session\Handlers\FileHandler' driver.
INFO - 2023-10-05 17:30:45 --> Session: Class initialized using 'CodeIgniter\Session\Handlers\FileHandler' driver.
INFO - 2023-10-05 17:31:15 --> Session: Class initialized using 'CodeIgniter\Session\Handlers\FileHandler' driver.
INFO - 2023-10-05 17:37:25 --> Session: Class initialized using 'CodeIgniter\Session\Handlers\FileHandler' driver.
INFO - 2023-10-05 17:37:27 --> Session: Class initialized using 'CodeIgniter\Session\Handlers\FileHandler' driver.
INFO - 2023-10-05 17:38:48 --> Session: Class initialized using 'CodeIgniter\Session\Handlers\FileHandler' driver.
INFO - 2023-10-05 17:40:01 --> Session: Class initialized using 'CodeIgniter\Session\Handlers\FileHandler' driver.
INFO - 2023-10-05 17:40:04 --> Session: Class initialized using 'CodeIgniter\Session\Handlers\FileHandler' driver.
INFO - 2023-10-05 17:40:50 --> Session: Class initialized using 'CodeIgniter\Session\Handlers\FileHandler' driver.
ERROR - 2023-10-05 18:00:31 --> mysqli_sql_exception: Cannot add or update a child row: a foreign key constraint fails (`ru`.`cardapios`, CONSTRAINT `fk_Cardapio_Pratos1` FOREIGN KEY (`idPrato`) REFERENCES `pratos` (`idPrato`)) in C:\xampp\htdocs\RestauranteUniversitario\system\Database\MySQLi\Connection.php:295
Stack trace:
#0 C:\xampp\htdocs\RestauranteUniversitario\system\Database\MySQLi\Connection.php(295): mysqli->query('INSERT INTO `Ca...', 0)
#1 C:\xampp\htdocs\RestauranteUniversitario\system\Database\BaseConnection.php(692): CodeIgniter\Database\MySQLi\Connection->execute('INSERT INTO `Ca...')
#2 C:\xampp\htdocs\RestauranteUniversitario\system\Database\BaseConnection.php(606): CodeIgniter\Database\BaseConnection->simpleQuery('INSERT INTO `Ca...')
#3 C:\xampp\htdocs\RestauranteUniversitario\system\Database\BaseBuilder.php(2309): CodeIgniter\Database\BaseConnection->query('INSERT INTO `Ca...', Array, false)
#4 C:\xampp\htdocs\RestauranteUniversitario\system\Model.php(330): CodeIgniter\Database\BaseBuilder->insert()
#5 C:\xampp\htdocs\RestauranteUniversitario\system\BaseModel.php(782): CodeIgniter\Model->doInsert(Array)
#6 C:\xampp\htdocs\RestauranteUniversitario\system\Model.php(730): CodeIgniter\BaseModel->insert(Array, true)
#7 C:\xampp\htdocs\RestauranteUniversitario\app\Models\CardapioMenuModel.php(23): CodeIgniter\Model->insert(Array)
#8 C:\xampp\htdocs\RestauranteUniversitario\app\Controllers\ProcessarMenu.php(27): App\Models\CardapioMenuModel->inserirPrato('2023-10-06', 'Lasanha', 'Sexta-Feira')
#9 C:\xampp\htdocs\RestauranteUniversitario\system\CodeIgniter.php(932): App\Controllers\ProcessarMenu->processaMenu()
#10 C:\xampp\htdocs\RestauranteUniversitario\system\CodeIgniter.php(497): CodeIgniter\CodeIgniter->runController(Object(App\Controllers\ProcessarMenu))
#11 C:\xampp\htdocs\RestauranteUniversitario\system\CodeIgniter.php(366): CodeIgniter\CodeIgniter->handleRequest(NULL, Object(Config\Cache), false)
#12 C:\xampp\htdocs\RestauranteUniversitario\public\index.php(67): CodeIgniter\CodeIgniter->run()
#13 {main}
CRITICAL - 2023-10-05 18:00:31 --> Cannot add or update a child row: a foreign key constraint fails (`ru`.`cardapios`, CONSTRAINT `fk_Cardapio_Pratos1` FOREIGN KEY (`idPrato`) REFERENCES `pratos` (`idPrato`))
in SYSTEMPATH\Database\MySQLi\Connection.php on line 295.
 1 SYSTEMPATH\Database\MySQLi\Connection.php(295): mysqli->query('INSERT INTO `Cardapios` (`Data`, `NomePrato`, `DiaSemana`) VALUES (\'2023-10-06\', \'Lasanha\', \'Sexta-Feira\')', 0)
 2 SYSTEMPATH\Database\BaseConnection.php(692): CodeIgniter\Database\MySQLi\Connection->execute('INSERT INTO `Cardapios` (`Data`, `NomePrato`, `DiaSemana`) VALUES (\'2023-10-06\', \'Lasanha\', \'Sexta-Feira\')')
 3 SYSTEMPATH\Database\BaseConnection.php(606): CodeIgniter\Database\BaseConnection->simpleQuery('INSERT INTO `Cardapios` (`Data`, `NomePrato`, `DiaSemana`) VALUES (\'2023-10-06\', \'Lasanha\', \'Sexta-Feira\')')
 4 SYSTEMPATH\Database\BaseBuilder.php(2309): CodeIgniter\Database\BaseConnection->query('INSERT INTO `Cardapios` (`Data`, `NomePrato`, `DiaSemana`) VALUES (:Data:, :NomePrato:, :DiaSemana:)', [...], false)
 5 SYSTEMPATH\Model.php(330): CodeIgniter\Database\BaseBuilder->insert()
 6 SYSTEMPATH\BaseModel.php(782): CodeIgniter\Model->doInsert([...])
 7 SYSTEMPATH\Model.php(730): CodeIgniter\BaseModel->insert([...], true)
 8 APPPATH\Models\CardapioMenuModel.php(23): CodeIgniter\Model->insert([...])
 9 APPPATH\Controllers\ProcessarMenu.php(27): App\Models\CardapioMenuModel->inserirPrato('2023-10-06', 'Lasanha', 'Sexta-Feira')
10 SYSTEMPATH\CodeIgniter.php(932): App\Controllers\ProcessarMenu->processaMenu()
11 SYSTEMPATH\CodeIgniter.php(497): CodeIgniter\CodeIgniter->runController(Object(App\Controllers\ProcessarMenu))
12 SYSTEMPATH\CodeIgniter.php(366): CodeIgniter\CodeIgniter->handleRequest(null, Object(Config\Cache), false)
13 FCPATH\index.php(67): CodeIgniter\CodeIgniter->run()
INFO - 2023-10-05 18:00:32 --> Session: Class initialized using 'CodeIgniter\Session\Handlers\FileHandler' driver.
INFO - 2023-10-05 18:15:56 --> Session: Class initialized using 'CodeIgniter\Session\Handlers\FileHandler' driver.
INFO - 2023-10-05 18:16:00 --> Session: Class initialized using 'CodeIgniter\Session\Handlers\FileHandler' driver.
CRITICAL - 2023-10-05 18:16:00 --> Undefined variable $pratos
in APPPATH\Views\cardapio\menu.php on line 18.
 1 APPPATH\Views\cardapio\menu.php(18): CodeIgniter\Debug\Exceptions->errorHandler(2, 'Undefined variable $pratos', 'C:\\xampp\\htdocs\\RestauranteUniversitario\\app\\Views\\cardapio\\menu.php', 18)
 2 SYSTEMPATH\View\View.php(224): include('C:\\xampp\\htdocs\\RestauranteUniversitario\\app\\Views\\cardapio\\menu.php')
 3 SYSTEMPATH\View\View.php(227): CodeIgniter\View\View->CodeIgniter\View\{closure}()
 4 SYSTEMPATH\Common.php(1176): CodeIgniter\View\View->render('cardapio/menu', [], true)
 5 APPPATH\Controllers\ProcessarMenu.php(11): view('cardapio/menu')
 6 SYSTEMPATH\CodeIgniter.php(932): App\Controllers\ProcessarMenu->index()
 7 SYSTEMPATH\CodeIgniter.php(497): CodeIgniter\CodeIgniter->runController(Object(App\Controllers\ProcessarMenu))
 8 SYSTEMPATH\CodeIgniter.php(366): CodeIgniter\CodeIgniter->handleRequest(null, Object(Config\Cache), false)
 9 FCPATH\index.php(67): CodeIgniter\CodeIgniter->run()
INFO - 2023-10-05 18:16:03 --> Session: Class initialized using 'CodeIgniter\Session\Handlers\FileHandler' driver.
INFO - 2023-10-05 18:17:54 --> Session: Class initialized using 'CodeIgniter\Session\Handlers\FileHandler' driver.
CRITICAL - 2023-10-05 18:17:54 --> Undefined variable $pratos
in APPPATH\Views\cardapio\menu.php on line 18.
 1 APPPATH\Views\cardapio\menu.php(18): CodeIgniter\Debug\Exceptions->errorHandler(2, 'Undefined variable $pratos', 'C:\\xampp\\htdocs\\RestauranteUniversitario\\app\\Views\\cardapio\\menu.php', 18)
 2 SYSTEMPATH\View\View.php(224): include('C:\\xampp\\htdocs\\RestauranteUniversitario\\app\\Views\\cardapio\\menu.php')
 3 SYSTEMPATH\View\View.php(227): CodeIgniter\View\View->CodeIgniter\View\{closure}()
 4 SYSTEMPATH\Common.php(1176): CodeIgniter\View\View->render('cardapio/menu', [], true)
 5 APPPATH\Controllers\ProcessarMenu.php(11): view('cardapio/menu')
 6 SYSTEMPATH\CodeIgniter.php(932): App\Controllers\ProcessarMenu->index()
 7 SYSTEMPATH\CodeIgniter.php(497): CodeIgniter\CodeIgniter->runController(Object(App\Controllers\ProcessarMenu))
 8 SYSTEMPATH\CodeIgniter.php(366): CodeIgniter\CodeIgniter->handleRequest(null, Object(Config\Cache), false)
 9 FCPATH\index.php(67): CodeIgniter\CodeIgniter->run()
INFO - 2023-10-05 18:19:38 --> Session: Class initialized using 'CodeIgniter\Session\Handlers\FileHandler' driver.
INFO - 2023-10-05 18:19:40 --> Session: Class initialized using 'CodeIgniter\Session\Handlers\FileHandler' driver.
INFO - 2023-10-05 18:19:40 --> Session: Class initialized using 'CodeIgniter\Session\Handlers\FileHandler' driver.
CRITICAL - 2023-10-05 18:19:40 --> Undefined variable $pratos
in APPPATH\Views\cardapio\menu.php on line 18.
 1 APPPATH\Views\cardapio\menu.php(18): CodeIgniter\Debug\Exceptions->errorHandler(2, 'Undefined variable $pratos', 'C:\\xampp\\htdocs\\RestauranteUniversitario\\app\\Views\\cardapio\\menu.php', 18)
 2 SYSTEMPATH\View\View.php(224): include('C:\\xampp\\htdocs\\RestauranteUniversitario\\app\\Views\\cardapio\\menu.php')
 3 SYSTEMPATH\View\View.php(227): CodeIgniter\View\View->CodeIgniter\View\{closure}()
 4 SYSTEMPATH\Common.php(1176): CodeIgniter\View\View->render('cardapio/menu', [], true)
 5 APPPATH\Controllers\ProcessarMenu.php(11): view('cardapio/menu')
 6 SYSTEMPATH\CodeIgniter.php(932): App\Controllers\ProcessarMenu->index()
 7 SYSTEMPATH\CodeIgniter.php(497): CodeIgniter\CodeIgniter->runController(Object(App\Controllers\ProcessarMenu))
 8 SYSTEMPATH\CodeIgniter.php(366): CodeIgniter\CodeIgniter->handleRequest(null, Object(Config\Cache), false)
 9 FCPATH\index.php(67): CodeIgniter\CodeIgniter->run()
INFO - 2023-10-05 18:20:33 --> Session: Class initialized using 'CodeIgniter\Session\Handlers\FileHandler' driver.
CRITICAL - 2023-10-05 18:20:33 --> Undefined variable $pratos
in APPPATH\Views\cardapio\menu.php on line 18.
 1 APPPATH\Views\cardapio\menu.php(18): CodeIgniter\Debug\Exceptions->errorHandler(2, 'Undefined variable $pratos', 'C:\\xampp\\htdocs\\RestauranteUniversitario\\app\\Views\\cardapio\\menu.php', 18)
 2 SYSTEMPATH\View\View.php(224): include('C:\\xampp\\htdocs\\RestauranteUniversitario\\app\\Views\\cardapio\\menu.php')
 3 SYSTEMPATH\View\View.php(227): CodeIgniter\View\View->CodeIgniter\View\{closure}()
 4 SYSTEMPATH\Common.php(1176): CodeIgniter\View\View->render('cardapio/menu', [], true)
 5 APPPATH\Controllers\ProcessarMenu.php(11): view('cardapio/menu')
 6 SYSTEMPATH\CodeIgniter.php(932): App\Controllers\ProcessarMenu->index()
 7 SYSTEMPATH\CodeIgniter.php(497): CodeIgniter\CodeIgniter->runController(Object(App\Controllers\ProcessarMenu))
 8 SYSTEMPATH\CodeIgniter.php(366): CodeIgniter\CodeIgniter->handleRequest(null, Object(Config\Cache), false)
 9 FCPATH\index.php(67): CodeIgniter\CodeIgniter->run()
INFO - 2023-10-05 18:20:35 --> Session: Class initialized using 'CodeIgniter\Session\Handlers\FileHandler' driver.
INFO - 2023-10-05 18:20:36 --> Session: Class initialized using 'CodeIgniter\Session\Handlers\FileHandler' driver.
CRITICAL - 2023-10-05 18:20:36 --> Undefined variable $pratos
in APPPATH\Views\cardapio\menu.php on line 18.
 1 APPPATH\Views\cardapio\menu.php(18): CodeIgniter\Debug\Exceptions->errorHandler(2, 'Undefined variable $pratos', 'C:\\xampp\\htdocs\\RestauranteUniversitario\\app\\Views\\cardapio\\menu.php', 18)
 2 SYSTEMPATH\View\View.php(224): include('C:\\xampp\\htdocs\\RestauranteUniversitario\\app\\Views\\cardapio\\menu.php')
 3 SYSTEMPATH\View\View.php(227): CodeIgniter\View\View->CodeIgniter\View\{closure}()
 4 SYSTEMPATH\Common.php(1176): CodeIgniter\View\View->render('cardapio/menu', [], true)
 5 APPPATH\Controllers\ProcessarMenu.php(11): view('cardapio/menu')
 6 SYSTEMPATH\CodeIgniter.php(932): App\Controllers\ProcessarMenu->index()
 7 SYSTEMPATH\CodeIgniter.php(497): CodeIgniter\CodeIgniter->runController(Object(App\Controllers\ProcessarMenu))
 8 SYSTEMPATH\CodeIgniter.php(366): CodeIgniter\CodeIgniter->handleRequest(null, Object(Config\Cache), false)
 9 FCPATH\index.php(67): CodeIgniter\CodeIgniter->run()
INFO - 2023-10-05 18:20:46 --> Session: Class initialized using 'CodeIgniter\Session\Handlers\FileHandler' driver.
CRITICAL - 2023-10-05 18:20:46 --> Undefined variable $pratos
in APPPATH\Views\cardapio\menu.php on line 18.
 1 APPPATH\Views\cardapio\menu.php(18): CodeIgniter\Debug\Exceptions->errorHandler(2, 'Undefined variable $pratos', 'C:\\xampp\\htdocs\\RestauranteUniversitario\\app\\Views\\cardapio\\menu.php', 18)
 2 SYSTEMPATH\View\View.php(224): include('C:\\xampp\\htdocs\\RestauranteUniversitario\\app\\Views\\cardapio\\menu.php')
 3 SYSTEMPATH\View\View.php(227): CodeIgniter\View\View->CodeIgniter\View\{closure}()
 4 SYSTEMPATH\Common.php(1176): CodeIgniter\View\View->render('cardapio/menu', [], true)
 5 APPPATH\Controllers\ProcessarMenu.php(11): view('cardapio/menu')
 6 SYSTEMPATH\CodeIgniter.php(932): App\Controllers\ProcessarMenu->index()
 7 SYSTEMPATH\CodeIgniter.php(497): CodeIgniter\CodeIgniter->runController(Object(App\Controllers\ProcessarMenu))
 8 SYSTEMPATH\CodeIgniter.php(366): CodeIgniter\CodeIgniter->handleRequest(null, Object(Config\Cache), false)
 9 FCPATH\index.php(67): CodeIgniter\CodeIgniter->run()
INFO - 2023-10-05 18:20:52 --> Session: Class initialized using 'CodeIgniter\Session\Handlers\FileHandler' driver.
CRITICAL - 2023-10-05 18:20:52 --> Undefined variable $pratos
in APPPATH\Views\cardapio\menu.php on line 18.
 1 APPPATH\Views\cardapio\menu.php(18): CodeIgniter\Debug\Exceptions->errorHandler(2, 'Undefined variable $pratos', 'C:\\xampp\\htdocs\\RestauranteUniversitario\\app\\Views\\cardapio\\menu.php', 18)
 2 SYSTEMPATH\View\View.php(224): include('C:\\xampp\\htdocs\\RestauranteUniversitario\\app\\Views\\cardapio\\menu.php')
 3 SYSTEMPATH\View\View.php(227): CodeIgniter\View\View->CodeIgniter\View\{closure}()
 4 SYSTEMPATH\Common.php(1176): CodeIgniter\View\View->render('cardapio/menu', [], true)
 5 APPPATH\Controllers\ProcessarMenu.php(11): view('cardapio/menu')
 6 SYSTEMPATH\CodeIgniter.php(932): App\Controllers\ProcessarMenu->index()
 7 SYSTEMPATH\CodeIgniter.php(497): CodeIgniter\CodeIgniter->runController(Object(App\Controllers\ProcessarMenu))
 8 SYSTEMPATH\CodeIgniter.php(366): CodeIgniter\CodeIgniter->handleRequest(null, Object(Config\Cache), false)
 9 FCPATH\index.php(67): CodeIgniter\CodeIgniter->run()
INFO - 2023-10-05 18:20:53 --> Session: Class initialized using 'CodeIgniter\Session\Handlers\FileHandler' driver.
INFO - 2023-10-05 18:20:54 --> Session: Class initialized using 'CodeIgniter\Session\Handlers\FileHandler' driver.
CRITICAL - 2023-10-05 18:20:54 --> Undefined variable $pratos
in APPPATH\Views\cardapio\menu.php on line 18.
 1 APPPATH\Views\cardapio\menu.php(18): CodeIgniter\Debug\Exceptions->errorHandler(2, 'Undefined variable $pratos', 'C:\\xampp\\htdocs\\RestauranteUniversitario\\app\\Views\\cardapio\\menu.php', 18)
 2 SYSTEMPATH\View\View.php(224): include('C:\\xampp\\htdocs\\RestauranteUniversitario\\app\\Views\\cardapio\\menu.php')
 3 SYSTEMPATH\View\View.php(227): CodeIgniter\View\View->CodeIgniter\View\{closure}()
 4 SYSTEMPATH\Common.php(1176): CodeIgniter\View\View->render('cardapio/menu', [], true)
 5 APPPATH\Controllers\ProcessarMenu.php(11): view('cardapio/menu')
 6 SYSTEMPATH\CodeIgniter.php(932): App\Controllers\ProcessarMenu->index()
 7 SYSTEMPATH\CodeIgniter.php(497): CodeIgniter\CodeIgniter->runController(Object(App\Controllers\ProcessarMenu))
 8 SYSTEMPATH\CodeIgniter.php(366): CodeIgniter\CodeIgniter->handleRequest(null, Object(Config\Cache), false)
 9 FCPATH\index.php(67): CodeIgniter\CodeIgniter->run()
INFO - 2023-10-05 18:26:15 --> Session: Class initialized using 'CodeIgniter\Session\Handlers\FileHandler' driver.
INFO - 2023-10-05 18:26:16 --> Session: Class initialized using 'CodeIgniter\Session\Handlers\FileHandler' driver.
CRITICAL - 2023-10-05 18:26:16 --> Cannot use object of type stdClass as array
in APPPATH\Views\cardapio\menu.php on line 19.
 1 SYSTEMPATH\View\View.php(224): include()
 2 SYSTEMPATH\View\View.php(227): CodeIgniter\View\View->CodeIgniter\View\{closure}()
 3 SYSTEMPATH\Common.php(1176): CodeIgniter\View\View->render('cardapio/menu', [], true)
 4 APPPATH\Controllers\ProcessarMenu.php(15): view('cardapio/menu', [...])
 5 SYSTEMPATH\CodeIgniter.php(932): App\Controllers\ProcessarMenu->index()
 6 SYSTEMPATH\CodeIgniter.php(497): CodeIgniter\CodeIgniter->runController(Object(App\Controllers\ProcessarMenu))
 7 SYSTEMPATH\CodeIgniter.php(366): CodeIgniter\CodeIgniter->handleRequest(null, Object(Config\Cache), false)
 8 FCPATH\index.php(67): CodeIgniter\CodeIgniter->run()
INFO - 2023-10-05 18:26:20 --> Session: Class initialized using 'CodeIgniter\Session\Handlers\FileHandler' driver.
INFO - 2023-10-05 18:26:21 --> Session: Class initialized using 'CodeIgniter\Session\Handlers\FileHandler' driver.
CRITICAL - 2023-10-05 18:26:21 --> Cannot use object of type stdClass as array
in APPPATH\Views\cardapio\menu.php on line 19.
 1 SYSTEMPATH\View\View.php(224): include()
 2 SYSTEMPATH\View\View.php(227): CodeIgniter\View\View->CodeIgniter\View\{closure}()
 3 SYSTEMPATH\Common.php(1176): CodeIgniter\View\View->render('cardapio/menu', [], true)
 4 APPPATH\Controllers\ProcessarMenu.php(15): view('cardapio/menu', [...])
 5 SYSTEMPATH\CodeIgniter.php(932): App\Controllers\ProcessarMenu->index()
 6 SYSTEMPATH\CodeIgniter.php(497): CodeIgniter\CodeIgniter->runController(Object(App\Controllers\ProcessarMenu))
 7 SYSTEMPATH\CodeIgniter.php(366): CodeIgniter\CodeIgniter->handleRequest(null, Object(Config\Cache), false)
 8 FCPATH\index.php(67): CodeIgniter\CodeIgniter->run()
INFO - 2023-10-05 18:27:49 --> Session: Class initialized using 'CodeIgniter\Session\Handlers\FileHandler' driver.
INFO - 2023-10-05 18:27:50 --> Session: Class initialized using 'CodeIgniter\Session\Handlers\FileHandler' driver.
ERROR - 2023-10-05 18:28:08 --> mysqli_sql_exception: Cannot add or update a child row: a foreign key constraint fails (`ru`.`cardapios`, CONSTRAINT `fk_Cardapio_Pratos1` FOREIGN KEY (`idPrato`) REFERENCES `pratos` (`idPrato`)) in C:\xampp\htdocs\RestauranteUniversitario\system\Database\MySQLi\Connection.php:295
Stack trace:
#0 C:\xampp\htdocs\RestauranteUniversitario\system\Database\MySQLi\Connection.php(295): mysqli->query('INSERT INTO `Ca...', 0)
#1 C:\xampp\htdocs\RestauranteUniversitario\system\Database\BaseConnection.php(692): CodeIgniter\Database\MySQLi\Connection->execute('INSERT INTO `Ca...')
#2 C:\xampp\htdocs\RestauranteUniversitario\system\Database\BaseConnection.php(606): CodeIgniter\Database\BaseConnection->simpleQuery('INSERT INTO `Ca...')
#3 C:\xampp\htdocs\RestauranteUniversitario\system\Database\BaseBuilder.php(2309): CodeIgniter\Database\BaseConnection->query('INSERT INTO `Ca...', Array, false)
#4 C:\xampp\htdocs\RestauranteUniversitario\system\Model.php(330): CodeIgniter\Database\BaseBuilder->insert()
#5 C:\xampp\htdocs\RestauranteUniversitario\system\BaseModel.php(782): CodeIgniter\Model->doInsert(Array)
#6 C:\xampp\htdocs\RestauranteUniversitario\system\Model.php(730): CodeIgniter\BaseModel->insert(Array, true)
#7 C:\xampp\htdocs\RestauranteUniversitario\app\Models\CardapioMenuModel.php(23): CodeIgniter\Model->insert(Array)
#8 C:\xampp\htdocs\RestauranteUniversitario\app\Controllers\ProcessarMenu.php(31): App\Models\CardapioMenuModel->inserirPrato('2023-10-06', '1', 'Sexta-Feira')
#9 C:\xampp\htdocs\RestauranteUniversitario\system\CodeIgniter.php(932): App\Controllers\ProcessarMenu->processaMenu()
#10 C:\xampp\htdocs\RestauranteUniversitario\system\CodeIgniter.php(497): CodeIgniter\CodeIgniter->runController(Object(App\Controllers\ProcessarMenu))
#11 C:\xampp\htdocs\RestauranteUniversitario\system\CodeIgniter.php(366): CodeIgniter\CodeIgniter->handleRequest(NULL, Object(Config\Cache), false)
#12 C:\xampp\htdocs\RestauranteUniversitario\public\index.php(67): CodeIgniter\CodeIgniter->run()
#13 {main}
CRITICAL - 2023-10-05 18:28:08 --> Cannot add or update a child row: a foreign key constraint fails (`ru`.`cardapios`, CONSTRAINT `fk_Cardapio_Pratos1` FOREIGN KEY (`idPrato`) REFERENCES `pratos` (`idPrato`))
in SYSTEMPATH\Database\MySQLi\Connection.php on line 295.
 1 SYSTEMPATH\Database\MySQLi\Connection.php(295): mysqli->query('INSERT INTO `Cardapios` (`Data`, `NomePrato`, `DiaSemana`) VALUES (\'2023-10-06\', \'1\', \'Sexta-Feira\')', 0)
 2 SYSTEMPATH\Database\BaseConnection.php(692): CodeIgniter\Database\MySQLi\Connection->execute('INSERT INTO `Cardapios` (`Data`, `NomePrato`, `DiaSemana`) VALUES (\'2023-10-06\', \'1\', \'Sexta-Feira\')')
 3 SYSTEMPATH\Database\BaseConnection.php(606): CodeIgniter\Database\BaseConnection->simpleQuery('INSERT INTO `Cardapios` (`Data`, `NomePrato`, `DiaSemana`) VALUES (\'2023-10-06\', \'1\', \'Sexta-Feira\')')
 4 SYSTEMPATH\Database\BaseBuilder.php(2309): CodeIgniter\Database\BaseConnection->query('INSERT INTO `Cardapios` (`Data`, `NomePrato`, `DiaSemana`) VALUES (:Data:, :NomePrato:, :DiaSemana:)', [...], false)
 5 SYSTEMPATH\Model.php(330): CodeIgniter\Database\BaseBuilder->insert()
 6 SYSTEMPATH\BaseModel.php(782): CodeIgniter\Model->doInsert([...])
 7 SYSTEMPATH\Model.php(730): CodeIgniter\BaseModel->insert([...], true)
 8 APPPATH\Models\CardapioMenuModel.php(23): CodeIgniter\Model->insert([...])
 9 APPPATH\Controllers\ProcessarMenu.php(31): App\Models\CardapioMenuModel->inserirPrato('2023-10-06', '1', 'Sexta-Feira')
10 SYSTEMPATH\CodeIgniter.php(932): App\Controllers\ProcessarMenu->processaMenu()
11 SYSTEMPATH\CodeIgniter.php(497): CodeIgniter\CodeIgniter->runController(Object(App\Controllers\ProcessarMenu))
12 SYSTEMPATH\CodeIgniter.php(366): CodeIgniter\CodeIgniter->handleRequest(null, Object(Config\Cache), false)
13 FCPATH\index.php(67): CodeIgniter\CodeIgniter->run()
INFO - 2023-10-05 18:28:12 --> Session: Class initialized using 'CodeIgniter\Session\Handlers\FileHandler' driver.
ERROR - 2023-10-05 18:28:15 --> mysqli_sql_exception: Cannot add or update a child row: a foreign key constraint fails (`ru`.`cardapios`, CONSTRAINT `fk_Cardapio_Pratos1` FOREIGN KEY (`idPrato`) REFERENCES `pratos` (`idPrato`)) in C:\xampp\htdocs\RestauranteUniversitario\system\Database\MySQLi\Connection.php:295
Stack trace:
#0 C:\xampp\htdocs\RestauranteUniversitario\system\Database\MySQLi\Connection.php(295): mysqli->query('INSERT INTO `Ca...', 0)
#1 C:\xampp\htdocs\RestauranteUniversitario\system\Database\BaseConnection.php(692): CodeIgniter\Database\MySQLi\Connection->execute('INSERT INTO `Ca...')
#2 C:\xampp\htdocs\RestauranteUniversitario\system\Database\BaseConnection.php(606): CodeIgniter\Database\BaseConnection->simpleQuery('INSERT INTO `Ca...')
#3 C:\xampp\htdocs\RestauranteUniversitario\system\Database\BaseBuilder.php(2309): CodeIgniter\Database\BaseConnection->query('INSERT INTO `Ca...', Array, false)
#4 C:\xampp\htdocs\RestauranteUniversitario\system\Model.php(330): CodeIgniter\Database\BaseBuilder->insert()
#5 C:\xampp\htdocs\RestauranteUniversitario\system\BaseModel.php(782): CodeIgniter\Model->doInsert(Array)
#6 C:\xampp\htdocs\RestauranteUniversitario\system\Model.php(730): CodeIgniter\BaseModel->insert(Array, true)
#7 C:\xampp\htdocs\RestauranteUniversitario\app\Models\CardapioMenuModel.php(23): CodeIgniter\Model->insert(Array)
#8 C:\xampp\htdocs\RestauranteUniversitario\app\Controllers\ProcessarMenu.php(31): App\Models\CardapioMenuModel->inserirPrato('2023-10-06', '1', 'Sexta-Feira')
#9 C:\xampp\htdocs\RestauranteUniversitario\system\CodeIgniter.php(932): App\Controllers\ProcessarMenu->processaMenu()
#10 C:\xampp\htdocs\RestauranteUniversitario\system\CodeIgniter.php(497): CodeIgniter\CodeIgniter->runController(Object(App\Controllers\ProcessarMenu))
#11 C:\xampp\htdocs\RestauranteUniversitario\system\CodeIgniter.php(366): CodeIgniter\CodeIgniter->handleRequest(NULL, Object(Config\Cache), false)
#12 C:\xampp\htdocs\RestauranteUniversitario\public\index.php(67): CodeIgniter\CodeIgniter->run()
#13 {main}
CRITICAL - 2023-10-05 18:28:15 --> Cannot add or update a child row: a foreign key constraint fails (`ru`.`cardapios`, CONSTRAINT `fk_Cardapio_Pratos1` FOREIGN KEY (`idPrato`) REFERENCES `pratos` (`idPrato`))
in SYSTEMPATH\Database\MySQLi\Connection.php on line 295.
 1 SYSTEMPATH\Database\MySQLi\Connection.php(295): mysqli->query('INSERT INTO `Cardapios` (`Data`, `NomePrato`, `DiaSemana`) VALUES (\'2023-10-06\', \'1\', \'Sexta-Feira\')', 0)
 2 SYSTEMPATH\Database\BaseConnection.php(692): CodeIgniter\Database\MySQLi\Connection->execute('INSERT INTO `Cardapios` (`Data`, `NomePrato`, `DiaSemana`) VALUES (\'2023-10-06\', \'1\', \'Sexta-Feira\')')
 3 SYSTEMPATH\Database\BaseConnection.php(606): CodeIgniter\Database\BaseConnection->simpleQuery('INSERT INTO `Cardapios` (`Data`, `NomePrato`, `DiaSemana`) VALUES (\'2023-10-06\', \'1\', \'Sexta-Feira\')')
 4 SYSTEMPATH\Database\BaseBuilder.php(2309): CodeIgniter\Database\BaseConnection->query('INSERT INTO `Cardapios` (`Data`, `NomePrato`, `DiaSemana`) VALUES (:Data:, :NomePrato:, :DiaSemana:)', [...], false)
 5 SYSTEMPATH\Model.php(330): CodeIgniter\Database\BaseBuilder->insert()
 6 SYSTEMPATH\BaseModel.php(782): CodeIgniter\Model->doInsert([...])
 7 SYSTEMPATH\Model.php(730): CodeIgniter\BaseModel->insert([...], true)
 8 APPPATH\Models\CardapioMenuModel.php(23): CodeIgniter\Model->insert([...])
 9 APPPATH\Controllers\ProcessarMenu.php(31): App\Models\CardapioMenuModel->inserirPrato('2023-10-06', '1', 'Sexta-Feira')
10 SYSTEMPATH\CodeIgniter.php(932): App\Controllers\ProcessarMenu->processaMenu()
11 SYSTEMPATH\CodeIgniter.php(497): CodeIgniter\CodeIgniter->runController(Object(App\Controllers\ProcessarMenu))
12 SYSTEMPATH\CodeIgniter.php(366): CodeIgniter\CodeIgniter->handleRequest(null, Object(Config\Cache), false)
13 FCPATH\index.php(67): CodeIgniter\CodeIgniter->run()
INFO - 2023-10-05 18:28:32 --> Session: Class initialized using 'CodeIgniter\Session\Handlers\FileHandler' driver.
INFO - 2023-10-05 18:30:41 --> Session: Class initialized using 'CodeIgniter\Session\Handlers\FileHandler' driver.
INFO - 2023-10-05 18:31:34 --> Session: Class initialized using 'CodeIgniter\Session\Handlers\FileHandler' driver.
INFO - 2023-10-05 18:31:41 --> Session: Class initialized using 'CodeIgniter\Session\Handlers\FileHandler' driver.
INFO - 2023-10-05 18:31:42 --> Session: Class initialized using 'CodeIgniter\Session\Handlers\FileHandler' driver.
INFO - 2023-10-05 18:32:02 --> Session: Class initialized using 'CodeIgniter\Session\Handlers\FileHandler' driver.
ERROR - 2023-10-05 18:32:03 --> mysqli_sql_exception: Cannot add or update a child row: a foreign key constraint fails (`ru`.`cardapios`, CONSTRAINT `fk_Cardapio_Pratos1` FOREIGN KEY (`idPrato`) REFERENCES `pratos` (`idPrato`)) in C:\xampp\htdocs\RestauranteUniversitario\system\Database\MySQLi\Connection.php:295
Stack trace:
#0 C:\xampp\htdocs\RestauranteUniversitario\system\Database\MySQLi\Connection.php(295): mysqli->query('INSERT INTO `Ca...', 0)
#1 C:\xampp\htdocs\RestauranteUniversitario\system\Database\BaseConnection.php(692): CodeIgniter\Database\MySQLi\Connection->execute('INSERT INTO `Ca...')
#2 C:\xampp\htdocs\RestauranteUniversitario\system\Database\BaseConnection.php(606): CodeIgniter\Database\BaseConnection->simpleQuery('INSERT INTO `Ca...')
#3 C:\xampp\htdocs\RestauranteUniversitario\system\Database\BaseBuilder.php(2309): CodeIgniter\Database\BaseConnection->query('INSERT INTO `Ca...', Array, false)
#4 C:\xampp\htdocs\RestauranteUniversitario\system\Model.php(330): CodeIgniter\Database\BaseBuilder->insert()
#5 C:\xampp\htdocs\RestauranteUniversitario\system\BaseModel.php(782): CodeIgniter\Model->doInsert(Array)
#6 C:\xampp\htdocs\RestauranteUniversitario\system\Model.php(730): CodeIgniter\BaseModel->insert(Array, true)
#7 C:\xampp\htdocs\RestauranteUniversitario\app\Models\CardapioMenuModel.php(23): CodeIgniter\Model->insert(Array)
#8 C:\xampp\htdocs\RestauranteUniversitario\app\Controllers\ProcessarMenu.php(31): App\Models\CardapioMenuModel->inserirPrato('2023-10-06', '1', 'Sexta-Feira')
#9 C:\xampp\htdocs\RestauranteUniversitario\system\CodeIgniter.php(932): App\Controllers\ProcessarMenu->processaMenu()
#10 C:\xampp\htdocs\RestauranteUniversitario\system\CodeIgniter.php(497): CodeIgniter\CodeIgniter->runController(Object(App\Controllers\ProcessarMenu))
#11 C:\xampp\htdocs\RestauranteUniversitario\system\CodeIgniter.php(366): CodeIgniter\CodeIgniter->handleRequest(NULL, Object(Config\Cache), false)
#12 C:\xampp\htdocs\RestauranteUniversitario\public\index.php(67): CodeIgniter\CodeIgniter->run()
#13 {main}
CRITICAL - 2023-10-05 18:32:03 --> Cannot add or update a child row: a foreign key constraint fails (`ru`.`cardapios`, CONSTRAINT `fk_Cardapio_Pratos1` FOREIGN KEY (`idPrato`) REFERENCES `pratos` (`idPrato`))
in SYSTEMPATH\Database\MySQLi\Connection.php on line 295.
 1 SYSTEMPATH\Database\MySQLi\Connection.php(295): mysqli->query('INSERT INTO `Cardapios` (`Data`, `DiaSemana`) VALUES (\'2023-10-06\', \'Sexta-Feira\')', 0)
 2 SYSTEMPATH\Database\BaseConnection.php(692): CodeIgniter\Database\MySQLi\Connection->execute('INSERT INTO `Cardapios` (`Data`, `DiaSemana`) VALUES (\'2023-10-06\', \'Sexta-Feira\')')
 3 SYSTEMPATH\Database\BaseConnection.php(606): CodeIgniter\Database\BaseConnection->simpleQuery('INSERT INTO `Cardapios` (`Data`, `DiaSemana`) VALUES (\'2023-10-06\', \'Sexta-Feira\')')
 4 SYSTEMPATH\Database\BaseBuilder.php(2309): CodeIgniter\Database\BaseConnection->query('INSERT INTO `Cardapios` (`Data`, `DiaSemana`) VALUES (:Data:, :DiaSemana:)', [...], false)
 5 SYSTEMPATH\Model.php(330): CodeIgniter\Database\BaseBuilder->insert()
 6 SYSTEMPATH\BaseModel.php(782): CodeIgniter\Model->doInsert([...])
 7 SYSTEMPATH\Model.php(730): CodeIgniter\BaseModel->insert([...], true)
 8 APPPATH\Models\CardapioMenuModel.php(23): CodeIgniter\Model->insert([...])
 9 APPPATH\Controllers\ProcessarMenu.php(31): App\Models\CardapioMenuModel->inserirPrato('2023-10-06', '1', 'Sexta-Feira')
10 SYSTEMPATH\CodeIgniter.php(932): App\Controllers\ProcessarMenu->processaMenu()
11 SYSTEMPATH\CodeIgniter.php(497): CodeIgniter\CodeIgniter->runController(Object(App\Controllers\ProcessarMenu))
12 SYSTEMPATH\CodeIgniter.php(366): CodeIgniter\CodeIgniter->handleRequest(null, Object(Config\Cache), false)
13 FCPATH\index.php(67): CodeIgniter\CodeIgniter->run()
ERROR - 2023-10-05 18:34:38 --> mysqli_sql_exception: Unknown column 'Data' in 'field list' in C:\xampp\htdocs\RestauranteUniversitario\system\Database\MySQLi\Connection.php:295
Stack trace:
#0 C:\xampp\htdocs\RestauranteUniversitario\system\Database\MySQLi\Connection.php(295): mysqli->query('INSERT INTO `pr...', 0)
#1 C:\xampp\htdocs\RestauranteUniversitario\system\Database\BaseConnection.php(692): CodeIgniter\Database\MySQLi\Connection->execute('INSERT INTO `pr...')
#2 C:\xampp\htdocs\RestauranteUniversitario\system\Database\BaseConnection.php(606): CodeIgniter\Database\BaseConnection->simpleQuery('INSERT INTO `pr...')
#3 C:\xampp\htdocs\RestauranteUniversitario\system\Database\BaseBuilder.php(2309): CodeIgniter\Database\BaseConnection->query('INSERT INTO `pr...', Array, false)
#4 C:\xampp\htdocs\RestauranteUniversitario\app\Models\CardapioMenuModel.php(27): CodeIgniter\Database\BaseBuilder->insert(Array)
#5 C:\xampp\htdocs\RestauranteUniversitario\app\Controllers\ProcessarMenu.php(31): App\Models\CardapioMenuModel->inserirPrato('2023-10-06', '1', 'Sexta-Feira')
#6 C:\xampp\htdocs\RestauranteUniversitario\system\CodeIgniter.php(932): App\Controllers\ProcessarMenu->processaMenu()
#7 C:\xampp\htdocs\RestauranteUniversitario\system\CodeIgniter.php(497): CodeIgniter\CodeIgniter->runController(Object(App\Controllers\ProcessarMenu))
#8 C:\xampp\htdocs\RestauranteUniversitario\system\CodeIgniter.php(366): CodeIgniter\CodeIgniter->handleRequest(NULL, Object(Config\Cache), false)
#9 C:\xampp\htdocs\RestauranteUniversitario\public\index.php(67): CodeIgniter\CodeIgniter->run()
#10 {main}
CRITICAL - 2023-10-05 18:34:38 --> Unknown column 'Data' in 'field list'
in SYSTEMPATH\Database\MySQLi\Connection.php on line 295.
 1 SYSTEMPATH\Database\MySQLi\Connection.php(295): mysqli->query('INSERT INTO `pratos` (`Data`, `idPrato`, `DiaSemana`) VALUES (\'2023-10-06\', \'1\', \'Sexta-Feira\')', 0)
 2 SYSTEMPATH\Database\BaseConnection.php(692): CodeIgniter\Database\MySQLi\Connection->execute('INSERT INTO `pratos` (`Data`, `idPrato`, `DiaSemana`) VALUES (\'2023-10-06\', \'1\', \'Sexta-Feira\')')
 3 SYSTEMPATH\Database\BaseConnection.php(606): CodeIgniter\Database\BaseConnection->simpleQuery('INSERT INTO `pratos` (`Data`, `idPrato`, `DiaSemana`) VALUES (\'2023-10-06\', \'1\', \'Sexta-Feira\')')
 4 SYSTEMPATH\Database\BaseBuilder.php(2309): CodeIgniter\Database\BaseConnection->query('INSERT INTO `pratos` (`Data`, `idPrato`, `DiaSemana`) VALUES (:Data:, :idPrato:, :DiaSemana:)', [...], false)
 5 APPPATH\Models\CardapioMenuModel.php(27): CodeIgniter\Database\BaseBuilder->insert([...])
 6 APPPATH\Controllers\ProcessarMenu.php(31): App\Models\CardapioMenuModel->inserirPrato('2023-10-06', '1', 'Sexta-Feira')
 7 SYSTEMPATH\CodeIgniter.php(932): App\Controllers\ProcessarMenu->processaMenu()
 8 SYSTEMPATH\CodeIgniter.php(497): CodeIgniter\CodeIgniter->runController(Object(App\Controllers\ProcessarMenu))
 9 SYSTEMPATH\CodeIgniter.php(366): CodeIgniter\CodeIgniter->handleRequest(null, Object(Config\Cache), false)
10 FCPATH\index.php(67): CodeIgniter\CodeIgniter->run()
ERROR - 2023-10-05 18:34:57 --> mysqli_sql_exception: Unknown column 'DiaSemana' in 'field list' in C:\xampp\htdocs\RestauranteUniversitario\system\Database\MySQLi\Connection.php:295
Stack trace:
#0 C:\xampp\htdocs\RestauranteUniversitario\system\Database\MySQLi\Connection.php(295): mysqli->query('INSERT INTO `pr...', 0)
#1 C:\xampp\htdocs\RestauranteUniversitario\system\Database\BaseConnection.php(692): CodeIgniter\Database\MySQLi\Connection->execute('INSERT INTO `pr...')
#2 C:\xampp\htdocs\RestauranteUniversitario\system\Database\BaseConnection.php(606): CodeIgniter\Database\BaseConnection->simpleQuery('INSERT INTO `pr...')
#3 C:\xampp\htdocs\RestauranteUniversitario\system\Database\BaseBuilder.php(2309): CodeIgniter\Database\BaseConnection->query('INSERT INTO `pr...', Array, false)
#4 C:\xampp\htdocs\RestauranteUniversitario\app\Models\CardapioMenuModel.php(26): CodeIgniter\Database\BaseBuilder->insert(Array)
#5 C:\xampp\htdocs\RestauranteUniversitario\app\Controllers\ProcessarMenu.php(31): App\Models\CardapioMenuModel->inserirPrato('2023-10-06', '1', 'Sexta-Feira')
#6 C:\xampp\htdocs\RestauranteUniversitario\system\CodeIgniter.php(932): App\Controllers\ProcessarMenu->processaMenu()
#7 C:\xampp\htdocs\RestauranteUniversitario\system\CodeIgniter.php(497): CodeIgniter\CodeIgniter->runController(Object(App\Controllers\ProcessarMenu))
#8 C:\xampp\htdocs\RestauranteUniversitario\system\CodeIgniter.php(366): CodeIgniter\CodeIgniter->handleRequest(NULL, Object(Config\Cache), false)
#9 C:\xampp\htdocs\RestauranteUniversitario\public\index.php(67): CodeIgniter\CodeIgniter->run()
#10 {main}
CRITICAL - 2023-10-05 18:34:57 --> Unknown column 'DiaSemana' in 'field list'
in SYSTEMPATH\Database\MySQLi\Connection.php on line 295.
 1 SYSTEMPATH\Database\MySQLi\Connection.php(295): mysqli->query('INSERT INTO `pratos` (`idPrato`, `DiaSemana`) VALUES (\'1\', \'Sexta-Feira\')', 0)
 2 SYSTEMPATH\Database\BaseConnection.php(692): CodeIgniter\Database\MySQLi\Connection->execute('INSERT INTO `pratos` (`idPrato`, `DiaSemana`) VALUES (\'1\', \'Sexta-Feira\')')
 3 SYSTEMPATH\Database\BaseConnection.php(606): CodeIgniter\Database\BaseConnection->simpleQuery('INSERT INTO `pratos` (`idPrato`, `DiaSemana`) VALUES (\'1\', \'Sexta-Feira\')')
 4 SYSTEMPATH\Database\BaseBuilder.php(2309): CodeIgniter\Database\BaseConnection->query('INSERT INTO `pratos` (`idPrato`, `DiaSemana`) VALUES (:idPrato:, :DiaSemana:)', [...], false)
 5 APPPATH\Models\CardapioMenuModel.php(26): CodeIgniter\Database\BaseBuilder->insert([...])
 6 APPPATH\Controllers\ProcessarMenu.php(31): App\Models\CardapioMenuModel->inserirPrato('2023-10-06', '1', 'Sexta-Feira')
 7 SYSTEMPATH\CodeIgniter.php(932): App\Controllers\ProcessarMenu->processaMenu()
 8 SYSTEMPATH\CodeIgniter.php(497): CodeIgniter\CodeIgniter->runController(Object(App\Controllers\ProcessarMenu))
 9 SYSTEMPATH\CodeIgniter.php(366): CodeIgniter\CodeIgniter->handleRequest(null, Object(Config\Cache), false)
10 FCPATH\index.php(67): CodeIgniter\CodeIgniter->run()
ERROR - 2023-10-05 18:35:19 --> mysqli_sql_exception: Duplicate entry '1' for key 'pratos.PRIMARY' in C:\xampp\htdocs\RestauranteUniversitario\system\Database\MySQLi\Connection.php:295
Stack trace:
#0 C:\xampp\htdocs\RestauranteUniversitario\system\Database\MySQLi\Connection.php(295): mysqli->query('INSERT INTO `pr...', 0)
#1 C:\xampp\htdocs\RestauranteUniversitario\system\Database\BaseConnection.php(692): CodeIgniter\Database\MySQLi\Connection->execute('INSERT INTO `pr...')
#2 C:\xampp\htdocs\RestauranteUniversitario\system\Database\BaseConnection.php(606): CodeIgniter\Database\BaseConnection->simpleQuery('INSERT INTO `pr...')
#3 C:\xampp\htdocs\RestauranteUniversitario\system\Database\BaseBuilder.php(2309): CodeIgniter\Database\BaseConnection->query('INSERT INTO `pr...', Array, false)
#4 C:\xampp\htdocs\RestauranteUniversitario\app\Models\CardapioMenuModel.php(26): CodeIgniter\Database\BaseBuilder->insert(Array)
#5 C:\xampp\htdocs\RestauranteUniversitario\app\Controllers\ProcessarMenu.php(31): App\Models\CardapioMenuModel->inserirPrato('2023-10-06', '1', 'Sexta-Feira')
#6 C:\xampp\htdocs\RestauranteUniversitario\system\CodeIgniter.php(932): App\Controllers\ProcessarMenu->processaMenu()
#7 C:\xampp\htdocs\RestauranteUniversitario\system\CodeIgniter.php(497): CodeIgniter\CodeIgniter->runController(Object(App\Controllers\ProcessarMenu))
#8 C:\xampp\htdocs\RestauranteUniversitario\system\CodeIgniter.php(366): CodeIgniter\CodeIgniter->handleRequest(NULL, Object(Config\Cache), false)
#9 C:\xampp\htdocs\RestauranteUniversitario\public\index.php(67): CodeIgniter\CodeIgniter->run()
#10 {main}
CRITICAL - 2023-10-05 18:35:19 --> Duplicate entry '1' for key 'pratos.PRIMARY'
in SYSTEMPATH\Database\MySQLi\Connection.php on line 295.
 1 SYSTEMPATH\Database\MySQLi\Connection.php(295): mysqli->query('INSERT INTO `pratos` (`idPrato`, `descricao`) VALUES (\'1\', \'Sexta-Feira\')', 0)
 2 SYSTEMPATH\Database\BaseConnection.php(692): CodeIgniter\Database\MySQLi\Connection->execute('INSERT INTO `pratos` (`idPrato`, `descricao`) VALUES (\'1\', \'Sexta-Feira\')')
 3 SYSTEMPATH\Database\BaseConnection.php(606): CodeIgniter\Database\BaseConnection->simpleQuery('INSERT INTO `pratos` (`idPrato`, `descricao`) VALUES (\'1\', \'Sexta-Feira\')')
 4 SYSTEMPATH\Database\BaseBuilder.php(2309): CodeIgniter\Database\BaseConnection->query('INSERT INTO `pratos` (`idPrato`, `descricao`) VALUES (:idPrato:, :descricao:)', [...], false)
 5 APPPATH\Models\CardapioMenuModel.php(26): CodeIgniter\Database\BaseBuilder->insert([...])
 6 APPPATH\Controllers\ProcessarMenu.php(31): App\Models\CardapioMenuModel->inserirPrato('2023-10-06', '1', 'Sexta-Feira')
 7 SYSTEMPATH\CodeIgniter.php(932): App\Controllers\ProcessarMenu->processaMenu()
 8 SYSTEMPATH\CodeIgniter.php(497): CodeIgniter\CodeIgniter->runController(Object(App\Controllers\ProcessarMenu))
 9 SYSTEMPATH\CodeIgniter.php(366): CodeIgniter\CodeIgniter->handleRequest(null, Object(Config\Cache), false)
10 FCPATH\index.php(67): CodeIgniter\CodeIgniter->run()
ERROR - 2023-10-05 18:39:16 --> mysqli_sql_exception: Duplicate entry '1' for key 'pratos.PRIMARY' in C:\xampp\htdocs\RestauranteUniversitario\system\Database\MySQLi\Connection.php:295
Stack trace:
#0 C:\xampp\htdocs\RestauranteUniversitario\system\Database\MySQLi\Connection.php(295): mysqli->query('INSERT INTO `pr...', 0)
#1 C:\xampp\htdocs\RestauranteUniversitario\system\Database\BaseConnection.php(692): CodeIgniter\Database\MySQLi\Connection->execute('INSERT INTO `pr...')
#2 C:\xampp\htdocs\RestauranteUniversitario\system\Database\BaseConnection.php(606): CodeIgniter\Database\BaseConnection->simpleQuery('INSERT INTO `pr...')
#3 C:\xampp\htdocs\RestauranteUniversitario\system\Database\BaseBuilder.php(2309): CodeIgniter\Database\BaseConnection->query('INSERT INTO `pr...', Array, false)
#4 C:\xampp\htdocs\RestauranteUniversitario\app\Models\CardapioMenuModel.php(26): CodeIgniter\Database\BaseBuilder->insert(Array)
#5 C:\xampp\htdocs\RestauranteUniversitario\app\Controllers\ProcessarMenu.php(31): App\Models\CardapioMenuModel->inserirPrato('2023-10-06', '1', 'Sexta-Feira')
#6 C:\xampp\htdocs\RestauranteUniversitario\system\CodeIgniter.php(932): App\Controllers\ProcessarMenu->processaMenu()
#7 C:\xampp\htdocs\RestauranteUniversitario\system\CodeIgniter.php(497): CodeIgniter\CodeIgniter->runController(Object(App\Controllers\ProcessarMenu))
#8 C:\xampp\htdocs\RestauranteUniversitario\system\CodeIgniter.php(366): CodeIgniter\CodeIgniter->handleRequest(NULL, Object(Config\Cache), false)
#9 C:\xampp\htdocs\RestauranteUniversitario\public\index.php(67): CodeIgniter\CodeIgniter->run()
#10 {main}
CRITICAL - 2023-10-05 18:39:16 --> Duplicate entry '1' for key 'pratos.PRIMARY'
in SYSTEMPATH\Database\MySQLi\Connection.php on line 295.
 1 SYSTEMPATH\Database\MySQLi\Connection.php(295): mysqli->query('INSERT INTO `pratos` (`idPrato`, `descricao`) VALUES (\'1\', \'Sexta-Feira\')', 0)
 2 SYSTEMPATH\Database\BaseConnection.php(692): CodeIgniter\Database\MySQLi\Connection->execute('INSERT INTO `pratos` (`idPrato`, `descricao`) VALUES (\'1\', \'Sexta-Feira\')')
 3 SYSTEMPATH\Database\BaseConnection.php(606): CodeIgniter\Database\BaseConnection->simpleQuery('INSERT INTO `pratos` (`idPrato`, `descricao`) VALUES (\'1\', \'Sexta-Feira\')')
 4 SYSTEMPATH\Database\BaseBuilder.php(2309): CodeIgniter\Database\BaseConnection->query('INSERT INTO `pratos` (`idPrato`, `descricao`) VALUES (:idPrato:, :descricao:)', [...], false)
 5 APPPATH\Models\CardapioMenuModel.php(26): CodeIgniter\Database\BaseBuilder->insert([...])
 6 APPPATH\Controllers\ProcessarMenu.php(31): App\Models\CardapioMenuModel->inserirPrato('2023-10-06', '1', 'Sexta-Feira')
 7 SYSTEMPATH\CodeIgniter.php(932): App\Controllers\ProcessarMenu->processaMenu()
 8 SYSTEMPATH\CodeIgniter.php(497): CodeIgniter\CodeIgniter->runController(Object(App\Controllers\ProcessarMenu))
 9 SYSTEMPATH\CodeIgniter.php(366): CodeIgniter\CodeIgniter->handleRequest(null, Object(Config\Cache), false)
10 FCPATH\index.php(67): CodeIgniter\CodeIgniter->run()
INFO - 2023-10-05 18:39:17 --> Session: Class initialized using 'CodeIgniter\Session\Handlers\FileHandler' driver.
ERROR - 2023-10-05 18:39:19 --> mysqli_sql_exception: Duplicate entry '1' for key 'pratos.PRIMARY' in C:\xampp\htdocs\RestauranteUniversitario\system\Database\MySQLi\Connection.php:295
Stack trace:
#0 C:\xampp\htdocs\RestauranteUniversitario\system\Database\MySQLi\Connection.php(295): mysqli->query('INSERT INTO `pr...', 0)
#1 C:\xampp\htdocs\RestauranteUniversitario\system\Database\BaseConnection.php(692): CodeIgniter\Database\MySQLi\Connection->execute('INSERT INTO `pr...')
#2 C:\xampp\htdocs\RestauranteUniversitario\system\Database\BaseConnection.php(606): CodeIgniter\Database\BaseConnection->simpleQuery('INSERT INTO `pr...')
#3 C:\xampp\htdocs\RestauranteUniversitario\system\Database\BaseBuilder.php(2309): CodeIgniter\Database\BaseConnection->query('INSERT INTO `pr...', Array, false)
#4 C:\xampp\htdocs\RestauranteUniversitario\app\Models\CardapioMenuModel.php(26): CodeIgniter\Database\BaseBuilder->insert(Array)
#5 C:\xampp\htdocs\RestauranteUniversitario\app\Controllers\ProcessarMenu.php(31): App\Models\CardapioMenuModel->inserirPrato('2023-10-06', '1', 'Sexta-Feira')
#6 C:\xampp\htdocs\RestauranteUniversitario\system\CodeIgniter.php(932): App\Controllers\ProcessarMenu->processaMenu()
#7 C:\xampp\htdocs\RestauranteUniversitario\system\CodeIgniter.php(497): CodeIgniter\CodeIgniter->runController(Object(App\Controllers\ProcessarMenu))
#8 C:\xampp\htdocs\RestauranteUniversitario\system\CodeIgniter.php(366): CodeIgniter\CodeIgniter->handleRequest(NULL, Object(Config\Cache), false)
#9 C:\xampp\htdocs\RestauranteUniversitario\public\index.php(67): CodeIgniter\CodeIgniter->run()
#10 {main}
CRITICAL - 2023-10-05 18:39:19 --> Duplicate entry '1' for key 'pratos.PRIMARY'
in SYSTEMPATH\Database\MySQLi\Connection.php on line 295.
 1 SYSTEMPATH\Database\MySQLi\Connection.php(295): mysqli->query('INSERT INTO `pratos` (`idPrato`, `descricao`) VALUES (\'1\', \'Sexta-Feira\')', 0)
 2 SYSTEMPATH\Database\BaseConnection.php(692): CodeIgniter\Database\MySQLi\Connection->execute('INSERT INTO `pratos` (`idPrato`, `descricao`) VALUES (\'1\', \'Sexta-Feira\')')
 3 SYSTEMPATH\Database\BaseConnection.php(606): CodeIgniter\Database\BaseConnection->simpleQuery('INSERT INTO `pratos` (`idPrato`, `descricao`) VALUES (\'1\', \'Sexta-Feira\')')
 4 SYSTEMPATH\Database\BaseBuilder.php(2309): CodeIgniter\Database\BaseConnection->query('INSERT INTO `pratos` (`idPrato`, `descricao`) VALUES (:idPrato:, :descricao:)', [...], false)
 5 APPPATH\Models\CardapioMenuModel.php(26): CodeIgniter\Database\BaseBuilder->insert([...])
 6 APPPATH\Controllers\ProcessarMenu.php(31): App\Models\CardapioMenuModel->inserirPrato('2023-10-06', '1', 'Sexta-Feira')
 7 SYSTEMPATH\CodeIgniter.php(932): App\Controllers\ProcessarMenu->processaMenu()
 8 SYSTEMPATH\CodeIgniter.php(497): CodeIgniter\CodeIgniter->runController(Object(App\Controllers\ProcessarMenu))
 9 SYSTEMPATH\CodeIgniter.php(366): CodeIgniter\CodeIgniter->handleRequest(null, Object(Config\Cache), false)
10 FCPATH\index.php(67): CodeIgniter\CodeIgniter->run()
INFO - 2023-10-05 18:40:44 --> Session: Class initialized using 'CodeIgniter\Session\Handlers\FileHandler' driver.
INFO - 2023-10-05 18:40:46 --> Session: Class initialized using 'CodeIgniter\Session\Handlers\FileHandler' driver.
INFO - 2023-10-05 18:40:52 --> Session: Class initialized using 'CodeIgniter\Session\Handlers\FileHandler' driver.
INFO - 2023-10-05 18:40:53 --> Session: Class initialized using 'CodeIgniter\Session\Handlers\FileHandler' driver.
INFO - 2023-10-05 18:41:28 --> Session: Class initialized using 'CodeIgniter\Session\Handlers\FileHandler' driver.
INFO - 2023-10-05 18:41:36 --> Session: Class initialized using 'CodeIgniter\Session\Handlers\FileHandler' driver.
INFO - 2023-10-05 18:41:37 --> Session: Class initialized using 'CodeIgniter\Session\Handlers\FileHandler' driver.
INFO - 2023-10-05 18:42:31 --> Session: Class initialized using 'CodeIgniter\Session\Handlers\FileHandler' driver.
INFO - 2023-10-05 18:42:34 --> Session: Class initialized using 'CodeIgniter\Session\Handlers\FileHandler' driver.
INFO - 2023-10-05 18:42:40 --> Session: Class initialized using 'CodeIgniter\Session\Handlers\FileHandler' driver.
INFO - 2023-10-05 18:42:47 --> Session: Class initialized using 'CodeIgniter\Session\Handlers\FileHandler' driver.
INFO - 2023-10-05 18:42:49 --> Session: Class initialized using 'CodeIgniter\Session\Handlers\FileHandler' driver.
INFO - 2023-10-05 18:45:57 --> Session: Class initialized using 'CodeIgniter\Session\Handlers\FileHandler' driver.
INFO - 2023-10-05 18:46:01 --> Session: Class initialized using 'CodeIgniter\Session\Handlers\FileHandler' driver.
INFO - 2023-10-05 18:46:02 --> Session: Class initialized using 'CodeIgniter\Session\Handlers\FileHandler' driver.
INFO - 2023-10-05 18:47:27 --> Session: Class initialized using 'CodeIgniter\Session\Handlers\FileHandler' driver.
INFO - 2023-10-05 18:48:45 --> Session: Class initialized using 'CodeIgniter\Session\Handlers\FileHandler' driver.
INFO - 2023-10-05 18:48:52 --> Session: Class initialized using 'CodeIgniter\Session\Handlers\FileHandler' driver.
INFO - 2023-10-05 18:48:53 --> Session: Class initialized using 'CodeIgniter\Session\Handlers\FileHandler' driver.
INFO - 2023-10-05 18:52:49 --> Session: Class initialized using 'CodeIgniter\Session\Handlers\FileHandler' driver.
INFO - 2023-10-05 18:53:00 --> Session: Class initialized using 'CodeIgniter\Session\Handlers\FileHandler' driver.
INFO - 2023-10-05 18:54:20 --> Session: Class initialized using 'CodeIgniter\Session\Handlers\FileHandler' driver.
INFO - 2023-10-05 19:00:30 --> Session: Class initialized using 'CodeIgniter\Session\Handlers\FileHandler' driver.
INFO - 2023-10-05 19:00:40 --> Session: Class initialized using 'CodeIgniter\Session\Handlers\FileHandler' driver.
INFO - 2023-10-05 19:00:42 --> Session: Class initialized using 'CodeIgniter\Session\Handlers\FileHandler' driver.
INFO - 2023-10-05 19:01:04 --> Session: Class initialized using 'CodeIgniter\Session\Handlers\FileHandler' driver.
INFO - 2023-10-05 19:01:10 --> Session: Class initialized using 'CodeIgniter\Session\Handlers\FileHandler' driver.
INFO - 2023-10-05 19:01:13 --> Session: Class initialized using 'CodeIgniter\Session\Handlers\FileHandler' driver.
INFO - 2023-10-05 19:01:14 --> Session: Class initialized using 'CodeIgniter\Session\Handlers\FileHandler' driver.
INFO - 2023-10-05 19:03:21 --> Session: Class initialized using 'CodeIgniter\Session\Handlers\FileHandler' driver.
INFO - 2023-10-05 19:05:40 --> Session: Class initialized using 'CodeIgniter\Session\Handlers\FileHandler' driver.
INFO - 2023-10-05 19:06:22 --> Session: Class initialized using 'CodeIgniter\Session\Handlers\FileHandler' driver.
INFO - 2023-10-05 19:06:25 --> Session: Class initialized using 'CodeIgniter\Session\Handlers\FileHandler' driver.
INFO - 2023-10-05 19:06:26 --> Session: Class initialized using 'CodeIgniter\Session\Handlers\FileHandler' driver.
INFO - 2023-10-05 19:06:28 --> Session: Class initialized using 'CodeIgniter\Session\Handlers\FileHandler' driver.
INFO - 2023-10-05 19:06:29 --> Session: Class initialized using 'CodeIgniter\Session\Handlers\FileHandler' driver.
INFO - 2023-10-05 19:06:31 --> Session: Class initialized using 'CodeIgniter\Session\Handlers\FileHandler' driver.
INFO - 2023-10-05 19:06:34 --> Session: Class initialized using 'CodeIgniter\Session\Handlers\FileHandler' driver.
INFO - 2023-10-05 19:06:35 --> Session: Class initialized using 'CodeIgniter\Session\Handlers\FileHandler' driver.
INFO - 2023-10-05 19:06:36 --> Session: Class initialized using 'CodeIgniter\Session\Handlers\FileHandler' driver.
INFO - 2023-10-05 19:06:37 --> Session: Class initialized using 'CodeIgniter\Session\Handlers\FileHandler' driver.
INFO - 2023-10-05 19:06:38 --> Session: Class initialized using 'CodeIgniter\Session\Handlers\FileHandler' driver.
INFO - 2023-10-05 19:06:40 --> Session: Class initialized using 'CodeIgniter\Session\Handlers\FileHandler' driver.
INFO - 2023-10-05 19:07:42 --> Session: Class initialized using 'CodeIgniter\Session\Handlers\FileHandler' driver.
INFO - 2023-10-05 19:09:21 --> Session: Class initialized using 'CodeIgniter\Session\Handlers\FileHandler' driver.
INFO - 2023-10-05 19:09:24 --> Session: Class initialized using 'CodeIgniter\Session\Handlers\FileHandler' driver.
INFO - 2023-10-05 19:09:31 --> Session: Class initialized using 'CodeIgniter\Session\Handlers\FileHandler' driver.
INFO - 2023-10-05 19:09:40 --> Session: Class initialized using 'CodeIgniter\Session\Handlers\FileHandler' driver.
INFO - 2023-10-05 19:10:09 --> Session: Class initialized using 'CodeIgniter\Session\Handlers\FileHandler' driver.
INFO - 2023-10-05 19:10:18 --> Session: Class initialized using 'CodeIgniter\Session\Handlers\FileHandler' driver.
INFO - 2023-10-05 19:10:18 --> Session: Class initialized using 'CodeIgniter\Session\Handlers\FileHandler' driver.
