CRITICAL - 2023-09-04 22:15:58 --> Session: Configured save path "/opt/lampp/htdocs/RestauranteUniversitario/writable/session" is not writable by the PHP process.
in SYSTEMPATH/Session/Handlers/FileHandler.php on line 101.
 1 SYSTEMPATH/Session/Handlers/FileHandler.php(101): CodeIgniter\Session\Exceptions\SessionException::forWriteProtectedSavePath('/opt/lampp/htdocs/RestauranteUniversitario/writable/session')
 2 [internal function]: CodeIgniter\Session\Handlers\FileHandler->open('/opt/lampp/htdocs/RestauranteUniversitario/writable/session', 'ci_session')
 3 SYSTEMPATH/Session/Session.php(920): session_start()
 4 SYSTEMPATH/Session/Session.php(250): CodeIgniter\Session\Session->startSession()
 5 SYSTEMPATH/Config/Services.php(678): CodeIgniter\Session\Session->start()
 6 SYSTEMPATH/Config/BaseService.php(252): CodeIgniter\Config\Services::session(Object(Config\App), false)
 7 SYSTEMPATH/Config/BaseService.php(193): CodeIgniter\Config\BaseService::__callStatic('session', [...])
 8 SYSTEMPATH/Config/Services.php(645): CodeIgniter\Config\BaseService::getSharedInstance('session', null)
 9 SYSTEMPATH/Config/BaseService.php(252): CodeIgniter\Config\Services::session()
10 SYSTEMPATH/Common.php(984): CodeIgniter\Config\BaseService::__callStatic('session', [])
11 APPPATH/Views/login/signup.php(1): session()
12 SYSTEMPATH/View/View.php(224): include('/opt/lampp/htdocs/RestauranteUniversitario/app/Views/login/signup.php')
13 SYSTEMPATH/View/View.php(227): CodeIgniter\View\View->CodeIgniter\View\{closure}()
14 SYSTEMPATH/Common.php(1176): CodeIgniter\View\View->render('login/signup', [], true)
15 APPPATH/Controllers/Login.php(16): view('login/signup')
16 SYSTEMPATH/CodeIgniter.php(932): App\Controllers\Login->register()
17 SYSTEMPATH/CodeIgniter.php(497): CodeIgniter\CodeIgniter->runController(Object(App\Controllers\Login))
18 SYSTEMPATH/CodeIgniter.php(366): CodeIgniter\CodeIgniter->handleRequest(null, Object(Config\Cache), false)
19 FCPATH/index.php(67): CodeIgniter\CodeIgniter->run()
CRITICAL - 2023-09-04 22:18:53 --> Session: Configured save path "/opt/lampp/htdocs/RestauranteUniversitario/writable/session" is not writable by the PHP process.
in SYSTEMPATH/Session/Handlers/FileHandler.php on line 101.
 1 SYSTEMPATH/Session/Handlers/FileHandler.php(101): CodeIgniter\Session\Exceptions\SessionException::forWriteProtectedSavePath('/opt/lampp/htdocs/RestauranteUniversitario/writable/session')
 2 [internal function]: CodeIgniter\Session\Handlers\FileHandler->open('/opt/lampp/htdocs/RestauranteUniversitario/writable/session', 'ci_session')
 3 SYSTEMPATH/Session/Session.php(920): session_start()
 4 SYSTEMPATH/Session/Session.php(250): CodeIgniter\Session\Session->startSession()
 5 SYSTEMPATH/Config/Services.php(678): CodeIgniter\Session\Session->start()
 6 SYSTEMPATH/Config/BaseService.php(252): CodeIgniter\Config\Services::session(Object(Config\App), false)
 7 SYSTEMPATH/Config/BaseService.php(193): CodeIgniter\Config\BaseService::__callStatic('session', [...])
 8 SYSTEMPATH/Config/Services.php(645): CodeIgniter\Config\BaseService::getSharedInstance('session', null)
 9 SYSTEMPATH/Config/BaseService.php(252): CodeIgniter\Config\Services::session()
10 SYSTEMPATH/Common.php(984): CodeIgniter\Config\BaseService::__callStatic('session', [])
11 APPPATH/Views/login/signup.php(1): session()
12 SYSTEMPATH/View/View.php(224): include('/opt/lampp/htdocs/RestauranteUniversitario/app/Views/login/signup.php')
13 SYSTEMPATH/View/View.php(227): CodeIgniter\View\View->CodeIgniter\View\{closure}()
14 SYSTEMPATH/Common.php(1176): CodeIgniter\View\View->render('login/signup', [], true)
15 APPPATH/Controllers/Login.php(16): view('login/signup')
16 SYSTEMPATH/CodeIgniter.php(932): App\Controllers\Login->register()
17 SYSTEMPATH/CodeIgniter.php(497): CodeIgniter\CodeIgniter->runController(Object(App\Controllers\Login))
18 SYSTEMPATH/CodeIgniter.php(366): CodeIgniter\CodeIgniter->handleRequest(null, Object(Config\Cache), false)
19 FCPATH/index.php(67): CodeIgniter\CodeIgniter->run()
CRITICAL - 2023-09-04 22:23:10 --> Cache unable to write to "/opt/lampp/htdocs/RestauranteUniversitario/writable/cache/".
in SYSTEMPATH/Cache/Handlers/FileHandler.php on line 64.
 1 SYSTEMPATH/Cache/Handlers/FileHandler.php(64): CodeIgniter\Cache\Exceptions\CacheException::forUnableToWrite('/opt/lampp/htdocs/RestauranteUniversitario/writable/cache/')
 2 SYSTEMPATH/Cache/CacheFactory.php(60): CodeIgniter\Cache\Handlers\FileHandler->__construct(Object(Config\Cache))
 3 SYSTEMPATH/Config/Services.php(119): CodeIgniter\Cache\CacheFactory::getHandler(Object(Config\Cache))
 4 SYSTEMPATH/Config/BaseService.php(252): CodeIgniter\Config\Services::cache(Object(Config\Cache), false)
 5 SYSTEMPATH/Config/BaseService.php(193): CodeIgniter\Config\BaseService::__callStatic('cache', [...])
 6 SYSTEMPATH/Config/Services.php(114): CodeIgniter\Config\BaseService::getSharedInstance('cache', null)
 7 SYSTEMPATH/Config/BaseService.php(252): CodeIgniter\Config\Services::cache()
 8 SYSTEMPATH/Common.php(73): CodeIgniter\Config\BaseService::__callStatic('cache', [])
 9 SYSTEMPATH/CodeIgniter.php(694): cache()
10 SYSTEMPATH/CodeIgniter.php(353): CodeIgniter\CodeIgniter->displayCache(Object(Config\Cache))
11 FCPATH/index.php(67): CodeIgniter\CodeIgniter->run()
CRITICAL - 2023-09-04 22:23:11 --> Cache unable to write to "/opt/lampp/htdocs/RestauranteUniversitario/writable/cache/".
in SYSTEMPATH/Cache/Handlers/FileHandler.php on line 64.
 1 SYSTEMPATH/Cache/Handlers/FileHandler.php(64): CodeIgniter\Cache\Exceptions\CacheException::forUnableToWrite('/opt/lampp/htdocs/RestauranteUniversitario/writable/cache/')
 2 SYSTEMPATH/Cache/CacheFactory.php(60): CodeIgniter\Cache\Handlers\FileHandler->__construct(Object(Config\Cache))
 3 SYSTEMPATH/Config/Services.php(119): CodeIgniter\Cache\CacheFactory::getHandler(Object(Config\Cache))
 4 SYSTEMPATH/Config/BaseService.php(252): CodeIgniter\Config\Services::cache(Object(Config\Cache), false)
 5 SYSTEMPATH/Config/BaseService.php(193): CodeIgniter\Config\BaseService::__callStatic('cache', [...])
 6 SYSTEMPATH/Config/Services.php(114): CodeIgniter\Config\BaseService::getSharedInstance('cache', null)
 7 SYSTEMPATH/Config/BaseService.php(252): CodeIgniter\Config\Services::cache()
 8 SYSTEMPATH/Common.php(73): CodeIgniter\Config\BaseService::__callStatic('cache', [])
 9 SYSTEMPATH/CodeIgniter.php(694): cache()
10 SYSTEMPATH/CodeIgniter.php(353): CodeIgniter\CodeIgniter->displayCache(Object(Config\Cache))
11 FCPATH/index.php(67): CodeIgniter\CodeIgniter->run()
INFO - 2023-09-04 22:23:44 --> Session: Class initialized using 'CodeIgniter\Session\Handlers\FileHandler' driver.
INFO - 2023-09-04 22:23:46 --> Session: Class initialized using 'CodeIgniter\Session\Handlers\FileHandler' driver.
INFO - 2023-09-04 22:23:46 --> Session: Class initialized using 'CodeIgniter\Session\Handlers\FileHandler' driver.
INFO - 2023-09-04 22:23:50 --> Session: Class initialized using 'CodeIgniter\Session\Handlers\FileHandler' driver.
INFO - 2023-09-04 22:24:12 --> Session: Class initialized using 'CodeIgniter\Session\Handlers\FileHandler' driver.
INFO - 2023-09-04 22:26:01 --> Session: Class initialized using 'CodeIgniter\Session\Handlers\FileHandler' driver.
INFO - 2023-09-04 22:26:18 --> Session: Class initialized using 'CodeIgniter\Session\Handlers\FileHandler' driver.
INFO - 2023-09-04 22:26:19 --> Session: Class initialized using 'CodeIgniter\Session\Handlers\FileHandler' driver.
INFO - 2023-09-04 22:26:20 --> Session: Class initialized using 'CodeIgniter\Session\Handlers\FileHandler' driver.
INFO - 2023-09-04 22:26:22 --> Session: Class initialized using 'CodeIgniter\Session\Handlers\FileHandler' driver.
INFO - 2023-09-04 22:26:23 --> Session: Class initialized using 'CodeIgniter\Session\Handlers\FileHandler' driver.
INFO - 2023-09-04 22:26:23 --> Session: Class initialized using 'CodeIgniter\Session\Handlers\FileHandler' driver.
INFO - 2023-09-04 22:34:13 --> Session: Class initialized using 'CodeIgniter\Session\Handlers\FileHandler' driver.
INFO - 2023-09-04 22:36:30 --> Session: Class initialized using 'CodeIgniter\Session\Handlers\FileHandler' driver.
INFO - 2023-09-04 22:36:43 --> Session: Class initialized using 'CodeIgniter\Session\Handlers\FileHandler' driver.
INFO - 2023-09-04 22:36:50 --> Session: Class initialized using 'CodeIgniter\Session\Handlers\FileHandler' driver.
INFO - 2023-09-04 22:39:51 --> Session: Class initialized using 'CodeIgniter\Session\Handlers\FileHandler' driver.
