INFO - 2023-11-10 13:13:42 --> Session: Class initialized using 'CodeIgniter\Session\Handlers\FileHandler' driver.
INFO - 2023-11-10 13:13:50 --> Session: Class initialized using 'CodeIgniter\Session\Handlers\FileHandler' driver.
INFO - 2023-11-10 13:13:51 --> Session: Class initialized using 'CodeIgniter\Session\Handlers\FileHandler' driver.
INFO - 2023-11-10 13:13:51 --> Session: Class initialized using 'CodeIgniter\Session\Handlers\FileHandler' driver.
INFO - 2023-11-10 13:13:52 --> Session: Class initialized using 'CodeIgniter\Session\Handlers\FileHandler' driver.
INFO - 2023-11-10 13:13:52 --> Session: Class initialized using 'CodeIgniter\Session\Handlers\FileHandler' driver.
INFO - 2023-11-10 13:13:52 --> Session: Class initialized using 'CodeIgniter\Session\Handlers\FileHandler' driver.
INFO - 2023-11-10 13:15:36 --> Session: Class initialized using 'CodeIgniter\Session\Handlers\FileHandler' driver.
INFO - 2023-11-10 13:16:26 --> Session: Class initialized using 'CodeIgniter\Session\Handlers\FileHandler' driver.
INFO - 2023-11-10 13:16:38 --> Session: Class initialized using 'CodeIgniter\Session\Handlers\FileHandler' driver.
INFO - 2023-11-10 13:16:40 --> Session: Class initialized using 'CodeIgniter\Session\Handlers\FileHandler' driver.
INFO - 2023-11-10 13:16:46 --> Session: Class initialized using 'CodeIgniter\Session\Handlers\FileHandler' driver.
INFO - 2023-11-10 13:16:47 --> Session: Class initialized using 'CodeIgniter\Session\Handlers\FileHandler' driver.
INFO - 2023-11-10 13:16:52 --> Session: Class initialized using 'CodeIgniter\Session\Handlers\FileHandler' driver.
INFO - 2023-11-10 13:17:16 --> Session: Class initialized using 'CodeIgniter\Session\Handlers\FileHandler' driver.
INFO - 2023-11-10 13:17:16 --> Session: Class initialized using 'CodeIgniter\Session\Handlers\FileHandler' driver.
INFO - 2023-11-10 13:17:18 --> Session: Class initialized using 'CodeIgniter\Session\Handlers\FileHandler' driver.
INFO - 2023-11-10 13:18:47 --> Session: Class initialized using 'CodeIgniter\Session\Handlers\FileHandler' driver.
INFO - 2023-11-10 13:18:50 --> Session: Class initialized using 'CodeIgniter\Session\Handlers\FileHandler' driver.
INFO - 2023-11-10 13:19:10 --> Session: Class initialized using 'CodeIgniter\Session\Handlers\FileHandler' driver.
INFO - 2023-11-10 13:19:10 --> Session: Class initialized using 'CodeIgniter\Session\Handlers\FileHandler' driver.
INFO - 2023-11-10 13:19:11 --> Session: Class initialized using 'CodeIgniter\Session\Handlers\FileHandler' driver.
INFO - 2023-11-10 13:20:36 --> Session: Class initialized using 'CodeIgniter\Session\Handlers\FileHandler' driver.
INFO - 2023-11-10 13:34:26 --> Session: Class initialized using 'CodeIgniter\Session\Handlers\FileHandler' driver.
INFO - 2023-11-10 13:34:32 --> Session: Class initialized using 'CodeIgniter\Session\Handlers\FileHandler' driver.
INFO - 2023-11-10 13:34:33 --> Session: Class initialized using 'CodeIgniter\Session\Handlers\FileHandler' driver.
INFO - 2023-11-10 13:35:45 --> Session: Class initialized using 'CodeIgniter\Session\Handlers\FileHandler' driver.
CRITICAL - 2023-11-10 13:35:45 --> Undefined variable $users
in APPPATH/Views/adm/users.php on line 3.
 1 APPPATH/Views/adm/users.php(3): CodeIgniter\Debug\Exceptions->errorHandler(2, 'Undefined variable $users', '/opt/lampp/htdocs/RestauranteUniversitario/app/Views/adm/users.php', 3)
 2 SYSTEMPATH/View/View.php(224): include('/opt/lampp/htdocs/RestauranteUniversitario/app/Views/adm/users.php')
 3 SYSTEMPATH/View/View.php(227): CodeIgniter\View\View->CodeIgniter\View\{closure}()
 4 SYSTEMPATH/Common.php(1176): CodeIgniter\View\View->render('adm/users', [], true)
 5 APPPATH/Controllers/Users.php(21): view('adm/users')
 6 SYSTEMPATH/CodeIgniter.php(932): App\Controllers\Users->index()
 7 SYSTEMPATH/CodeIgniter.php(497): CodeIgniter\CodeIgniter->runController(Object(App\Controllers\Users))
 8 SYSTEMPATH/CodeIgniter.php(366): CodeIgniter\CodeIgniter->handleRequest(null, Object(Config\Cache), false)
 9 FCPATH/index.php(67): CodeIgniter\CodeIgniter->run()
INFO - 2023-11-10 13:35:52 --> Session: Class initialized using 'CodeIgniter\Session\Handlers\FileHandler' driver.
CRITICAL - 2023-11-10 13:35:52 --> Undefined variable $user
in APPPATH/Views/adm/users.php on line 3.
 1 APPPATH/Views/adm/users.php(3): CodeIgniter\Debug\Exceptions->errorHandler(2, 'Undefined variable $user', '/opt/lampp/htdocs/RestauranteUniversitario/app/Views/adm/users.php', 3)
 2 SYSTEMPATH/View/View.php(224): include('/opt/lampp/htdocs/RestauranteUniversitario/app/Views/adm/users.php')
 3 SYSTEMPATH/View/View.php(227): CodeIgniter\View\View->CodeIgniter\View\{closure}()
 4 SYSTEMPATH/Common.php(1176): CodeIgniter\View\View->render('adm/users', [], true)
 5 APPPATH/Controllers/Users.php(21): view('adm/users')
 6 SYSTEMPATH/CodeIgniter.php(932): App\Controllers\Users->index()
 7 SYSTEMPATH/CodeIgniter.php(497): CodeIgniter\CodeIgniter->runController(Object(App\Controllers\Users))
 8 SYSTEMPATH/CodeIgniter.php(366): CodeIgniter\CodeIgniter->handleRequest(null, Object(Config\Cache), false)
 9 FCPATH/index.php(67): CodeIgniter\CodeIgniter->run()
INFO - 2023-11-10 13:35:55 --> Session: Class initialized using 'CodeIgniter\Session\Handlers\FileHandler' driver.
CRITICAL - 2023-11-10 13:35:55 --> Undefined variable $user
in APPPATH/Views/adm/users.php on line 3.
 1 APPPATH/Views/adm/users.php(3): CodeIgniter\Debug\Exceptions->errorHandler(2, 'Undefined variable $user', '/opt/lampp/htdocs/RestauranteUniversitario/app/Views/adm/users.php', 3)
 2 SYSTEMPATH/View/View.php(224): include('/opt/lampp/htdocs/RestauranteUniversitario/app/Views/adm/users.php')
 3 SYSTEMPATH/View/View.php(227): CodeIgniter\View\View->CodeIgniter\View\{closure}()
 4 SYSTEMPATH/Common.php(1176): CodeIgniter\View\View->render('adm/users', [], true)
 5 APPPATH/Controllers/Users.php(21): view('adm/users')
 6 SYSTEMPATH/CodeIgniter.php(932): App\Controllers\Users->index()
 7 SYSTEMPATH/CodeIgniter.php(497): CodeIgniter\CodeIgniter->runController(Object(App\Controllers\Users))
 8 SYSTEMPATH/CodeIgniter.php(366): CodeIgniter\CodeIgniter->handleRequest(null, Object(Config\Cache), false)
 9 FCPATH/index.php(67): CodeIgniter\CodeIgniter->run()
INFO - 2023-11-10 13:35:55 --> Session: Class initialized using 'CodeIgniter\Session\Handlers\FileHandler' driver.
CRITICAL - 2023-11-10 13:35:55 --> Undefined variable $user
in APPPATH/Views/adm/users.php on line 3.
 1 APPPATH/Views/adm/users.php(3): CodeIgniter\Debug\Exceptions->errorHandler(2, 'Undefined variable $user', '/opt/lampp/htdocs/RestauranteUniversitario/app/Views/adm/users.php', 3)
 2 SYSTEMPATH/View/View.php(224): include('/opt/lampp/htdocs/RestauranteUniversitario/app/Views/adm/users.php')
 3 SYSTEMPATH/View/View.php(227): CodeIgniter\View\View->CodeIgniter\View\{closure}()
 4 SYSTEMPATH/Common.php(1176): CodeIgniter\View\View->render('adm/users', [], true)
 5 APPPATH/Controllers/Users.php(21): view('adm/users')
 6 SYSTEMPATH/CodeIgniter.php(932): App\Controllers\Users->index()
 7 SYSTEMPATH/CodeIgniter.php(497): CodeIgniter\CodeIgniter->runController(Object(App\Controllers\Users))
 8 SYSTEMPATH/CodeIgniter.php(366): CodeIgniter\CodeIgniter->handleRequest(null, Object(Config\Cache), false)
 9 FCPATH/index.php(67): CodeIgniter\CodeIgniter->run()
INFO - 2023-11-10 13:35:55 --> Session: Class initialized using 'CodeIgniter\Session\Handlers\FileHandler' driver.
CRITICAL - 2023-11-10 13:35:55 --> Undefined variable $user
in APPPATH/Views/adm/users.php on line 3.
 1 APPPATH/Views/adm/users.php(3): CodeIgniter\Debug\Exceptions->errorHandler(2, 'Undefined variable $user', '/opt/lampp/htdocs/RestauranteUniversitario/app/Views/adm/users.php', 3)
 2 SYSTEMPATH/View/View.php(224): include('/opt/lampp/htdocs/RestauranteUniversitario/app/Views/adm/users.php')
 3 SYSTEMPATH/View/View.php(227): CodeIgniter\View\View->CodeIgniter\View\{closure}()
 4 SYSTEMPATH/Common.php(1176): CodeIgniter\View\View->render('adm/users', [], true)
 5 APPPATH/Controllers/Users.php(21): view('adm/users')
 6 SYSTEMPATH/CodeIgniter.php(932): App\Controllers\Users->index()
 7 SYSTEMPATH/CodeIgniter.php(497): CodeIgniter\CodeIgniter->runController(Object(App\Controllers\Users))
 8 SYSTEMPATH/CodeIgniter.php(366): CodeIgniter\CodeIgniter->handleRequest(null, Object(Config\Cache), false)
 9 FCPATH/index.php(67): CodeIgniter\CodeIgniter->run()
INFO - 2023-11-10 13:36:43 --> Session: Class initialized using 'CodeIgniter\Session\Handlers\FileHandler' driver.
CRITICAL - 2023-11-10 13:36:43 --> Undefined variable $user
in APPPATH/Views/adm/users.php on line 3.
 1 APPPATH/Views/adm/users.php(3): CodeIgniter\Debug\Exceptions->errorHandler(2, 'Undefined variable $user', '/opt/lampp/htdocs/RestauranteUniversitario/app/Views/adm/users.php', 3)
 2 SYSTEMPATH/View/View.php(224): include('/opt/lampp/htdocs/RestauranteUniversitario/app/Views/adm/users.php')
 3 SYSTEMPATH/View/View.php(227): CodeIgniter\View\View->CodeIgniter\View\{closure}()
 4 SYSTEMPATH/Common.php(1176): CodeIgniter\View\View->render('adm/users', [], true)
 5 APPPATH/Controllers/Users.php(21): view('adm/users', [...])
 6 SYSTEMPATH/CodeIgniter.php(932): App\Controllers\Users->index()
 7 SYSTEMPATH/CodeIgniter.php(497): CodeIgniter\CodeIgniter->runController(Object(App\Controllers\Users))
 8 SYSTEMPATH/CodeIgniter.php(366): CodeIgniter\CodeIgniter->handleRequest(null, Object(Config\Cache), false)
 9 FCPATH/index.php(67): CodeIgniter\CodeIgniter->run()
INFO - 2023-11-10 13:36:50 --> Session: Class initialized using 'CodeIgniter\Session\Handlers\FileHandler' driver.
INFO - 2023-11-10 13:37:03 --> Session: Class initialized using 'CodeIgniter\Session\Handlers\FileHandler' driver.
CRITICAL - 2023-11-10 13:37:03 --> syntax error, unexpected token "<", expecting end of file
in APPPATH/Views/adm/users.php on line 7.
 1 SYSTEMPATH/View/View.php(227): CodeIgniter\View\View->CodeIgniter\View\{closure}()
 2 SYSTEMPATH/Common.php(1176): CodeIgniter\View\View->render('adm/users', [], true)
 3 APPPATH/Controllers/Users.php(21): view('adm/users', [...])
 4 SYSTEMPATH/CodeIgniter.php(932): App\Controllers\Users->index()
 5 SYSTEMPATH/CodeIgniter.php(497): CodeIgniter\CodeIgniter->runController(Object(App\Controllers\Users))
 6 SYSTEMPATH/CodeIgniter.php(366): CodeIgniter\CodeIgniter->handleRequest(null, Object(Config\Cache), false)
 7 FCPATH/index.php(67): CodeIgniter\CodeIgniter->run()
INFO - 2023-11-10 13:37:14 --> Session: Class initialized using 'CodeIgniter\Session\Handlers\FileHandler' driver.
